[0.731s] Invoking command in '/home/mtaruno@netid.washington.edu/516-robotics/final/turtle': PYTHONPATH=/home/mtaruno@netid.washington.edu/516-robotics/final/turtle/build/turtle/prefix_override:/usr/lib/python3/dist-packages/colcon_core/task/python/colcon_distutils_commands:/home/mtaruno@netid.washington.edu/516-robotics/final/turtle/install/turtle/lib/python3.10/site-packages:${PYTHONPATH} /usr/bin/python3 -W ignore:setup.py install is deprecated -W ignore:easy_install command is deprecated setup.py egg_info --egg-base build/turtle build --build-base /home/mtaruno@netid.washington.edu/516-robotics/final/turtle/build/turtle/build install --record /home/mtaruno@netid.washington.edu/516-robotics/final/turtle/build/turtle/install.log --single-version-externally-managed install_data
[0.990s] running egg_info
[0.990s] writing build/turtle/turtle.egg-info/PKG-INFO
[0.990s] writing dependency_links to build/turtle/turtle.egg-info/dependency_links.txt
[0.990s] writing entry points to build/turtle/turtle.egg-info/entry_points.txt
[0.991s] writing requirements to build/turtle/turtle.egg-info/requires.txt
[0.991s] writing top-level names to build/turtle/turtle.egg-info/top_level.txt
[0.992s] reading manifest file 'build/turtle/turtle.egg-info/SOURCES.txt'
[0.993s] writing manifest file 'build/turtle/turtle.egg-info/SOURCES.txt'
[0.993s] running build
[0.993s] running build_py
[0.993s] running install
[0.993s] running install_lib
[0.995s] running install_data
[0.995s] running install_egg_info
[0.996s] removing '/home/mtaruno@netid.washington.edu/516-robotics/final/turtle/install/turtle/lib/python3.10/site-packages/turtle-0.0.0-py3.10.egg-info' (and everything under it)
[0.997s] Copying build/turtle/turtle.egg-info to /home/mtaruno@netid.washington.edu/516-robotics/final/turtle/install/turtle/lib/python3.10/site-packages/turtle-0.0.0-py3.10.egg-info
[0.997s] running install_scripts
[1.018s] Installing basket script to /home/mtaruno@netid.washington.edu/516-robotics/final/turtle/install/turtle/lib/turtle
[1.018s] writing list of installed files to '/home/mtaruno@netid.washington.edu/516-robotics/final/turtle/build/turtle/install.log'
[1.042s] Invoked command in '/home/mtaruno@netid.washington.edu/516-robotics/final/turtle' returned '0': PYTHONPATH=/home/mtaruno@netid.washington.edu/516-robotics/final/turtle/build/turtle/prefix_override:/usr/lib/python3/dist-packages/colcon_core/task/python/colcon_distutils_commands:/home/mtaruno@netid.washington.edu/516-robotics/final/turtle/install/turtle/lib/python3.10/site-packages:${PYTHONPATH} /usr/bin/python3 -W ignore:setup.py install is deprecated -W ignore:easy_install command is deprecated setup.py egg_info --egg-base build/turtle build --build-base /home/mtaruno@netid.washington.edu/516-robotics/final/turtle/build/turtle/build install --record /home/mtaruno@netid.washington.edu/516-robotics/final/turtle/build/turtle/install.log --single-version-externally-managed install_data
