[1.469s] Invoking command in '/home/mtaruno@netid.washington.edu/TECHIN516/lab7/src/lab_quaternion': PYTHONPATH=/home/mtaruno@netid.washington.edu/TECHIN516/lab7/src/lab_quaternion/build/lab_quaternion/prefix_override:/home/mtaruno@netid.washington.edu/TECHIN516/lab7/src/lab_quaternion/install/lab_quaternion/lib/python3.10/site-packages:${PYTHONPATH} /usr/bin/python3 -W ignore:setup.py install is deprecated setup.py egg_info --egg-base build/lab_quaternion build --build-base /home/mtaruno@netid.washington.edu/TECHIN516/lab7/src/lab_quaternion/build/lab_quaternion/build install --record /home/mtaruno@netid.washington.edu/TECHIN516/lab7/src/lab_quaternion/build/lab_quaternion/install.log --single-version-externally-managed
[2.170s] running egg_info
[2.172s] writing build/lab_quaternion/lab_quaternion.egg-info/PKG-INFO
[2.173s] writing dependency_links to build/lab_quaternion/lab_quaternion.egg-info/dependency_links.txt
[2.174s] writing entry points to build/lab_quaternion/lab_quaternion.egg-info/entry_points.txt
[2.174s] writing requirements to build/lab_quaternion/lab_quaternion.egg-info/requires.txt
[2.174s] writing top-level names to build/lab_quaternion/lab_quaternion.egg-info/top_level.txt
[2.178s] reading manifest file 'build/lab_quaternion/lab_quaternion.egg-info/SOURCES.txt'
[2.180s] writing manifest file 'build/lab_quaternion/lab_quaternion.egg-info/SOURCES.txt'
[2.180s] running build
[2.181s] running build_py
[2.181s] copying lab_quaternion/trajectory_from_csv.py -> /home/mtaruno@netid.washington.edu/TECHIN516/lab7/src/lab_quaternion/build/lab_quaternion/build/lib/lab_quaternion
[2.181s] running install
[2.182s] running install_lib
[2.183s] copying /home/mtaruno@netid.washington.edu/TECHIN516/lab7/src/lab_quaternion/build/lab_quaternion/build/lib/lab_quaternion/trajectory_from_csv.py -> /home/mtaruno@netid.washington.edu/TECHIN516/lab7/src/lab_quaternion/install/lab_quaternion/lib/python3.10/site-packages/lab_quaternion
[2.185s] byte-compiling /home/mtaruno@netid.washington.edu/TECHIN516/lab7/src/lab_quaternion/install/lab_quaternion/lib/python3.10/site-packages/lab_quaternion/trajectory_from_csv.py to trajectory_from_csv.cpython-310.pyc
[2.186s] running install_egg_info
[2.190s] removing '/home/mtaruno@netid.washington.edu/TECHIN516/lab7/src/lab_quaternion/install/lab_quaternion/lib/python3.10/site-packages/lab_quaternion-0.0.1-py3.10.egg-info' (and everything under it)
[2.191s] Copying build/lab_quaternion/lab_quaternion.egg-info to /home/mtaruno@netid.washington.edu/TECHIN516/lab7/src/lab_quaternion/install/lab_quaternion/lib/python3.10/site-packages/lab_quaternion-0.0.1-py3.10.egg-info
[2.193s] running install_scripts
[2.245s] Installing gen3lite_pymoveit2 script to /home/mtaruno@netid.washington.edu/TECHIN516/lab7/src/lab_quaternion/install/lab_quaternion/lib/lab_quaternion
[2.245s] Installing trajectory_from_csv script to /home/mtaruno@netid.washington.edu/TECHIN516/lab7/src/lab_quaternion/install/lab_quaternion/lib/lab_quaternion
[2.246s] writing list of installed files to '/home/mtaruno@netid.washington.edu/TECHIN516/lab7/src/lab_quaternion/build/lab_quaternion/install.log'
[2.299s] Invoked command in '/home/mtaruno@netid.washington.edu/TECHIN516/lab7/src/lab_quaternion' returned '0': PYTHONPATH=/home/mtaruno@netid.washington.edu/TECHIN516/lab7/src/lab_quaternion/build/lab_quaternion/prefix_override:/home/mtaruno@netid.washington.edu/TECHIN516/lab7/src/lab_quaternion/install/lab_quaternion/lib/python3.10/site-packages:${PYTHONPATH} /usr/bin/python3 -W ignore:setup.py install is deprecated setup.py egg_info --egg-base build/lab_quaternion build --build-base /home/mtaruno@netid.washington.edu/TECHIN516/lab7/src/lab_quaternion/build/lab_quaternion/build install --record /home/mtaruno@netid.washington.edu/TECHIN516/lab7/src/lab_quaternion/build/lab_quaternion/install.log --single-version-externally-managed
