[4.277s] Invoking command in '/home/mtaruno@netid.washington.edu/TECHIN516/lab7/src/lab_quaternion': PYTHONPATH=/home/mtaruno@netid.washington.edu/TECHIN516/lab7/src/lab_quaternion/build/lab_quaternion/prefix_override:/home/mtaruno@netid.washington.edu/TECHIN516/lab7/src/lab_quaternion/install/lab_quaternion/lib/python3.10/site-packages:${PYTHONPATH} /usr/bin/python3 -W ignore:setup.py install is deprecated setup.py egg_info --egg-base build/lab_quaternion build --build-base /home/mtaruno@netid.washington.edu/TECHIN516/lab7/src/lab_quaternion/build/lab_quaternion/build install --record /home/mtaruno@netid.washington.edu/TECHIN516/lab7/src/lab_quaternion/build/lab_quaternion/install.log --single-version-externally-managed install_data
[5.906s] running egg_info
[5.908s] writing build/lab_quaternion/lab_quaternion.egg-info/PKG-INFO
[5.909s] writing dependency_links to build/lab_quaternion/lab_quaternion.egg-info/dependency_links.txt
[5.911s] writing entry points to build/lab_quaternion/lab_quaternion.egg-info/entry_points.txt
[5.911s] writing requirements to build/lab_quaternion/lab_quaternion.egg-info/requires.txt
[5.912s] writing top-level names to build/lab_quaternion/lab_quaternion.egg-info/top_level.txt
[5.918s] reading manifest file 'build/lab_quaternion/lab_quaternion.egg-info/SOURCES.txt'
[5.925s] writing manifest file 'build/lab_quaternion/lab_quaternion.egg-info/SOURCES.txt'
[5.925s] running build
[5.926s] running build_py
[5.927s] copying lab_quaternion/pick_and_place.py -> /home/mtaruno@netid.washington.edu/TECHIN516/lab7/src/lab_quaternion/build/lab_quaternion/build/lib/lab_quaternion
[5.927s] running install
[5.929s] running install_lib
[5.933s] copying /home/mtaruno@netid.washington.edu/TECHIN516/lab7/src/lab_quaternion/build/lab_quaternion/build/lib/lab_quaternion/pick_and_place.py -> /home/mtaruno@netid.washington.edu/TECHIN516/lab7/src/lab_quaternion/install/lab_quaternion/lib/python3.10/site-packages/lab_quaternion
[5.936s] byte-compiling /home/mtaruno@netid.washington.edu/TECHIN516/lab7/src/lab_quaternion/install/lab_quaternion/lib/python3.10/site-packages/lab_quaternion/pick_and_place.py to pick_and_place.cpython-310.pyc
[5.939s] running install_data
[5.940s] running install_egg_info
[5.949s] removing '/home/mtaruno@netid.washington.edu/TECHIN516/lab7/src/lab_quaternion/install/lab_quaternion/lib/python3.10/site-packages/lab_quaternion-0.0.1-py3.10.egg-info' (and everything under it)
[5.950s] Copying build/lab_quaternion/lab_quaternion.egg-info to /home/mtaruno@netid.washington.edu/TECHIN516/lab7/src/lab_quaternion/install/lab_quaternion/lib/python3.10/site-packages/lab_quaternion-0.0.1-py3.10.egg-info
[5.954s] running install_scripts
[6.062s] Installing gen3lite_pymoveit2 script to /home/mtaruno@netid.washington.edu/TECHIN516/lab7/src/lab_quaternion/install/lab_quaternion/lib/lab_quaternion
[6.063s] Installing trajectory_from_csv script to /home/mtaruno@netid.washington.edu/TECHIN516/lab7/src/lab_quaternion/install/lab_quaternion/lib/lab_quaternion
[6.065s] writing list of installed files to '/home/mtaruno@netid.washington.edu/TECHIN516/lab7/src/lab_quaternion/build/lab_quaternion/install.log'
[6.162s] Invoked command in '/home/mtaruno@netid.washington.edu/TECHIN516/lab7/src/lab_quaternion' returned '0': PYTHONPATH=/home/mtaruno@netid.washington.edu/TECHIN516/lab7/src/lab_quaternion/build/lab_quaternion/prefix_override:/home/mtaruno@netid.washington.edu/TECHIN516/lab7/src/lab_quaternion/install/lab_quaternion/lib/python3.10/site-packages:${PYTHONPATH} /usr/bin/python3 -W ignore:setup.py install is deprecated setup.py egg_info --egg-base build/lab_quaternion build --build-base /home/mtaruno@netid.washington.edu/TECHIN516/lab7/src/lab_quaternion/build/lab_quaternion/build install --record /home/mtaruno@netid.washington.edu/TECHIN516/lab7/src/lab_quaternion/build/lab_quaternion/install.log --single-version-externally-managed install_data
