running egg_info
writing ../../build/kinova/kinova.egg-info/PKG-INFO
writing dependency_links to ../../build/kinova/kinova.egg-info/dependency_links.txt
writing entry points to ../../build/kinova/kinova.egg-info/entry_points.txt
writing requirements to ../../build/kinova/kinova.egg-info/requires.txt
writing top-level names to ../../build/kinova/kinova.egg-info/top_level.txt
reading manifest file '../../build/kinova/kinova.egg-info/SOURCES.txt'
writing manifest file '../../build/kinova/kinova.egg-info/SOURCES.txt'
running build
running build_py
copying kinova/go.py -> /home/mtaruno@netid.washington.edu/516-robotics/final/build/kinova/build/lib/kinova
running install
running install_lib
copying /home/mtaruno@netid.washington.edu/516-robotics/final/build/kinova/build/lib/kinova/go.py -> /home/mtaruno@netid.washington.edu/516-robotics/final/install/kinova/lib/python3.10/site-packages/kinova
byte-compiling /home/mtaruno@netid.washington.edu/516-robotics/final/install/kinova/lib/python3.10/site-packages/kinova/go.py to go.cpython-310.pyc
running install_data
running install_egg_info
removing '/home/mtaruno@netid.washington.edu/516-robotics/final/install/kinova/lib/python3.10/site-packages/kinova-0.0.0-py3.10.egg-info' (and everything under it)
Copying ../../build/kinova/kinova.egg-info to /home/mtaruno@netid.washington.edu/516-robotics/final/install/kinova/lib/python3.10/site-packages/kinova-0.0.0-py3.10.egg-info
running install_scripts
Installing go script to /home/mtaruno@netid.washington.edu/516-robotics/final/install/kinova/lib/kinova
writing list of installed files to '/home/mtaruno@netid.washington.edu/516-robotics/final/build/kinova/install.log'
