[0.760s] Invoking command in '/home/mtaruno@netid.washington.edu/516-robotics/lab7/lab_quaternion': PYTHONPATH=/home/mtaruno@netid.washington.edu/516-robotics/lab7/lab_quaternion/build/lab_quaternion/prefix_override:/usr/lib/python3/dist-packages/colcon_core/task/python/colcon_distutils_commands:/home/mtaruno@netid.washington.edu/516-robotics/lab7/lab_quaternion/install/lab_quaternion/lib/python3.10/site-packages:${PYTHONPATH} /usr/bin/python3 -W ignore:setup.py install is deprecated -W ignore:easy_install command is deprecated setup.py egg_info --egg-base build/lab_quaternion build --build-base /home/mtaruno@netid.washington.edu/516-robotics/lab7/lab_quaternion/build/lab_quaternion/build install --record /home/mtaruno@netid.washington.edu/516-robotics/lab7/lab_quaternion/build/lab_quaternion/install.log --single-version-externally-managed install_data
[1.065s] running egg_info
[1.066s] writing build/lab_quaternion/lab_quaternion.egg-info/PKG-INFO
[1.066s] writing dependency_links to build/lab_quaternion/lab_quaternion.egg-info/dependency_links.txt
[1.066s] writing entry points to build/lab_quaternion/lab_quaternion.egg-info/entry_points.txt
[1.066s] writing requirements to build/lab_quaternion/lab_quaternion.egg-info/requires.txt
[1.066s] writing top-level names to build/lab_quaternion/lab_quaternion.egg-info/top_level.txt
[1.068s] reading manifest file 'build/lab_quaternion/lab_quaternion.egg-info/SOURCES.txt'
[1.069s] writing manifest file 'build/lab_quaternion/lab_quaternion.egg-info/SOURCES.txt'
[1.069s] running build
[1.069s] running build_py
[1.069s] copying lab_quaternion/pick_and_place_over_obstacle.py -> /home/mtaruno@netid.washington.edu/516-robotics/lab7/lab_quaternion/build/lab_quaternion/build/lib/lab_quaternion
[1.070s] running install
[1.070s] running install_lib
[1.071s] copying /home/mtaruno@netid.washington.edu/516-robotics/lab7/lab_quaternion/build/lab_quaternion/build/lib/lab_quaternion/pick_and_place_over_obstacle.py -> /home/mtaruno@netid.washington.edu/516-robotics/lab7/lab_quaternion/install/lab_quaternion/lib/python3.10/site-packages/lab_quaternion
[1.072s] byte-compiling /home/mtaruno@netid.washington.edu/516-robotics/lab7/lab_quaternion/install/lab_quaternion/lib/python3.10/site-packages/lab_quaternion/pick_and_place_over_obstacle.py to pick_and_place_over_obstacle.cpython-310.pyc
[1.072s] running install_data
[1.073s] running install_egg_info
[1.074s] removing '/home/mtaruno@netid.washington.edu/516-robotics/lab7/lab_quaternion/install/lab_quaternion/lib/python3.10/site-packages/lab_quaternion-0.0.1-py3.10.egg-info' (and everything under it)
[1.075s] Copying build/lab_quaternion/lab_quaternion.egg-info to /home/mtaruno@netid.washington.edu/516-robotics/lab7/lab_quaternion/install/lab_quaternion/lib/python3.10/site-packages/lab_quaternion-0.0.1-py3.10.egg-info
[1.075s] running install_scripts
[1.098s] Installing gen3lite_pymoveit2 script to /home/mtaruno@netid.washington.edu/516-robotics/lab7/lab_quaternion/install/lab_quaternion/lib/lab_quaternion
[1.098s] Installing pick_and_place script to /home/mtaruno@netid.washington.edu/516-robotics/lab7/lab_quaternion/install/lab_quaternion/lib/lab_quaternion
[1.098s] Installing pick_and_place_over_obstacle script to /home/mtaruno@netid.washington.edu/516-robotics/lab7/lab_quaternion/install/lab_quaternion/lib/lab_quaternion
[1.098s] Installing trajectory_from_csv script to /home/mtaruno@netid.washington.edu/516-robotics/lab7/lab_quaternion/install/lab_quaternion/lib/lab_quaternion
[1.099s] writing list of installed files to '/home/mtaruno@netid.washington.edu/516-robotics/lab7/lab_quaternion/build/lab_quaternion/install.log'
[1.128s] Invoked command in '/home/mtaruno@netid.washington.edu/516-robotics/lab7/lab_quaternion' returned '0': PYTHONPATH=/home/mtaruno@netid.washington.edu/516-robotics/lab7/lab_quaternion/build/lab_quaternion/prefix_override:/usr/lib/python3/dist-packages/colcon_core/task/python/colcon_distutils_commands:/home/mtaruno@netid.washington.edu/516-robotics/lab7/lab_quaternion/install/lab_quaternion/lib/python3.10/site-packages:${PYTHONPATH} /usr/bin/python3 -W ignore:setup.py install is deprecated -W ignore:easy_install command is deprecated setup.py egg_info --egg-base build/lab_quaternion build --build-base /home/mtaruno@netid.washington.edu/516-robotics/lab7/lab_quaternion/build/lab_quaternion/build install --record /home/mtaruno@netid.washington.edu/516-robotics/lab7/lab_quaternion/build/lab_quaternion/install.log --single-version-externally-managed install_data
