[3.762s] Invoking command in '/home/mtaruno@netid.washington.edu/TECHIN516/lab7/src/lab_quaternion': PYTHONPATH=/home/mtaruno@netid.washington.edu/TECHIN516/lab7/src/lab_quaternion/build/lab_quaternion/prefix_override:/home/mtaruno@netid.washington.edu/TECHIN516/lab7/src/lab_quaternion/install/lab_quaternion/lib/python3.10/site-packages:${PYTHONPATH} /usr/bin/python3 -W ignore:setup.py install is deprecated setup.py egg_info --egg-base build/lab_quaternion build --build-base /home/mtaruno@netid.washington.edu/TECHIN516/lab7/src/lab_quaternion/build/lab_quaternion/build install --record /home/mtaruno@netid.washington.edu/TECHIN516/lab7/src/lab_quaternion/build/lab_quaternion/install.log --single-version-externally-managed
[4.934s] running egg_info
[4.936s] writing build/lab_quaternion/lab_quaternion.egg-info/PKG-INFO
[4.936s] writing dependency_links to build/lab_quaternion/lab_quaternion.egg-info/dependency_links.txt
[4.937s] writing entry points to build/lab_quaternion/lab_quaternion.egg-info/entry_points.txt
[4.938s] writing requirements to build/lab_quaternion/lab_quaternion.egg-info/requires.txt
[4.938s] writing top-level names to build/lab_quaternion/lab_quaternion.egg-info/top_level.txt
[4.945s] reading manifest file 'build/lab_quaternion/lab_quaternion.egg-info/SOURCES.txt'
[4.949s] writing manifest file 'build/lab_quaternion/lab_quaternion.egg-info/SOURCES.txt'
[4.949s] running build
[4.949s] running build_py
[4.950s] copying lab_quaternion/trajectory_from_csv.py -> /home/mtaruno@netid.washington.edu/TECHIN516/lab7/src/lab_quaternion/build/lab_quaternion/build/lib/lab_quaternion
[4.950s] running install
[4.951s] running install_lib
[4.954s] copying /home/mtaruno@netid.washington.edu/TECHIN516/lab7/src/lab_quaternion/build/lab_quaternion/build/lib/lab_quaternion/trajectory_from_csv.py -> /home/mtaruno@netid.washington.edu/TECHIN516/lab7/src/lab_quaternion/install/lab_quaternion/lib/python3.10/site-packages/lab_quaternion
[4.957s] byte-compiling /home/mtaruno@netid.washington.edu/TECHIN516/lab7/src/lab_quaternion/install/lab_quaternion/lib/python3.10/site-packages/lab_quaternion/trajectory_from_csv.py to trajectory_from_csv.cpython-310.pyc
[4.959s] running install_egg_info
[4.966s] removing '/home/mtaruno@netid.washington.edu/TECHIN516/lab7/src/lab_quaternion/install/lab_quaternion/lib/python3.10/site-packages/lab_quaternion-0.0.1-py3.10.egg-info' (and everything under it)
[4.967s] Copying build/lab_quaternion/lab_quaternion.egg-info to /home/mtaruno@netid.washington.edu/TECHIN516/lab7/src/lab_quaternion/install/lab_quaternion/lib/python3.10/site-packages/lab_quaternion-0.0.1-py3.10.egg-info
[4.970s] running install_scripts
[5.049s] Installing gen3lite_pymoveit2 script to /home/mtaruno@netid.washington.edu/TECHIN516/lab7/src/lab_quaternion/install/lab_quaternion/lib/lab_quaternion
[5.049s] Installing trajectory_from_csv script to /home/mtaruno@netid.washington.edu/TECHIN516/lab7/src/lab_quaternion/install/lab_quaternion/lib/lab_quaternion
[5.051s] writing list of installed files to '/home/mtaruno@netid.washington.edu/TECHIN516/lab7/src/lab_quaternion/build/lab_quaternion/install.log'
[5.127s] Invoked command in '/home/mtaruno@netid.washington.edu/TECHIN516/lab7/src/lab_quaternion' returned '0': PYTHONPATH=/home/mtaruno@netid.washington.edu/TECHIN516/lab7/src/lab_quaternion/build/lab_quaternion/prefix_override:/home/mtaruno@netid.washington.edu/TECHIN516/lab7/src/lab_quaternion/install/lab_quaternion/lib/python3.10/site-packages:${PYTHONPATH} /usr/bin/python3 -W ignore:setup.py install is deprecated setup.py egg_info --egg-base build/lab_quaternion build --build-base /home/mtaruno@netid.washington.edu/TECHIN516/lab7/src/lab_quaternion/build/lab_quaternion/build install --record /home/mtaruno@netid.washington.edu/TECHIN516/lab7/src/lab_quaternion/build/lab_quaternion/install.log --single-version-externally-managed
