-- Found ament_cmake: 1.3.9 (/opt/ros/humble/share/ament_cmake/cmake)
-- Found ament_lint_auto: 0.12.11 (/opt/ros/humble/share/ament_lint_auto/cmake)
-- Added test 'cppcheck' to perform static code analysis on C / C++ code
-- Configured cppcheck include dirs: 
-- Configured cppcheck exclude dirs and/or files: 
-- Added test 'flake8' to check Python code syntax and style conventions
-- Added test 'lint_cmake' to check CMake code style
-- Added test 'pep257' to check Python code against some of the docstring style conventions in PEP 257
-- Added test 'uncrustify' to check C / C++ code style
-- Configured uncrustify additional arguments: 
-- Added test 'xmllint' to check XML markup files
-- Configuring done
-- Generating done
-- Build files have been written to: /home/mtaruno@netid.washington.edu/TECHIN516/lab7/src/lab_quaternion/build/lab_quaternion
-- Install configuration: ""
-- Installing: /home/mtaruno@netid.washington.edu/TECHIN516/lab7/src/lab_quaternion/install/lab_quaternion/share/ament_index/resource_index/package_run_dependencies/lab_quaternion
-- Installing: /home/mtaruno@netid.washington.edu/TECHIN516/lab7/src/lab_quaternion/install/lab_quaternion/share/ament_index/resource_index/parent_prefix_path/lab_quaternion
-- Up-to-date: /home/mtaruno@netid.washington.edu/TECHIN516/lab7/src/lab_quaternion/install/lab_quaternion/share/lab_quaternion/environment/ament_prefix_path.sh
-- Installing: /home/mtaruno@netid.washington.edu/TECHIN516/lab7/src/lab_quaternion/install/lab_quaternion/share/lab_quaternion/environment/ament_prefix_path.dsv
-- Up-to-date: /home/mtaruno@netid.washington.edu/TECHIN516/lab7/src/lab_quaternion/install/lab_quaternion/share/lab_quaternion/environment/path.sh
-- Installing: /home/mtaruno@netid.washington.edu/TECHIN516/lab7/src/lab_quaternion/install/lab_quaternion/share/lab_quaternion/environment/path.dsv
-- Up-to-date: /home/mtaruno@netid.washington.edu/TECHIN516/lab7/src/lab_quaternion/install/lab_quaternion/share/lab_quaternion/local_setup.bash
-- Up-to-date: /home/mtaruno@netid.washington.edu/TECHIN516/lab7/src/lab_quaternion/install/lab_quaternion/share/lab_quaternion/local_setup.sh
-- Up-to-date: /home/mtaruno@netid.washington.edu/TECHIN516/lab7/src/lab_quaternion/install/lab_quaternion/share/lab_quaternion/local_setup.zsh
-- Installing: /home/mtaruno@netid.washington.edu/TECHIN516/lab7/src/lab_quaternion/install/lab_quaternion/share/lab_quaternion/local_setup.dsv
-- Installing: /home/mtaruno@netid.washington.edu/TECHIN516/lab7/src/lab_quaternion/install/lab_quaternion/share/lab_quaternion/package.dsv
-- Up-to-date: /home/mtaruno@netid.washington.edu/TECHIN516/lab7/src/lab_quaternion/install/lab_quaternion/share/ament_index/resource_index/packages/lab_quaternion
-- Up-to-date: /home/mtaruno@netid.washington.edu/TECHIN516/lab7/src/lab_quaternion/install/lab_quaternion/share/lab_quaternion/cmake/lab_quaternionConfig.cmake
-- Up-to-date: /home/mtaruno@netid.washington.edu/TECHIN516/lab7/src/lab_quaternion/install/lab_quaternion/share/lab_quaternion/cmake/lab_quaternionConfig-version.cmake
-- Installing: /home/mtaruno@netid.washington.edu/TECHIN516/lab7/src/lab_quaternion/install/lab_quaternion/share/lab_quaternion/package.xml
