[0.117s] Invoking command in '/home/mtaruno@netid.washington.edu/TECHIN516/lab7/src/lab_quaternion/build/lab_quaternion': CMAKE_PREFIX_PATH=${CMAKE_PREFIX_PATH}:/home/mtaruno@netid.washington.edu/TECHIN516/kinova_ws/install/rqt_joint_trajectory_controller:/home/mtaruno@netid.washington.edu/TECHIN516/kinova_ws/install/rqt_controller_manager:/home/mtaruno@netid.washington.edu/TECHIN516/kinova_ws/install/ros2controlcli:/home/mtaruno@netid.washington.edu/TECHIN516/kinova_ws/install/ros2_controllers_test_nodes:/home/mtaruno@netid.washington.edu/TECHIN516/kinova_ws/install/ros2_control_demo_testing:/home/mtaruno@netid.washington.edu/TECHIN516/turtlebot_ws/install/turtlebot3_teleop:/home/mtaruno@netid.washington.edu/TECHIN516/turtlebot_ws/install/turtlebot3_example:/opt/ros/humble /usr/bin/cmake --build /home/mtaruno@netid.washington.edu/TECHIN516/lab7/src/lab_quaternion/build/lab_quaternion -- -j8 -l8
[0.306s] -- Found ament_cmake: 1.3.9 (/opt/ros/humble/share/ament_cmake/cmake)
[1.064s] -- Found ament_lint_auto: 0.12.11 (/opt/ros/humble/share/ament_lint_auto/cmake)
[1.538s] -- Added test 'cppcheck' to perform static code analysis on C / C++ code
[1.539s] -- Configured cppcheck include dirs: 
[1.540s] -- Configured cppcheck exclude dirs and/or files: 
[1.546s] -- Added test 'flake8' to check Python code syntax and style conventions
[1.558s] -- Added test 'lint_cmake' to check CMake code style
[1.565s] -- Added test 'pep257' to check Python code against some of the docstring style conventions in PEP 257
[1.613s] -- Added test 'uncrustify' to check C / C++ code style
[1.613s] -- Configured uncrustify additional arguments: 
[1.621s] -- Added test 'xmllint' to check XML markup files
[1.625s] -- Configuring done
[1.638s] -- Generating done
[1.643s] -- Build files have been written to: /home/mtaruno@netid.washington.edu/TECHIN516/lab7/src/lab_quaternion/build/lab_quaternion
[1.804s] Invoked command in '/home/mtaruno@netid.washington.edu/TECHIN516/lab7/src/lab_quaternion/build/lab_quaternion' returned '0': CMAKE_PREFIX_PATH=${CMAKE_PREFIX_PATH}:/home/mtaruno@netid.washington.edu/TECHIN516/kinova_ws/install/rqt_joint_trajectory_controller:/home/mtaruno@netid.washington.edu/TECHIN516/kinova_ws/install/rqt_controller_manager:/home/mtaruno@netid.washington.edu/TECHIN516/kinova_ws/install/ros2controlcli:/home/mtaruno@netid.washington.edu/TECHIN516/kinova_ws/install/ros2_controllers_test_nodes:/home/mtaruno@netid.washington.edu/TECHIN516/kinova_ws/install/ros2_control_demo_testing:/home/mtaruno@netid.washington.edu/TECHIN516/turtlebot_ws/install/turtlebot3_teleop:/home/mtaruno@netid.washington.edu/TECHIN516/turtlebot_ws/install/turtlebot3_example:/opt/ros/humble /usr/bin/cmake --build /home/mtaruno@netid.washington.edu/TECHIN516/lab7/src/lab_quaternion/build/lab_quaternion -- -j8 -l8
[2.119s] Invoking command in '/home/mtaruno@netid.washington.edu/TECHIN516/lab7/src/lab_quaternion/build/lab_quaternion': CMAKE_PREFIX_PATH=${CMAKE_PREFIX_PATH}:/home/mtaruno@netid.washington.edu/TECHIN516/kinova_ws/install/rqt_joint_trajectory_controller:/home/mtaruno@netid.washington.edu/TECHIN516/kinova_ws/install/rqt_controller_manager:/home/mtaruno@netid.washington.edu/TECHIN516/kinova_ws/install/ros2controlcli:/home/mtaruno@netid.washington.edu/TECHIN516/kinova_ws/install/ros2_controllers_test_nodes:/home/mtaruno@netid.washington.edu/TECHIN516/kinova_ws/install/ros2_control_demo_testing:/home/mtaruno@netid.washington.edu/TECHIN516/turtlebot_ws/install/turtlebot3_teleop:/home/mtaruno@netid.washington.edu/TECHIN516/turtlebot_ws/install/turtlebot3_example:/opt/ros/humble /usr/bin/cmake --install /home/mtaruno@netid.washington.edu/TECHIN516/lab7/src/lab_quaternion/build/lab_quaternion
[2.174s] -- Install configuration: ""
[2.175s] -- Installing: /home/mtaruno@netid.washington.edu/TECHIN516/lab7/src/lab_quaternion/install/lab_quaternion/share/ament_index/resource_index/package_run_dependencies/lab_quaternion
[2.176s] -- Installing: /home/mtaruno@netid.washington.edu/TECHIN516/lab7/src/lab_quaternion/install/lab_quaternion/share/ament_index/resource_index/parent_prefix_path/lab_quaternion
[2.177s] -- Up-to-date: /home/mtaruno@netid.washington.edu/TECHIN516/lab7/src/lab_quaternion/install/lab_quaternion/share/lab_quaternion/environment/ament_prefix_path.sh
[2.178s] -- Installing: /home/mtaruno@netid.washington.edu/TECHIN516/lab7/src/lab_quaternion/install/lab_quaternion/share/lab_quaternion/environment/ament_prefix_path.dsv
[2.179s] -- Up-to-date: /home/mtaruno@netid.washington.edu/TECHIN516/lab7/src/lab_quaternion/install/lab_quaternion/share/lab_quaternion/environment/path.sh
[2.180s] -- Installing: /home/mtaruno@netid.washington.edu/TECHIN516/lab7/src/lab_quaternion/install/lab_quaternion/share/lab_quaternion/environment/path.dsv
[2.181s] -- Up-to-date: /home/mtaruno@netid.washington.edu/TECHIN516/lab7/src/lab_quaternion/install/lab_quaternion/share/lab_quaternion/local_setup.bash
[2.181s] -- Up-to-date: /home/mtaruno@netid.washington.edu/TECHIN516/lab7/src/lab_quaternion/install/lab_quaternion/share/lab_quaternion/local_setup.sh
[2.181s] -- Up-to-date: /home/mtaruno@netid.washington.edu/TECHIN516/lab7/src/lab_quaternion/install/lab_quaternion/share/lab_quaternion/local_setup.zsh
[2.182s] -- Installing: /home/mtaruno@netid.washington.edu/TECHIN516/lab7/src/lab_quaternion/install/lab_quaternion/share/lab_quaternion/local_setup.dsv
[2.182s] -- Installing: /home/mtaruno@netid.washington.edu/TECHIN516/lab7/src/lab_quaternion/install/lab_quaternion/share/lab_quaternion/package.dsv
[2.182s] -- Up-to-date: /home/mtaruno@netid.washington.edu/TECHIN516/lab7/src/lab_quaternion/install/lab_quaternion/share/ament_index/resource_index/packages/lab_quaternion
[2.183s] -- Up-to-date: /home/mtaruno@netid.washington.edu/TECHIN516/lab7/src/lab_quaternion/install/lab_quaternion/share/lab_quaternion/cmake/lab_quaternionConfig.cmake
[2.183s] -- Up-to-date: /home/mtaruno@netid.washington.edu/TECHIN516/lab7/src/lab_quaternion/install/lab_quaternion/share/lab_quaternion/cmake/lab_quaternionConfig-version.cmake
[2.183s] -- Installing: /home/mtaruno@netid.washington.edu/TECHIN516/lab7/src/lab_quaternion/install/lab_quaternion/share/lab_quaternion/package.xml
[2.189s] Invoked command in '/home/mtaruno@netid.washington.edu/TECHIN516/lab7/src/lab_quaternion/build/lab_quaternion' returned '0': CMAKE_PREFIX_PATH=${CMAKE_PREFIX_PATH}:/home/mtaruno@netid.washington.edu/TECHIN516/kinova_ws/install/rqt_joint_trajectory_controller:/home/mtaruno@netid.washington.edu/TECHIN516/kinova_ws/install/rqt_controller_manager:/home/mtaruno@netid.washington.edu/TECHIN516/kinova_ws/install/ros2controlcli:/home/mtaruno@netid.washington.edu/TECHIN516/kinova_ws/install/ros2_controllers_test_nodes:/home/mtaruno@netid.washington.edu/TECHIN516/kinova_ws/install/ros2_control_demo_testing:/home/mtaruno@netid.washington.edu/TECHIN516/turtlebot_ws/install/turtlebot3_teleop:/home/mtaruno@netid.washington.edu/TECHIN516/turtlebot_ws/install/turtlebot3_example:/opt/ros/humble /usr/bin/cmake --install /home/mtaruno@netid.washington.edu/TECHIN516/lab7/src/lab_quaternion/build/lab_quaternion
