[1.459s] Invoking command in '/home/mtaruno@netid.washington.edu/516-robotics/final/src/turtle': PYTHONPATH=/home/mtaruno@netid.washington.edu/516-robotics/final/build/turtle/prefix_override:/usr/lib/python3/dist-packages/colcon_core/task/python/colcon_distutils_commands:/home/mtaruno@netid.washington.edu/516-robotics/final/install/turtle/lib/python3.10/site-packages:${PYTHONPATH} /usr/bin/python3 -W ignore:setup.py install is deprecated -W ignore:easy_install command is deprecated setup.py egg_info --egg-base ../../build/turtle build --build-base /home/mtaruno@netid.washington.edu/516-robotics/final/build/turtle/build install --record /home/mtaruno@netid.washington.edu/516-robotics/final/build/turtle/install.log --single-version-externally-managed install_data
[1.900s] running egg_info
[1.901s] writing ../../build/turtle/turtle.egg-info/PKG-INFO
[1.902s] writing dependency_links to ../../build/turtle/turtle.egg-info/dependency_links.txt
[1.902s] writing entry points to ../../build/turtle/turtle.egg-info/entry_points.txt
[1.902s] writing requirements to ../../build/turtle/turtle.egg-info/requires.txt
[1.902s] writing top-level names to ../../build/turtle/turtle.egg-info/top_level.txt
[1.906s] reading manifest file '../../build/turtle/turtle.egg-info/SOURCES.txt'
[1.908s] writing manifest file '../../build/turtle/turtle.egg-info/SOURCES.txt'
[1.908s] running build
[1.908s] running build_py
[1.909s] copying turtle/basket.py -> /home/mtaruno@netid.washington.edu/516-robotics/final/build/turtle/build/lib/turtle
[1.909s] running install
[1.910s] running install_lib
[1.911s] copying /home/mtaruno@netid.washington.edu/516-robotics/final/build/turtle/build/lib/turtle/basket.py -> /home/mtaruno@netid.washington.edu/516-robotics/final/install/turtle/lib/python3.10/site-packages/turtle
[1.912s] byte-compiling /home/mtaruno@netid.washington.edu/516-robotics/final/install/turtle/lib/python3.10/site-packages/turtle/basket.py to basket.cpython-310.pyc
[1.913s] running install_data
[1.914s] running install_egg_info
[1.917s] removing '/home/mtaruno@netid.washington.edu/516-robotics/final/install/turtle/lib/python3.10/site-packages/turtle-0.0.0-py3.10.egg-info' (and everything under it)
[1.917s] Copying ../../build/turtle/turtle.egg-info to /home/mtaruno@netid.washington.edu/516-robotics/final/install/turtle/lib/python3.10/site-packages/turtle-0.0.0-py3.10.egg-info
[1.918s] running install_scripts
[1.951s] Installing basket script to /home/mtaruno@netid.washington.edu/516-robotics/final/install/turtle/lib/turtle
[1.952s] writing list of installed files to '/home/mtaruno@netid.washington.edu/516-robotics/final/build/turtle/install.log'
[1.986s] Invoked command in '/home/mtaruno@netid.washington.edu/516-robotics/final/src/turtle' returned '0': PYTHONPATH=/home/mtaruno@netid.washington.edu/516-robotics/final/build/turtle/prefix_override:/usr/lib/python3/dist-packages/colcon_core/task/python/colcon_distutils_commands:/home/mtaruno@netid.washington.edu/516-robotics/final/install/turtle/lib/python3.10/site-packages:${PYTHONPATH} /usr/bin/python3 -W ignore:setup.py install is deprecated -W ignore:easy_install command is deprecated setup.py egg_info --egg-base ../../build/turtle build --build-base /home/mtaruno@netid.washington.edu/516-robotics/final/build/turtle/build install --record /home/mtaruno@netid.washington.edu/516-robotics/final/build/turtle/install.log --single-version-externally-managed install_data
