[0.202s] DEBUG:colcon:Command line arguments: ['/usr/bin/colcon', 'build']
[0.202s] DEBUG:colcon:Parsed command line arguments: Namespace(log_base=None, log_level=None, verb_name='build', build_base='build', install_base='install', merge_install=False, symlink_install=False, test_result_base=None, continue_on_error=False, executor='parallel', parallel_workers=8, event_handlers=None, ignore_user_meta=False, metas=['./colcon.meta'], base_paths=['.'], packages_ignore=None, packages_ignore_regex=None, paths=None, packages_up_to=None, packages_up_to_regex=None, packages_above=None, packages_above_and_dependencies=None, packages_above_depth=None, packages_select_by_dep=None, packages_skip_by_dep=None, packages_skip_up_to=None, packages_select_build_failed=False, packages_skip_build_finished=False, packages_select_test_failures=False, packages_skip_test_passed=False, packages_select=None, packages_skip=None, packages_select_regex=None, packages_skip_regex=None, packages_start=None, packages_end=None, allow_overriding=[], cmake_args=None, cmake_target=None, cmake_target_skip_unavailable=False, cmake_clean_cache=False, cmake_clean_first=False, cmake_force_configure=False, ament_cmake_args=None, catkin_cmake_args=None, catkin_skip_building_tests=False, mixin_files=None, mixin=None, verb_parser=<colcon_mixin.mixin.mixin_argument.MixinArgumentDecorator object at 0x7e619e685960>, verb_extension=<colcon_core.verb.build.BuildVerb object at 0x7e619e685330>, main=<bound method BuildVerb.main of <colcon_core.verb.build.BuildVerb object at 0x7e619e685330>>, mixin_verb=('build',))
[0.456s] Level 1:colcon.colcon_core.package_discovery:discover_packages(colcon_meta) check parameters
[0.456s] Level 1:colcon.colcon_core.package_discovery:discover_packages(recursive) check parameters
[0.456s] Level 1:colcon.colcon_core.package_discovery:discover_packages(ignore) check parameters
[0.456s] Level 1:colcon.colcon_core.package_discovery:discover_packages(path) check parameters
[0.456s] Level 1:colcon.colcon_core.package_discovery:discover_packages(colcon_meta) discover
[0.457s] Level 1:colcon.colcon_core.package_discovery:discover_packages(recursive) discover
[0.457s] INFO:colcon.colcon_core.package_discovery:Crawling recursively for packages in '/home/mtaruno@netid.washington.edu/516-robotics/final'
[0.457s] Level 1:colcon.colcon_core.package_identification:_identify(.) by extensions ['ignore', 'ignore_ament_install']
[0.457s] Level 1:colcon.colcon_core.package_identification:_identify(.) by extension 'ignore'
[0.457s] Level 1:colcon.colcon_core.package_identification:_identify(.) by extension 'ignore_ament_install'
[0.457s] Level 1:colcon.colcon_core.package_identification:_identify(.) by extensions ['colcon_pkg']
[0.457s] Level 1:colcon.colcon_core.package_identification:_identify(.) by extension 'colcon_pkg'
[0.457s] Level 1:colcon.colcon_core.package_identification:_identify(.) by extensions ['colcon_meta']
[0.457s] Level 1:colcon.colcon_core.package_identification:_identify(.) by extension 'colcon_meta'
[0.457s] Level 1:colcon.colcon_core.package_identification:_identify(.) by extensions ['ros']
[0.457s] Level 1:colcon.colcon_core.package_identification:_identify(.) by extension 'ros'
[0.471s] Level 1:colcon.colcon_core.package_identification:_identify(.) by extensions ['cmake', 'python']
[0.471s] Level 1:colcon.colcon_core.package_identification:_identify(.) by extension 'cmake'
[0.471s] Level 1:colcon.colcon_core.package_identification:_identify(.) by extension 'python'
[0.471s] Level 1:colcon.colcon_core.package_identification:_identify(.) by extensions ['python_setup_py']
[0.471s] Level 1:colcon.colcon_core.package_identification:_identify(.) by extension 'python_setup_py'
[0.471s] Level 1:colcon.colcon_core.package_identification:_identify(build) by extensions ['ignore', 'ignore_ament_install']
[0.471s] Level 1:colcon.colcon_core.package_identification:_identify(build) by extension 'ignore'
[0.471s] Level 1:colcon.colcon_core.package_identification:_identify(build) ignored
[0.471s] Level 1:colcon.colcon_core.package_identification:_identify(install) by extensions ['ignore', 'ignore_ament_install']
[0.472s] Level 1:colcon.colcon_core.package_identification:_identify(install) by extension 'ignore'
[0.472s] Level 1:colcon.colcon_core.package_identification:_identify(install) ignored
[0.472s] Level 1:colcon.colcon_core.package_identification:_identify(log) by extensions ['ignore', 'ignore_ament_install']
[0.472s] Level 1:colcon.colcon_core.package_identification:_identify(log) by extension 'ignore'
[0.472s] Level 1:colcon.colcon_core.package_identification:_identify(log) ignored
[0.472s] Level 1:colcon.colcon_core.package_identification:_identify(src) by extensions ['ignore', 'ignore_ament_install']
[0.472s] Level 1:colcon.colcon_core.package_identification:_identify(src) by extension 'ignore'
[0.473s] Level 1:colcon.colcon_core.package_identification:_identify(src) by extension 'ignore_ament_install'
[0.473s] Level 1:colcon.colcon_core.package_identification:_identify(src) by extensions ['colcon_pkg']
[0.473s] Level 1:colcon.colcon_core.package_identification:_identify(src) by extension 'colcon_pkg'
[0.473s] Level 1:colcon.colcon_core.package_identification:_identify(src) by extensions ['colcon_meta']
[0.473s] Level 1:colcon.colcon_core.package_identification:_identify(src) by extension 'colcon_meta'
[0.473s] Level 1:colcon.colcon_core.package_identification:_identify(src) by extensions ['ros']
[0.473s] Level 1:colcon.colcon_core.package_identification:_identify(src) by extension 'ros'
[0.473s] Level 1:colcon.colcon_core.package_identification:_identify(src) by extensions ['cmake', 'python']
[0.473s] Level 1:colcon.colcon_core.package_identification:_identify(src) by extension 'cmake'
[0.473s] Level 1:colcon.colcon_core.package_identification:_identify(src) by extension 'python'
[0.473s] Level 1:colcon.colcon_core.package_identification:_identify(src) by extensions ['python_setup_py']
[0.473s] Level 1:colcon.colcon_core.package_identification:_identify(src) by extension 'python_setup_py'
[0.473s] Level 1:colcon.colcon_core.package_identification:_identify(src/kinova) by extensions ['ignore', 'ignore_ament_install']
[0.474s] Level 1:colcon.colcon_core.package_identification:_identify(src/kinova) by extension 'ignore'
[0.474s] Level 1:colcon.colcon_core.package_identification:_identify(src/kinova) by extension 'ignore_ament_install'
[0.474s] Level 1:colcon.colcon_core.package_identification:_identify(src/kinova) by extensions ['colcon_pkg']
[0.474s] Level 1:colcon.colcon_core.package_identification:_identify(src/kinova) by extension 'colcon_pkg'
[0.474s] Level 1:colcon.colcon_core.package_identification:_identify(src/kinova) by extensions ['colcon_meta']
[0.474s] Level 1:colcon.colcon_core.package_identification:_identify(src/kinova) by extension 'colcon_meta'
[0.474s] Level 1:colcon.colcon_core.package_identification:_identify(src/kinova) by extensions ['ros']
[0.474s] Level 1:colcon.colcon_core.package_identification:_identify(src/kinova) by extension 'ros'
[0.485s] DEBUG:colcon.colcon_core.package_identification:Package 'src/kinova' with type 'ros.ament_python' and name 'kinova'
[0.485s] Level 1:colcon.colcon_core.package_identification:_identify(src/turtle) by extensions ['ignore', 'ignore_ament_install']
[0.485s] Level 1:colcon.colcon_core.package_identification:_identify(src/turtle) by extension 'ignore'
[0.485s] Level 1:colcon.colcon_core.package_identification:_identify(src/turtle) by extension 'ignore_ament_install'
[0.485s] Level 1:colcon.colcon_core.package_identification:_identify(src/turtle) by extensions ['colcon_pkg']
[0.485s] Level 1:colcon.colcon_core.package_identification:_identify(src/turtle) by extension 'colcon_pkg'
[0.485s] Level 1:colcon.colcon_core.package_identification:_identify(src/turtle) by extensions ['colcon_meta']
[0.486s] Level 1:colcon.colcon_core.package_identification:_identify(src/turtle) by extension 'colcon_meta'
[0.486s] Level 1:colcon.colcon_core.package_identification:_identify(src/turtle) by extensions ['ros']
[0.486s] Level 1:colcon.colcon_core.package_identification:_identify(src/turtle) by extension 'ros'
[0.487s] DEBUG:colcon.colcon_core.package_identification:Package 'src/turtle' with type 'ros.ament_python' and name 'turtle'
[0.487s] Level 1:colcon.colcon_core.package_discovery:discover_packages(recursive) using defaults
[0.487s] Level 1:colcon.colcon_core.package_discovery:discover_packages(ignore) discover
[0.487s] Level 1:colcon.colcon_core.package_discovery:discover_packages(ignore) using defaults
[0.487s] Level 1:colcon.colcon_core.package_discovery:discover_packages(path) discover
[0.487s] Level 1:colcon.colcon_core.package_discovery:discover_packages(path) using defaults
[0.521s] Level 1:colcon.colcon_core.package_discovery:discover_packages(prefix_path) check parameters
[0.521s] Level 1:colcon.colcon_core.package_discovery:discover_packages(prefix_path) discover
[0.548s] DEBUG:colcon.colcon_installed_package_information.package_discovery:Found 12 installed packages in /home/mtaruno@netid.washington.edu/516-robotics/turtlebot_ws/install
[0.552s] DEBUG:colcon.colcon_installed_package_information.package_discovery:Found 90 installed packages in /home/mtaruno@netid.washington.edu/TECHIN516/kinova_ws/install
[0.555s] DEBUG:colcon.colcon_installed_package_information.package_discovery:Found 436 installed packages in /opt/ros/humble
[0.560s] Level 1:colcon.colcon_core.package_discovery:discover_packages(prefix_path) using defaults
[0.674s] Level 5:colcon.colcon_core.verb:set package 'kinova' build argument 'cmake_args' from command line to 'None'
[0.674s] Level 5:colcon.colcon_core.verb:set package 'kinova' build argument 'cmake_target' from command line to 'None'
[0.675s] Level 5:colcon.colcon_core.verb:set package 'kinova' build argument 'cmake_target_skip_unavailable' from command line to 'False'
[0.675s] Level 5:colcon.colcon_core.verb:set package 'kinova' build argument 'cmake_clean_cache' from command line to 'False'
[0.675s] Level 5:colcon.colcon_core.verb:set package 'kinova' build argument 'cmake_clean_first' from command line to 'False'
[0.675s] Level 5:colcon.colcon_core.verb:set package 'kinova' build argument 'cmake_force_configure' from command line to 'False'
[0.675s] Level 5:colcon.colcon_core.verb:set package 'kinova' build argument 'ament_cmake_args' from command line to 'None'
[0.675s] Level 5:colcon.colcon_core.verb:set package 'kinova' build argument 'catkin_cmake_args' from command line to 'None'
[0.675s] Level 5:colcon.colcon_core.verb:set package 'kinova' build argument 'catkin_skip_building_tests' from command line to 'False'
[0.675s] DEBUG:colcon.colcon_core.verb:Building package 'kinova' with the following arguments: {'ament_cmake_args': None, 'build_base': '/home/mtaruno@netid.washington.edu/516-robotics/final/build/kinova', 'catkin_cmake_args': None, 'catkin_skip_building_tests': False, 'cmake_args': None, 'cmake_clean_cache': False, 'cmake_clean_first': False, 'cmake_force_configure': False, 'cmake_target': None, 'cmake_target_skip_unavailable': False, 'install_base': '/home/mtaruno@netid.washington.edu/516-robotics/final/install/kinova', 'merge_install': False, 'path': '/home/mtaruno@netid.washington.edu/516-robotics/final/src/kinova', 'symlink_install': False, 'test_result_base': None}
[0.676s] Level 5:colcon.colcon_core.verb:set package 'turtle' build argument 'cmake_args' from command line to 'None'
[0.676s] Level 5:colcon.colcon_core.verb:set package 'turtle' build argument 'cmake_target' from command line to 'None'
[0.676s] Level 5:colcon.colcon_core.verb:set package 'turtle' build argument 'cmake_target_skip_unavailable' from command line to 'False'
[0.676s] Level 5:colcon.colcon_core.verb:set package 'turtle' build argument 'cmake_clean_cache' from command line to 'False'
[0.676s] Level 5:colcon.colcon_core.verb:set package 'turtle' build argument 'cmake_clean_first' from command line to 'False'
[0.676s] Level 5:colcon.colcon_core.verb:set package 'turtle' build argument 'cmake_force_configure' from command line to 'False'
[0.676s] Level 5:colcon.colcon_core.verb:set package 'turtle' build argument 'ament_cmake_args' from command line to 'None'
[0.676s] Level 5:colcon.colcon_core.verb:set package 'turtle' build argument 'catkin_cmake_args' from command line to 'None'
[0.676s] Level 5:colcon.colcon_core.verb:set package 'turtle' build argument 'catkin_skip_building_tests' from command line to 'False'
[0.676s] DEBUG:colcon.colcon_core.verb:Building package 'turtle' with the following arguments: {'ament_cmake_args': None, 'build_base': '/home/mtaruno@netid.washington.edu/516-robotics/final/build/turtle', 'catkin_cmake_args': None, 'catkin_skip_building_tests': False, 'cmake_args': None, 'cmake_clean_cache': False, 'cmake_clean_first': False, 'cmake_force_configure': False, 'cmake_target': None, 'cmake_target_skip_unavailable': False, 'install_base': '/home/mtaruno@netid.washington.edu/516-robotics/final/install/turtle', 'merge_install': False, 'path': '/home/mtaruno@netid.washington.edu/516-robotics/final/src/turtle', 'symlink_install': False, 'test_result_base': None}
[0.676s] INFO:colcon.colcon_core.executor:Executing jobs using 'parallel' executor
[0.678s] DEBUG:colcon.colcon_parallel_executor.executor.parallel:run_until_complete
[0.678s] INFO:colcon.colcon_ros.task.ament_python.build:Building ROS package in '/home/mtaruno@netid.washington.edu/516-robotics/final/src/kinova' with build type 'ament_python'
[0.678s] Level 1:colcon.colcon_core.shell:create_environment_hook('kinova', 'ament_prefix_path')
[0.682s] INFO:colcon.colcon_core.plugin_system:Skipping extension 'colcon_core.shell.bat': Not used on non-Windows systems
[0.683s] INFO:colcon.colcon_core.shell:Creating environment hook '/home/mtaruno@netid.washington.edu/516-robotics/final/install/kinova/share/kinova/hook/ament_prefix_path.ps1'
[0.684s] INFO:colcon.colcon_core.shell:Creating environment descriptor '/home/mtaruno@netid.washington.edu/516-robotics/final/install/kinova/share/kinova/hook/ament_prefix_path.dsv'
[0.685s] INFO:colcon.colcon_core.shell:Creating environment hook '/home/mtaruno@netid.washington.edu/516-robotics/final/install/kinova/share/kinova/hook/ament_prefix_path.sh'
[0.686s] INFO:colcon.colcon_core.shell:Skip shell extension 'powershell' for command environment: Not usable outside of PowerShell
[0.687s] DEBUG:colcon.colcon_core.shell:Skip shell extension 'dsv' for command environment
[0.707s] INFO:colcon.colcon_ros.task.ament_python.build:Building ROS package in '/home/mtaruno@netid.washington.edu/516-robotics/final/src/turtle' with build type 'ament_python'
[0.707s] Level 1:colcon.colcon_core.shell:create_environment_hook('turtle', 'ament_prefix_path')
[0.708s] INFO:colcon.colcon_core.shell:Creating environment hook '/home/mtaruno@netid.washington.edu/516-robotics/final/install/turtle/share/turtle/hook/ament_prefix_path.ps1'
[0.709s] INFO:colcon.colcon_core.shell:Creating environment descriptor '/home/mtaruno@netid.washington.edu/516-robotics/final/install/turtle/share/turtle/hook/ament_prefix_path.dsv'
[0.710s] INFO:colcon.colcon_core.shell:Creating environment hook '/home/mtaruno@netid.washington.edu/516-robotics/final/install/turtle/share/turtle/hook/ament_prefix_path.sh'
[0.712s] INFO:colcon.colcon_core.shell:Skip shell extension 'powershell' for command environment: Not usable outside of PowerShell
[0.712s] DEBUG:colcon.colcon_core.shell:Skip shell extension 'dsv' for command environment
[1.221s] INFO:colcon.colcon_core.task.python.build:Building Python package in '/home/mtaruno@netid.washington.edu/516-robotics/final/src/kinova'
[1.221s] INFO:colcon.colcon_core.shell:Skip shell extension 'powershell' for command environment: Not usable outside of PowerShell
[1.222s] DEBUG:colcon.colcon_core.shell:Skip shell extension 'dsv' for command environment
[1.736s] INFO:colcon.colcon_core.task.python.build:Building Python package in '/home/mtaruno@netid.washington.edu/516-robotics/final/src/turtle'
[1.737s] INFO:colcon.colcon_core.shell:Skip shell extension 'powershell' for command environment: Not usable outside of PowerShell
[1.737s] DEBUG:colcon.colcon_core.shell:Skip shell extension 'dsv' for command environment
[2.518s] DEBUG:colcon.colcon_core.event_handler.log_command:Invoking command in '/home/mtaruno@netid.washington.edu/516-robotics/final/src/turtle': PYTHONPATH=/home/mtaruno@netid.washington.edu/516-robotics/final/build/turtle/prefix_override:/usr/lib/python3/dist-packages/colcon_core/task/python/colcon_distutils_commands:/home/mtaruno@netid.washington.edu/516-robotics/final/install/turtle/lib/python3.10/site-packages:${PYTHONPATH} /usr/bin/python3 -W ignore:setup.py install is deprecated -W ignore:easy_install command is deprecated setup.py egg_info --egg-base ../../build/turtle build --build-base /home/mtaruno@netid.washington.edu/516-robotics/final/build/turtle/build install --record /home/mtaruno@netid.washington.edu/516-robotics/final/build/turtle/install.log --single-version-externally-managed install_data
[2.527s] DEBUG:colcon.colcon_core.event_handler.log_command:Invoking command in '/home/mtaruno@netid.washington.edu/516-robotics/final/src/kinova': PYTHONPATH=/home/mtaruno@netid.washington.edu/516-robotics/final/build/kinova/prefix_override:/usr/lib/python3/dist-packages/colcon_core/task/python/colcon_distutils_commands:/home/mtaruno@netid.washington.edu/516-robotics/final/install/kinova/lib/python3.10/site-packages:${PYTHONPATH} /usr/bin/python3 -W ignore:setup.py install is deprecated -W ignore:easy_install command is deprecated setup.py egg_info --egg-base ../../build/kinova build --build-base /home/mtaruno@netid.washington.edu/516-robotics/final/build/kinova/build install --record /home/mtaruno@netid.washington.edu/516-robotics/final/build/kinova/install.log --single-version-externally-managed install_data
[3.082s] DEBUG:colcon.colcon_core.event_handler.log_command:Invoked command in '/home/mtaruno@netid.washington.edu/516-robotics/final/src/kinova' returned '0': PYTHONPATH=/home/mtaruno@netid.washington.edu/516-robotics/final/build/kinova/prefix_override:/usr/lib/python3/dist-packages/colcon_core/task/python/colcon_distutils_commands:/home/mtaruno@netid.washington.edu/516-robotics/final/install/kinova/lib/python3.10/site-packages:${PYTHONPATH} /usr/bin/python3 -W ignore:setup.py install is deprecated -W ignore:easy_install command is deprecated setup.py egg_info --egg-base ../../build/kinova build --build-base /home/mtaruno@netid.washington.edu/516-robotics/final/build/kinova/build install --record /home/mtaruno@netid.washington.edu/516-robotics/final/build/kinova/install.log --single-version-externally-managed install_data
[3.086s] Level 1:colcon.colcon_core.environment:checking '/home/mtaruno@netid.washington.edu/516-robotics/final/install/kinova' for CMake module files
[3.086s] Level 1:colcon.colcon_core.environment:checking '/home/mtaruno@netid.washington.edu/516-robotics/final/install/kinova' for CMake config files
[3.087s] Level 1:colcon.colcon_core.environment:checking '/home/mtaruno@netid.washington.edu/516-robotics/final/install/kinova/lib'
[3.087s] Level 1:colcon.colcon_core.environment:checking '/home/mtaruno@netid.washington.edu/516-robotics/final/install/kinova/bin'
[3.087s] Level 1:colcon.colcon_core.environment:checking '/home/mtaruno@netid.washington.edu/516-robotics/final/install/kinova/lib/pkgconfig/kinova.pc'
[3.088s] Level 1:colcon.colcon_core.environment:checking '/home/mtaruno@netid.washington.edu/516-robotics/final/install/kinova/lib/python3.10/site-packages'
[3.088s] Level 1:colcon.colcon_core.shell:create_environment_hook('kinova', 'pythonpath')
[3.088s] INFO:colcon.colcon_core.shell:Creating environment hook '/home/mtaruno@netid.washington.edu/516-robotics/final/install/kinova/share/kinova/hook/pythonpath.ps1'
[3.089s] INFO:colcon.colcon_core.shell:Creating environment descriptor '/home/mtaruno@netid.washington.edu/516-robotics/final/install/kinova/share/kinova/hook/pythonpath.dsv'
[3.090s] INFO:colcon.colcon_core.shell:Creating environment hook '/home/mtaruno@netid.washington.edu/516-robotics/final/install/kinova/share/kinova/hook/pythonpath.sh'
[3.091s] Level 1:colcon.colcon_core.environment:checking '/home/mtaruno@netid.washington.edu/516-robotics/final/install/kinova/bin'
[3.091s] Level 1:colcon.colcon_core.environment:create_environment_scripts_only(kinova)
[3.092s] INFO:colcon.colcon_core.shell:Creating package script '/home/mtaruno@netid.washington.edu/516-robotics/final/install/kinova/share/kinova/package.ps1'
[3.093s] INFO:colcon.colcon_core.shell:Creating package descriptor '/home/mtaruno@netid.washington.edu/516-robotics/final/install/kinova/share/kinova/package.dsv'
[3.093s] INFO:colcon.colcon_core.shell:Creating package script '/home/mtaruno@netid.washington.edu/516-robotics/final/install/kinova/share/kinova/package.sh'
[3.094s] INFO:colcon.colcon_core.shell:Creating package script '/home/mtaruno@netid.washington.edu/516-robotics/final/install/kinova/share/kinova/package.bash'
[3.096s] INFO:colcon.colcon_core.shell:Creating package script '/home/mtaruno@netid.washington.edu/516-robotics/final/install/kinova/share/kinova/package.zsh'
[3.098s] Level 1:colcon.colcon_core.environment:create_file_with_runtime_dependencies(/home/mtaruno@netid.washington.edu/516-robotics/final/install/kinova/share/colcon-core/packages/kinova)
[3.102s] Level 1:colcon.colcon_core.environment:checking '/home/mtaruno@netid.washington.edu/516-robotics/final/install/turtle' for CMake module files
[3.103s] DEBUG:colcon.colcon_core.event_handler.log_command:Invoked command in '/home/mtaruno@netid.washington.edu/516-robotics/final/src/turtle' returned '0': PYTHONPATH=/home/mtaruno@netid.washington.edu/516-robotics/final/build/turtle/prefix_override:/usr/lib/python3/dist-packages/colcon_core/task/python/colcon_distutils_commands:/home/mtaruno@netid.washington.edu/516-robotics/final/install/turtle/lib/python3.10/site-packages:${PYTHONPATH} /usr/bin/python3 -W ignore:setup.py install is deprecated -W ignore:easy_install command is deprecated setup.py egg_info --egg-base ../../build/turtle build --build-base /home/mtaruno@netid.washington.edu/516-robotics/final/build/turtle/build install --record /home/mtaruno@netid.washington.edu/516-robotics/final/build/turtle/install.log --single-version-externally-managed install_data
[3.104s] Level 1:colcon.colcon_core.environment:checking '/home/mtaruno@netid.washington.edu/516-robotics/final/install/turtle' for CMake config files
[3.105s] Level 1:colcon.colcon_core.environment:checking '/home/mtaruno@netid.washington.edu/516-robotics/final/install/turtle/lib'
[3.105s] Level 1:colcon.colcon_core.environment:checking '/home/mtaruno@netid.washington.edu/516-robotics/final/install/turtle/bin'
[3.105s] Level 1:colcon.colcon_core.environment:checking '/home/mtaruno@netid.washington.edu/516-robotics/final/install/turtle/lib/pkgconfig/turtle.pc'
[3.106s] Level 1:colcon.colcon_core.environment:checking '/home/mtaruno@netid.washington.edu/516-robotics/final/install/turtle/lib/python3.10/site-packages'
[3.106s] Level 1:colcon.colcon_core.shell:create_environment_hook('turtle', 'pythonpath')
[3.107s] INFO:colcon.colcon_core.shell:Creating environment hook '/home/mtaruno@netid.washington.edu/516-robotics/final/install/turtle/share/turtle/hook/pythonpath.ps1'
[3.108s] INFO:colcon.colcon_core.shell:Creating environment descriptor '/home/mtaruno@netid.washington.edu/516-robotics/final/install/turtle/share/turtle/hook/pythonpath.dsv'
[3.109s] INFO:colcon.colcon_core.shell:Creating environment hook '/home/mtaruno@netid.washington.edu/516-robotics/final/install/turtle/share/turtle/hook/pythonpath.sh'
[3.110s] Level 1:colcon.colcon_core.environment:checking '/home/mtaruno@netid.washington.edu/516-robotics/final/install/turtle/bin'
[3.110s] Level 1:colcon.colcon_core.environment:create_environment_scripts_only(turtle)
[3.111s] INFO:colcon.colcon_core.shell:Creating package script '/home/mtaruno@netid.washington.edu/516-robotics/final/install/turtle/share/turtle/package.ps1'
[3.112s] INFO:colcon.colcon_core.shell:Creating package descriptor '/home/mtaruno@netid.washington.edu/516-robotics/final/install/turtle/share/turtle/package.dsv'
[3.113s] INFO:colcon.colcon_core.shell:Creating package script '/home/mtaruno@netid.washington.edu/516-robotics/final/install/turtle/share/turtle/package.sh'
[3.114s] INFO:colcon.colcon_core.shell:Creating package script '/home/mtaruno@netid.washington.edu/516-robotics/final/install/turtle/share/turtle/package.bash'
[3.115s] INFO:colcon.colcon_core.shell:Creating package script '/home/mtaruno@netid.washington.edu/516-robotics/final/install/turtle/share/turtle/package.zsh'
[3.116s] Level 1:colcon.colcon_core.environment:create_file_with_runtime_dependencies(/home/mtaruno@netid.washington.edu/516-robotics/final/install/turtle/share/colcon-core/packages/turtle)
[3.117s] DEBUG:colcon.colcon_parallel_executor.executor.parallel:closing loop
[3.118s] DEBUG:colcon.colcon_parallel_executor.executor.parallel:loop closed
[3.118s] DEBUG:colcon.colcon_parallel_executor.executor.parallel:run_until_complete finished with '0'
[3.118s] DEBUG:colcon.colcon_core.event_reactor:joining thread
[3.132s] INFO:colcon.colcon_core.plugin_system:Skipping extension 'colcon_notification.desktop_notification.terminal_notifier': Not used on non-Darwin systems
[3.132s] INFO:colcon.colcon_core.plugin_system:Skipping extension 'colcon_notification.desktop_notification.win32': Not used on non-Windows systems
[3.133s] INFO:colcon.colcon_notification.desktop_notification:Sending desktop notification using 'notify2'
[3.174s] DEBUG:colcon.colcon_core.event_reactor:joined thread
[3.175s] INFO:colcon.colcon_core.shell:Creating prefix script '/home/mtaruno@netid.washington.edu/516-robotics/final/install/local_setup.ps1'
[3.176s] INFO:colcon.colcon_core.shell:Creating prefix util module '/home/mtaruno@netid.washington.edu/516-robotics/final/install/_local_setup_util_ps1.py'
[3.179s] INFO:colcon.colcon_core.shell:Creating prefix chain script '/home/mtaruno@netid.washington.edu/516-robotics/final/install/setup.ps1'
[3.190s] INFO:colcon.colcon_core.shell:Creating prefix script '/home/mtaruno@netid.washington.edu/516-robotics/final/install/local_setup.sh'
[3.191s] INFO:colcon.colcon_core.shell:Creating prefix util module '/home/mtaruno@netid.washington.edu/516-robotics/final/install/_local_setup_util_sh.py'
[3.192s] INFO:colcon.colcon_core.shell:Creating prefix chain script '/home/mtaruno@netid.washington.edu/516-robotics/final/install/setup.sh'
[3.200s] INFO:colcon.colcon_core.shell:Creating prefix script '/home/mtaruno@netid.washington.edu/516-robotics/final/install/local_setup.bash'
[3.201s] INFO:colcon.colcon_core.shell:Creating prefix chain script '/home/mtaruno@netid.washington.edu/516-robotics/final/install/setup.bash'
[3.211s] INFO:colcon.colcon_core.shell:Creating prefix script '/home/mtaruno@netid.washington.edu/516-robotics/final/install/local_setup.zsh'
[3.212s] INFO:colcon.colcon_core.shell:Creating prefix chain script '/home/mtaruno@netid.washington.edu/516-robotics/final/install/setup.zsh'
