running egg_info
writing build/lab_quaternion/lab_quaternion.egg-info/PKG-INFO
writing dependency_links to build/lab_quaternion/lab_quaternion.egg-info/dependency_links.txt
writing entry points to build/lab_quaternion/lab_quaternion.egg-info/entry_points.txt
writing requirements to build/lab_quaternion/lab_quaternion.egg-info/requires.txt
writing top-level names to build/lab_quaternion/lab_quaternion.egg-info/top_level.txt
reading manifest file 'build/lab_quaternion/lab_quaternion.egg-info/SOURCES.txt'
writing manifest file 'build/lab_quaternion/lab_quaternion.egg-info/SOURCES.txt'
running build
running build_py
running install
running install_lib
running install_data
running install_egg_info
removing '/home/mtaruno@netid.washington.edu/TECHIN516/lab7/src/lab_quaternion/install/lab_quaternion/lib/python3.10/site-packages/lab_quaternion-0.0.1-py3.10.egg-info' (and everything under it)
Copying build/lab_quaternion/lab_quaternion.egg-info to /home/mtaruno@netid.washington.edu/TECHIN516/lab7/src/lab_quaternion/install/lab_quaternion/lib/python3.10/site-packages/lab_quaternion-0.0.1-py3.10.egg-info
running install_scripts
Installing gen3lite_pymoveit2 script to /home/mtaruno@netid.washington.edu/TECHIN516/lab7/src/lab_quaternion/install/lab_quaternion/lib/lab_quaternion
Installing pick_and_place script to /home/mtaruno@netid.washington.edu/TECHIN516/lab7/src/lab_quaternion/install/lab_quaternion/lib/lab_quaternion
Installing trajectory_from_csv script to /home/mtaruno@netid.washington.edu/TECHIN516/lab7/src/lab_quaternion/install/lab_quaternion/lib/lab_quaternion
writing list of installed files to '/home/mtaruno@netid.washington.edu/TECHIN516/lab7/src/lab_quaternion/build/lab_quaternion/install.log'
