[0.656s] Invoking command in '/home/mtaruno@netid.washington.edu/516-robotics/final/turtle': PYTHONPATH=/home/mtaruno@netid.washington.edu/516-robotics/final/turtle/build/turtle/prefix_override:/usr/lib/python3/dist-packages/colcon_core/task/python/colcon_distutils_commands:/home/mtaruno@netid.washington.edu/516-robotics/final/turtle/install/turtle/lib/python3.10/site-packages:${PYTHONPATH} /usr/bin/python3 -W ignore:setup.py install is deprecated -W ignore:easy_install command is deprecated setup.py egg_info --egg-base build/turtle build --build-base /home/mtaruno@netid.washington.edu/516-robotics/final/turtle/build/turtle/build install --record /home/mtaruno@netid.washington.edu/516-robotics/final/turtle/build/turtle/install.log --single-version-externally-managed install_data
[0.911s] running egg_info
[0.912s] writing build/turtle/turtle.egg-info/PKG-INFO
[0.912s] writing dependency_links to build/turtle/turtle.egg-info/dependency_links.txt
[0.912s] writing entry points to build/turtle/turtle.egg-info/entry_points.txt
[0.912s] writing requirements to build/turtle/turtle.egg-info/requires.txt
[0.913s] writing top-level names to build/turtle/turtle.egg-info/top_level.txt
[0.916s] reading manifest file 'build/turtle/turtle.egg-info/SOURCES.txt'
[0.917s] writing manifest file 'build/turtle/turtle.egg-info/SOURCES.txt'
[0.917s] running build
[0.917s] running build_py
[0.918s] running install
[0.918s] running install_lib
[0.920s] running install_data
[0.920s] running install_egg_info
[0.923s] removing '/home/mtaruno@netid.washington.edu/516-robotics/final/turtle/install/turtle/lib/python3.10/site-packages/turtle-0.0.0-py3.10.egg-info' (and everything under it)
[0.923s] Copying build/turtle/turtle.egg-info to /home/mtaruno@netid.washington.edu/516-robotics/final/turtle/install/turtle/lib/python3.10/site-packages/turtle-0.0.0-py3.10.egg-info
[0.924s] running install_scripts
[0.944s] Installing basket script to /home/mtaruno@netid.washington.edu/516-robotics/final/turtle/install/turtle/lib/turtle
[0.944s] writing list of installed files to '/home/mtaruno@netid.washington.edu/516-robotics/final/turtle/build/turtle/install.log'
[0.964s] Invoked command in '/home/mtaruno@netid.washington.edu/516-robotics/final/turtle' returned '0': PYTHONPATH=/home/mtaruno@netid.washington.edu/516-robotics/final/turtle/build/turtle/prefix_override:/usr/lib/python3/dist-packages/colcon_core/task/python/colcon_distutils_commands:/home/mtaruno@netid.washington.edu/516-robotics/final/turtle/install/turtle/lib/python3.10/site-packages:${PYTHONPATH} /usr/bin/python3 -W ignore:setup.py install is deprecated -W ignore:easy_install command is deprecated setup.py egg_info --egg-base build/turtle build --build-base /home/mtaruno@netid.washington.edu/516-robotics/final/turtle/build/turtle/build install --record /home/mtaruno@netid.washington.edu/516-robotics/final/turtle/build/turtle/install.log --single-version-externally-managed install_data
