[0.711s] Invoking command in '/home/mtaruno@netid.washington.edu/516-robotics/lab7/lab_quaternion': PYTHONPATH=/home/mtaruno@netid.washington.edu/516-robotics/lab7/lab_quaternion/build/lab_quaternion/prefix_override:/usr/lib/python3/dist-packages/colcon_core/task/python/colcon_distutils_commands:/home/mtaruno@netid.washington.edu/516-robotics/lab7/lab_quaternion/install/lab_quaternion/lib/python3.10/site-packages:${PYTHONPATH} /usr/bin/python3 -W ignore:setup.py install is deprecated -W ignore:easy_install command is deprecated setup.py egg_info --egg-base build/lab_quaternion build --build-base /home/mtaruno@netid.washington.edu/516-robotics/lab7/lab_quaternion/build/lab_quaternion/build install --record /home/mtaruno@netid.washington.edu/516-robotics/lab7/lab_quaternion/build/lab_quaternion/install.log --single-version-externally-managed install_data
[0.995s] running egg_info
[0.996s] writing build/lab_quaternion/lab_quaternion.egg-info/PKG-INFO
[0.996s] writing dependency_links to build/lab_quaternion/lab_quaternion.egg-info/dependency_links.txt
[0.996s] writing entry points to build/lab_quaternion/lab_quaternion.egg-info/entry_points.txt
[0.996s] writing requirements to build/lab_quaternion/lab_quaternion.egg-info/requires.txt
[0.997s] writing top-level names to build/lab_quaternion/lab_quaternion.egg-info/top_level.txt
[0.998s] reading manifest file 'build/lab_quaternion/lab_quaternion.egg-info/SOURCES.txt'
[0.999s] writing manifest file 'build/lab_quaternion/lab_quaternion.egg-info/SOURCES.txt'
[0.999s] running build
[0.999s] running build_py
[0.999s] copying lab_quaternion/pick_and_place_over_obstacle.py -> /home/mtaruno@netid.washington.edu/516-robotics/lab7/lab_quaternion/build/lab_quaternion/build/lib/lab_quaternion
[1.000s] running install
[1.000s] running install_lib
[1.001s] copying /home/mtaruno@netid.washington.edu/516-robotics/lab7/lab_quaternion/build/lab_quaternion/build/lib/lab_quaternion/pick_and_place_over_obstacle.py -> /home/mtaruno@netid.washington.edu/516-robotics/lab7/lab_quaternion/install/lab_quaternion/lib/python3.10/site-packages/lab_quaternion
[1.002s] byte-compiling /home/mtaruno@netid.washington.edu/516-robotics/lab7/lab_quaternion/install/lab_quaternion/lib/python3.10/site-packages/lab_quaternion/pick_and_place_over_obstacle.py to pick_and_place_over_obstacle.cpython-310.pyc
[1.002s] running install_data
[1.003s] running install_egg_info
[1.005s] removing '/home/mtaruno@netid.washington.edu/516-robotics/lab7/lab_quaternion/install/lab_quaternion/lib/python3.10/site-packages/lab_quaternion-0.0.1-py3.10.egg-info' (and everything under it)
[1.005s] Copying build/lab_quaternion/lab_quaternion.egg-info to /home/mtaruno@netid.washington.edu/516-robotics/lab7/lab_quaternion/install/lab_quaternion/lib/python3.10/site-packages/lab_quaternion-0.0.1-py3.10.egg-info
[1.006s] running install_scripts
[1.030s] Installing gen3lite_pymoveit2 script to /home/mtaruno@netid.washington.edu/516-robotics/lab7/lab_quaternion/install/lab_quaternion/lib/lab_quaternion
[1.030s] Installing pick_and_place script to /home/mtaruno@netid.washington.edu/516-robotics/lab7/lab_quaternion/install/lab_quaternion/lib/lab_quaternion
[1.030s] Installing pick_and_place_over_obstacle script to /home/mtaruno@netid.washington.edu/516-robotics/lab7/lab_quaternion/install/lab_quaternion/lib/lab_quaternion
[1.030s] Installing trajectory_from_csv script to /home/mtaruno@netid.washington.edu/516-robotics/lab7/lab_quaternion/install/lab_quaternion/lib/lab_quaternion
[1.031s] writing list of installed files to '/home/mtaruno@netid.washington.edu/516-robotics/lab7/lab_quaternion/build/lab_quaternion/install.log'
[1.054s] Invoked command in '/home/mtaruno@netid.washington.edu/516-robotics/lab7/lab_quaternion' returned '0': PYTHONPATH=/home/mtaruno@netid.washington.edu/516-robotics/lab7/lab_quaternion/build/lab_quaternion/prefix_override:/usr/lib/python3/dist-packages/colcon_core/task/python/colcon_distutils_commands:/home/mtaruno@netid.washington.edu/516-robotics/lab7/lab_quaternion/install/lab_quaternion/lib/python3.10/site-packages:${PYTHONPATH} /usr/bin/python3 -W ignore:setup.py install is deprecated -W ignore:easy_install command is deprecated setup.py egg_info --egg-base build/lab_quaternion build --build-base /home/mtaruno@netid.washington.edu/516-robotics/lab7/lab_quaternion/build/lab_quaternion/build install --record /home/mtaruno@netid.washington.edu/516-robotics/lab7/lab_quaternion/build/lab_quaternion/install.log --single-version-externally-managed install_data
