[0.124s] DEBUG:colcon:Command line arguments: ['/usr/bin/colcon', 'build']
[0.124s] DEBUG:colcon:Parsed command line arguments: Namespace(log_base=None, log_level=None, verb_name='build', build_base='build', install_base='install', merge_install=False, symlink_install=False, test_result_base=None, continue_on_error=False, executor='parallel', parallel_workers=8, event_handlers=None, ignore_user_meta=False, metas=['./colcon.meta'], base_paths=['.'], packages_ignore=None, packages_ignore_regex=None, paths=None, packages_up_to=None, packages_up_to_regex=None, packages_above=None, packages_above_and_dependencies=None, packages_above_depth=None, packages_select_by_dep=None, packages_skip_by_dep=None, packages_skip_up_to=None, packages_select_build_failed=False, packages_skip_build_finished=False, packages_select_test_failures=False, packages_skip_test_passed=False, packages_select=None, packages_skip=None, packages_select_regex=None, packages_skip_regex=None, packages_start=None, packages_end=None, allow_overriding=[], cmake_args=None, cmake_target=None, cmake_target_skip_unavailable=False, cmake_clean_cache=False, cmake_clean_first=False, cmake_force_configure=False, ament_cmake_args=None, catkin_cmake_args=None, catkin_skip_building_tests=False, mixin_files=None, mixin=None, verb_parser=<colcon_mixin.mixin.mixin_argument.MixinArgumentDecorator object at 0x7d059543d4b0>, verb_extension=<colcon_core.verb.build.BuildVerb object at 0x7d059559e440>, main=<bound method BuildVerb.main of <colcon_core.verb.build.BuildVerb object at 0x7d059559e440>>, mixin_verb=('build',))
[0.329s] Level 1:colcon.colcon_core.package_discovery:discover_packages(colcon_meta) check parameters
[0.330s] Level 1:colcon.colcon_core.package_discovery:discover_packages(recursive) check parameters
[0.330s] Level 1:colcon.colcon_core.package_discovery:discover_packages(ignore) check parameters
[0.330s] Level 1:colcon.colcon_core.package_discovery:discover_packages(path) check parameters
[0.330s] Level 1:colcon.colcon_core.package_discovery:discover_packages(colcon_meta) discover
[0.330s] Level 1:colcon.colcon_core.package_discovery:discover_packages(recursive) discover
[0.330s] INFO:colcon.colcon_core.package_discovery:Crawling recursively for packages in '/home/mtaruno@netid.washington.edu/516-robotics/final'
[0.330s] Level 1:colcon.colcon_core.package_identification:_identify(.) by extensions ['ignore', 'ignore_ament_install']
[0.330s] Level 1:colcon.colcon_core.package_identification:_identify(.) by extension 'ignore'
[0.330s] Level 1:colcon.colcon_core.package_identification:_identify(.) by extension 'ignore_ament_install'
[0.330s] Level 1:colcon.colcon_core.package_identification:_identify(.) by extensions ['colcon_pkg']
[0.330s] Level 1:colcon.colcon_core.package_identification:_identify(.) by extension 'colcon_pkg'
[0.330s] Level 1:colcon.colcon_core.package_identification:_identify(.) by extensions ['colcon_meta']
[0.330s] Level 1:colcon.colcon_core.package_identification:_identify(.) by extension 'colcon_meta'
[0.330s] Level 1:colcon.colcon_core.package_identification:_identify(.) by extensions ['ros']
[0.330s] Level 1:colcon.colcon_core.package_identification:_identify(.) by extension 'ros'
[0.341s] Level 1:colcon.colcon_core.package_identification:_identify(.) by extensions ['cmake', 'python']
[0.341s] Level 1:colcon.colcon_core.package_identification:_identify(.) by extension 'cmake'
[0.341s] Level 1:colcon.colcon_core.package_identification:_identify(.) by extension 'python'
[0.341s] Level 1:colcon.colcon_core.package_identification:_identify(.) by extensions ['python_setup_py']
[0.341s] Level 1:colcon.colcon_core.package_identification:_identify(.) by extension 'python_setup_py'
[0.342s] Level 1:colcon.colcon_core.package_identification:_identify(build) by extensions ['ignore', 'ignore_ament_install']
[0.342s] Level 1:colcon.colcon_core.package_identification:_identify(build) by extension 'ignore'
[0.342s] Level 1:colcon.colcon_core.package_identification:_identify(build) ignored
[0.342s] Level 1:colcon.colcon_core.package_identification:_identify(install) by extensions ['ignore', 'ignore_ament_install']
[0.342s] Level 1:colcon.colcon_core.package_identification:_identify(install) by extension 'ignore'
[0.342s] Level 1:colcon.colcon_core.package_identification:_identify(install) ignored
[0.342s] Level 1:colcon.colcon_core.package_identification:_identify(log) by extensions ['ignore', 'ignore_ament_install']
[0.342s] Level 1:colcon.colcon_core.package_identification:_identify(log) by extension 'ignore'
[0.342s] Level 1:colcon.colcon_core.package_identification:_identify(log) ignored
[0.343s] Level 1:colcon.colcon_core.package_identification:_identify(src) by extensions ['ignore', 'ignore_ament_install']
[0.343s] Level 1:colcon.colcon_core.package_identification:_identify(src) by extension 'ignore'
[0.343s] Level 1:colcon.colcon_core.package_identification:_identify(src) by extension 'ignore_ament_install'
[0.343s] Level 1:colcon.colcon_core.package_identification:_identify(src) by extensions ['colcon_pkg']
[0.343s] Level 1:colcon.colcon_core.package_identification:_identify(src) by extension 'colcon_pkg'
[0.343s] Level 1:colcon.colcon_core.package_identification:_identify(src) by extensions ['colcon_meta']
[0.343s] Level 1:colcon.colcon_core.package_identification:_identify(src) by extension 'colcon_meta'
[0.343s] Level 1:colcon.colcon_core.package_identification:_identify(src) by extensions ['ros']
[0.343s] Level 1:colcon.colcon_core.package_identification:_identify(src) by extension 'ros'
[0.343s] Level 1:colcon.colcon_core.package_identification:_identify(src) by extensions ['cmake', 'python']
[0.343s] Level 1:colcon.colcon_core.package_identification:_identify(src) by extension 'cmake'
[0.343s] Level 1:colcon.colcon_core.package_identification:_identify(src) by extension 'python'
[0.343s] Level 1:colcon.colcon_core.package_identification:_identify(src) by extensions ['python_setup_py']
[0.343s] Level 1:colcon.colcon_core.package_identification:_identify(src) by extension 'python_setup_py'
[0.343s] Level 1:colcon.colcon_core.package_identification:_identify(src/kinova) by extensions ['ignore', 'ignore_ament_install']
[0.344s] Level 1:colcon.colcon_core.package_identification:_identify(src/kinova) by extension 'ignore'
[0.344s] Level 1:colcon.colcon_core.package_identification:_identify(src/kinova) by extension 'ignore_ament_install'
[0.344s] Level 1:colcon.colcon_core.package_identification:_identify(src/kinova) by extensions ['colcon_pkg']
[0.344s] Level 1:colcon.colcon_core.package_identification:_identify(src/kinova) by extension 'colcon_pkg'
[0.344s] Level 1:colcon.colcon_core.package_identification:_identify(src/kinova) by extensions ['colcon_meta']
[0.344s] Level 1:colcon.colcon_core.package_identification:_identify(src/kinova) by extension 'colcon_meta'
[0.344s] Level 1:colcon.colcon_core.package_identification:_identify(src/kinova) by extensions ['ros']
[0.344s] Level 1:colcon.colcon_core.package_identification:_identify(src/kinova) by extension 'ros'
[0.347s] DEBUG:colcon.colcon_core.package_identification:Package 'src/kinova' with type 'ros.ament_python' and name 'kinova'
[0.347s] Level 1:colcon.colcon_core.package_identification:_identify(src/turtle) by extensions ['ignore', 'ignore_ament_install']
[0.347s] Level 1:colcon.colcon_core.package_identification:_identify(src/turtle) by extension 'ignore'
[0.347s] Level 1:colcon.colcon_core.package_identification:_identify(src/turtle) by extension 'ignore_ament_install'
[0.347s] Level 1:colcon.colcon_core.package_identification:_identify(src/turtle) by extensions ['colcon_pkg']
[0.347s] Level 1:colcon.colcon_core.package_identification:_identify(src/turtle) by extension 'colcon_pkg'
[0.347s] Level 1:colcon.colcon_core.package_identification:_identify(src/turtle) by extensions ['colcon_meta']
[0.347s] Level 1:colcon.colcon_core.package_identification:_identify(src/turtle) by extension 'colcon_meta'
[0.348s] Level 1:colcon.colcon_core.package_identification:_identify(src/turtle) by extensions ['ros']
[0.348s] Level 1:colcon.colcon_core.package_identification:_identify(src/turtle) by extension 'ros'
[0.360s] DEBUG:colcon.colcon_core.package_identification:Package 'src/turtle' with type 'ros.ament_python' and name 'turtle'
[0.360s] Level 1:colcon.colcon_core.package_discovery:discover_packages(recursive) using defaults
[0.360s] Level 1:colcon.colcon_core.package_discovery:discover_packages(ignore) discover
[0.360s] Level 1:colcon.colcon_core.package_discovery:discover_packages(ignore) using defaults
[0.360s] Level 1:colcon.colcon_core.package_discovery:discover_packages(path) discover
[0.360s] Level 1:colcon.colcon_core.package_discovery:discover_packages(path) using defaults
[0.385s] Level 1:colcon.colcon_core.package_discovery:discover_packages(prefix_path) check parameters
[0.385s] Level 1:colcon.colcon_core.package_discovery:discover_packages(prefix_path) discover
[0.392s] DEBUG:colcon.colcon_installed_package_information.package_discovery:Found 2 installed packages in /home/mtaruno@netid.washington.edu/516-robotics/final/install
[0.393s] DEBUG:colcon.colcon_installed_package_information.package_discovery:Found 12 installed packages in /home/mtaruno@netid.washington.edu/516-robotics/turtlebot_ws/install
[0.396s] DEBUG:colcon.colcon_installed_package_information.package_discovery:Found 90 installed packages in /home/mtaruno@netid.washington.edu/TECHIN516/kinova_ws/install
[0.398s] DEBUG:colcon.colcon_installed_package_information.package_discovery:Found 429 installed packages in /opt/ros/humble
[0.402s] Level 1:colcon.colcon_core.package_discovery:discover_packages(prefix_path) using defaults
[0.470s] Level 5:colcon.colcon_core.verb:set package 'kinova' build argument 'cmake_args' from command line to 'None'
[0.471s] Level 5:colcon.colcon_core.verb:set package 'kinova' build argument 'cmake_target' from command line to 'None'
[0.471s] Level 5:colcon.colcon_core.verb:set package 'kinova' build argument 'cmake_target_skip_unavailable' from command line to 'False'
[0.471s] Level 5:colcon.colcon_core.verb:set package 'kinova' build argument 'cmake_clean_cache' from command line to 'False'
[0.471s] Level 5:colcon.colcon_core.verb:set package 'kinova' build argument 'cmake_clean_first' from command line to 'False'
[0.471s] Level 5:colcon.colcon_core.verb:set package 'kinova' build argument 'cmake_force_configure' from command line to 'False'
[0.471s] Level 5:colcon.colcon_core.verb:set package 'kinova' build argument 'ament_cmake_args' from command line to 'None'
[0.471s] Level 5:colcon.colcon_core.verb:set package 'kinova' build argument 'catkin_cmake_args' from command line to 'None'
[0.471s] Level 5:colcon.colcon_core.verb:set package 'kinova' build argument 'catkin_skip_building_tests' from command line to 'False'
[0.471s] DEBUG:colcon.colcon_core.verb:Building package 'kinova' with the following arguments: {'ament_cmake_args': None, 'build_base': '/home/mtaruno@netid.washington.edu/516-robotics/final/build/kinova', 'catkin_cmake_args': None, 'catkin_skip_building_tests': False, 'cmake_args': None, 'cmake_clean_cache': False, 'cmake_clean_first': False, 'cmake_force_configure': False, 'cmake_target': None, 'cmake_target_skip_unavailable': False, 'install_base': '/home/mtaruno@netid.washington.edu/516-robotics/final/install/kinova', 'merge_install': False, 'path': '/home/mtaruno@netid.washington.edu/516-robotics/final/src/kinova', 'symlink_install': False, 'test_result_base': None}
[0.471s] Level 5:colcon.colcon_core.verb:set package 'turtle' build argument 'cmake_args' from command line to 'None'
[0.471s] Level 5:colcon.colcon_core.verb:set package 'turtle' build argument 'cmake_target' from command line to 'None'
[0.471s] Level 5:colcon.colcon_core.verb:set package 'turtle' build argument 'cmake_target_skip_unavailable' from command line to 'False'
[0.471s] Level 5:colcon.colcon_core.verb:set package 'turtle' build argument 'cmake_clean_cache' from command line to 'False'
[0.471s] Level 5:colcon.colcon_core.verb:set package 'turtle' build argument 'cmake_clean_first' from command line to 'False'
[0.471s] Level 5:colcon.colcon_core.verb:set package 'turtle' build argument 'cmake_force_configure' from command line to 'False'
[0.472s] Level 5:colcon.colcon_core.verb:set package 'turtle' build argument 'ament_cmake_args' from command line to 'None'
[0.472s] Level 5:colcon.colcon_core.verb:set package 'turtle' build argument 'catkin_cmake_args' from command line to 'None'
[0.472s] Level 5:colcon.colcon_core.verb:set package 'turtle' build argument 'catkin_skip_building_tests' from command line to 'False'
[0.472s] DEBUG:colcon.colcon_core.verb:Building package 'turtle' with the following arguments: {'ament_cmake_args': None, 'build_base': '/home/mtaruno@netid.washington.edu/516-robotics/final/build/turtle', 'catkin_cmake_args': None, 'catkin_skip_building_tests': False, 'cmake_args': None, 'cmake_clean_cache': False, 'cmake_clean_first': False, 'cmake_force_configure': False, 'cmake_target': None, 'cmake_target_skip_unavailable': False, 'install_base': '/home/mtaruno@netid.washington.edu/516-robotics/final/install/turtle', 'merge_install': False, 'path': '/home/mtaruno@netid.washington.edu/516-robotics/final/src/turtle', 'symlink_install': False, 'test_result_base': None}
[0.472s] INFO:colcon.colcon_core.executor:Executing jobs using 'parallel' executor
[0.473s] DEBUG:colcon.colcon_parallel_executor.executor.parallel:run_until_complete
[0.473s] INFO:colcon.colcon_ros.task.ament_python.build:Building ROS package in '/home/mtaruno@netid.washington.edu/516-robotics/final/src/kinova' with build type 'ament_python'
[0.473s] Level 1:colcon.colcon_core.shell:create_environment_hook('kinova', 'ament_prefix_path')
[0.476s] INFO:colcon.colcon_core.plugin_system:Skipping extension 'colcon_core.shell.bat': Not used on non-Windows systems
[0.476s] INFO:colcon.colcon_core.shell:Creating environment hook '/home/mtaruno@netid.washington.edu/516-robotics/final/install/kinova/share/kinova/hook/ament_prefix_path.ps1'
[0.477s] INFO:colcon.colcon_core.shell:Creating environment descriptor '/home/mtaruno@netid.washington.edu/516-robotics/final/install/kinova/share/kinova/hook/ament_prefix_path.dsv'
[0.477s] INFO:colcon.colcon_core.shell:Creating environment hook '/home/mtaruno@netid.washington.edu/516-robotics/final/install/kinova/share/kinova/hook/ament_prefix_path.sh'
[0.478s] INFO:colcon.colcon_core.shell:Skip shell extension 'powershell' for command environment: Not usable outside of PowerShell
[0.479s] DEBUG:colcon.colcon_core.shell:Skip shell extension 'dsv' for command environment
[0.493s] INFO:colcon.colcon_ros.task.ament_python.build:Building ROS package in '/home/mtaruno@netid.washington.edu/516-robotics/final/src/turtle' with build type 'ament_python'
[0.493s] Level 1:colcon.colcon_core.shell:create_environment_hook('turtle', 'ament_prefix_path')
[0.493s] INFO:colcon.colcon_core.shell:Creating environment hook '/home/mtaruno@netid.washington.edu/516-robotics/final/install/turtle/share/turtle/hook/ament_prefix_path.ps1'
[0.494s] INFO:colcon.colcon_core.shell:Creating environment descriptor '/home/mtaruno@netid.washington.edu/516-robotics/final/install/turtle/share/turtle/hook/ament_prefix_path.dsv'
[0.494s] INFO:colcon.colcon_core.shell:Creating environment hook '/home/mtaruno@netid.washington.edu/516-robotics/final/install/turtle/share/turtle/hook/ament_prefix_path.sh'
[0.495s] INFO:colcon.colcon_core.shell:Skip shell extension 'powershell' for command environment: Not usable outside of PowerShell
[0.495s] DEBUG:colcon.colcon_core.shell:Skip shell extension 'dsv' for command environment
[0.879s] INFO:colcon.colcon_core.task.python.build:Building Python package in '/home/mtaruno@netid.washington.edu/516-robotics/final/src/kinova'
[0.880s] INFO:colcon.colcon_core.shell:Skip shell extension 'powershell' for command environment: Not usable outside of PowerShell
[0.880s] DEBUG:colcon.colcon_core.shell:Skip shell extension 'dsv' for command environment
[1.230s] INFO:colcon.colcon_core.task.python.build:Building Python package in '/home/mtaruno@netid.washington.edu/516-robotics/final/src/turtle'
[1.231s] INFO:colcon.colcon_core.shell:Skip shell extension 'powershell' for command environment: Not usable outside of PowerShell
[1.231s] DEBUG:colcon.colcon_core.shell:Skip shell extension 'dsv' for command environment
[1.730s] DEBUG:colcon.colcon_core.event_handler.log_command:Invoking command in '/home/mtaruno@netid.washington.edu/516-robotics/final/src/kinova': PYTHONPATH=/home/mtaruno@netid.washington.edu/516-robotics/final/build/kinova/prefix_override:/usr/lib/python3/dist-packages/colcon_core/task/python/colcon_distutils_commands:/home/mtaruno@netid.washington.edu/516-robotics/final/install/kinova/lib/python3.10/site-packages:${PYTHONPATH} /usr/bin/python3 -W ignore:setup.py install is deprecated -W ignore:easy_install command is deprecated setup.py egg_info --egg-base ../../build/kinova build --build-base /home/mtaruno@netid.washington.edu/516-robotics/final/build/kinova/build install --record /home/mtaruno@netid.washington.edu/516-robotics/final/build/kinova/install.log --single-version-externally-managed install_data
[1.762s] DEBUG:colcon.colcon_core.event_handler.log_command:Invoking command in '/home/mtaruno@netid.washington.edu/516-robotics/final/src/turtle': PYTHONPATH=/home/mtaruno@netid.washington.edu/516-robotics/final/build/turtle/prefix_override:/usr/lib/python3/dist-packages/colcon_core/task/python/colcon_distutils_commands:/home/mtaruno@netid.washington.edu/516-robotics/final/install/turtle/lib/python3.10/site-packages:${PYTHONPATH} /usr/bin/python3 -W ignore:setup.py install is deprecated -W ignore:easy_install command is deprecated setup.py egg_info --egg-base ../../build/turtle build --build-base /home/mtaruno@netid.washington.edu/516-robotics/final/build/turtle/build install --record /home/mtaruno@netid.washington.edu/516-robotics/final/build/turtle/install.log --single-version-externally-managed install_data
[2.179s] DEBUG:colcon.colcon_core.event_handler.log_command:Invoked command in '/home/mtaruno@netid.washington.edu/516-robotics/final/src/kinova' returned '0': PYTHONPATH=/home/mtaruno@netid.washington.edu/516-robotics/final/build/kinova/prefix_override:/usr/lib/python3/dist-packages/colcon_core/task/python/colcon_distutils_commands:/home/mtaruno@netid.washington.edu/516-robotics/final/install/kinova/lib/python3.10/site-packages:${PYTHONPATH} /usr/bin/python3 -W ignore:setup.py install is deprecated -W ignore:easy_install command is deprecated setup.py egg_info --egg-base ../../build/kinova build --build-base /home/mtaruno@netid.washington.edu/516-robotics/final/build/kinova/build install --record /home/mtaruno@netid.washington.edu/516-robotics/final/build/kinova/install.log --single-version-externally-managed install_data
[2.183s] Level 1:colcon.colcon_core.environment:checking '/home/mtaruno@netid.washington.edu/516-robotics/final/install/kinova' for CMake module files
[2.184s] Level 1:colcon.colcon_core.environment:checking '/home/mtaruno@netid.washington.edu/516-robotics/final/install/kinova' for CMake config files
[2.185s] Level 1:colcon.colcon_core.environment:checking '/home/mtaruno@netid.washington.edu/516-robotics/final/install/kinova/lib'
[2.186s] Level 1:colcon.colcon_core.environment:checking '/home/mtaruno@netid.washington.edu/516-robotics/final/install/kinova/bin'
[2.186s] Level 1:colcon.colcon_core.environment:checking '/home/mtaruno@netid.washington.edu/516-robotics/final/install/kinova/lib/pkgconfig/kinova.pc'
[2.186s] Level 1:colcon.colcon_core.environment:checking '/home/mtaruno@netid.washington.edu/516-robotics/final/install/kinova/lib/python3.10/site-packages'
[2.186s] Level 1:colcon.colcon_core.shell:create_environment_hook('kinova', 'pythonpath')
[2.187s] INFO:colcon.colcon_core.shell:Creating environment hook '/home/mtaruno@netid.washington.edu/516-robotics/final/install/kinova/share/kinova/hook/pythonpath.ps1'
[2.187s] INFO:colcon.colcon_core.shell:Creating environment descriptor '/home/mtaruno@netid.washington.edu/516-robotics/final/install/kinova/share/kinova/hook/pythonpath.dsv'
[2.188s] INFO:colcon.colcon_core.shell:Creating environment hook '/home/mtaruno@netid.washington.edu/516-robotics/final/install/kinova/share/kinova/hook/pythonpath.sh'
[2.189s] Level 1:colcon.colcon_core.environment:checking '/home/mtaruno@netid.washington.edu/516-robotics/final/install/kinova/bin'
[2.189s] Level 1:colcon.colcon_core.environment:create_environment_scripts_only(kinova)
[2.189s] INFO:colcon.colcon_core.shell:Creating package script '/home/mtaruno@netid.washington.edu/516-robotics/final/install/kinova/share/kinova/package.ps1'
[2.191s] INFO:colcon.colcon_core.shell:Creating package descriptor '/home/mtaruno@netid.washington.edu/516-robotics/final/install/kinova/share/kinova/package.dsv'
[2.192s] INFO:colcon.colcon_core.shell:Creating package script '/home/mtaruno@netid.washington.edu/516-robotics/final/install/kinova/share/kinova/package.sh'
[2.193s] INFO:colcon.colcon_core.shell:Creating package script '/home/mtaruno@netid.washington.edu/516-robotics/final/install/kinova/share/kinova/package.bash'
[2.195s] INFO:colcon.colcon_core.shell:Creating package script '/home/mtaruno@netid.washington.edu/516-robotics/final/install/kinova/share/kinova/package.zsh'
[2.195s] Level 1:colcon.colcon_core.environment:create_file_with_runtime_dependencies(/home/mtaruno@netid.washington.edu/516-robotics/final/install/kinova/share/colcon-core/packages/kinova)
[2.216s] Level 1:colcon.colcon_core.environment:checking '/home/mtaruno@netid.washington.edu/516-robotics/final/install/turtle' for CMake module files
[2.217s] DEBUG:colcon.colcon_core.event_handler.log_command:Invoked command in '/home/mtaruno@netid.washington.edu/516-robotics/final/src/turtle' returned '0': PYTHONPATH=/home/mtaruno@netid.washington.edu/516-robotics/final/build/turtle/prefix_override:/usr/lib/python3/dist-packages/colcon_core/task/python/colcon_distutils_commands:/home/mtaruno@netid.washington.edu/516-robotics/final/install/turtle/lib/python3.10/site-packages:${PYTHONPATH} /usr/bin/python3 -W ignore:setup.py install is deprecated -W ignore:easy_install command is deprecated setup.py egg_info --egg-base ../../build/turtle build --build-base /home/mtaruno@netid.washington.edu/516-robotics/final/build/turtle/build install --record /home/mtaruno@netid.washington.edu/516-robotics/final/build/turtle/install.log --single-version-externally-managed install_data
[2.218s] Level 1:colcon.colcon_core.environment:checking '/home/mtaruno@netid.washington.edu/516-robotics/final/install/turtle' for CMake config files
[2.219s] Level 1:colcon.colcon_core.environment:checking '/home/mtaruno@netid.washington.edu/516-robotics/final/install/turtle/lib'
[2.219s] Level 1:colcon.colcon_core.environment:checking '/home/mtaruno@netid.washington.edu/516-robotics/final/install/turtle/bin'
[2.220s] Level 1:colcon.colcon_core.environment:checking '/home/mtaruno@netid.washington.edu/516-robotics/final/install/turtle/lib/pkgconfig/turtle.pc'
[2.220s] Level 1:colcon.colcon_core.environment:checking '/home/mtaruno@netid.washington.edu/516-robotics/final/install/turtle/lib/python3.10/site-packages'
[2.220s] Level 1:colcon.colcon_core.shell:create_environment_hook('turtle', 'pythonpath')
[2.221s] INFO:colcon.colcon_core.shell:Creating environment hook '/home/mtaruno@netid.washington.edu/516-robotics/final/install/turtle/share/turtle/hook/pythonpath.ps1'
[2.222s] INFO:colcon.colcon_core.shell:Creating environment descriptor '/home/mtaruno@netid.washington.edu/516-robotics/final/install/turtle/share/turtle/hook/pythonpath.dsv'
[2.222s] INFO:colcon.colcon_core.shell:Creating environment hook '/home/mtaruno@netid.washington.edu/516-robotics/final/install/turtle/share/turtle/hook/pythonpath.sh'
[2.223s] Level 1:colcon.colcon_core.environment:checking '/home/mtaruno@netid.washington.edu/516-robotics/final/install/turtle/bin'
[2.223s] Level 1:colcon.colcon_core.environment:create_environment_scripts_only(turtle)
[2.224s] INFO:colcon.colcon_core.shell:Creating package script '/home/mtaruno@netid.washington.edu/516-robotics/final/install/turtle/share/turtle/package.ps1'
[2.225s] INFO:colcon.colcon_core.shell:Creating package descriptor '/home/mtaruno@netid.washington.edu/516-robotics/final/install/turtle/share/turtle/package.dsv'
[2.226s] INFO:colcon.colcon_core.shell:Creating package script '/home/mtaruno@netid.washington.edu/516-robotics/final/install/turtle/share/turtle/package.sh'
[2.227s] INFO:colcon.colcon_core.shell:Creating package script '/home/mtaruno@netid.washington.edu/516-robotics/final/install/turtle/share/turtle/package.bash'
[2.228s] INFO:colcon.colcon_core.shell:Creating package script '/home/mtaruno@netid.washington.edu/516-robotics/final/install/turtle/share/turtle/package.zsh'
[2.228s] Level 1:colcon.colcon_core.environment:create_file_with_runtime_dependencies(/home/mtaruno@netid.washington.edu/516-robotics/final/install/turtle/share/colcon-core/packages/turtle)
[2.229s] DEBUG:colcon.colcon_parallel_executor.executor.parallel:closing loop
[2.229s] DEBUG:colcon.colcon_parallel_executor.executor.parallel:loop closed
[2.229s] DEBUG:colcon.colcon_parallel_executor.executor.parallel:run_until_complete finished with '0'
[2.229s] DEBUG:colcon.colcon_core.event_reactor:joining thread
[2.243s] INFO:colcon.colcon_core.plugin_system:Skipping extension 'colcon_notification.desktop_notification.terminal_notifier': Not used on non-Darwin systems
[2.243s] INFO:colcon.colcon_core.plugin_system:Skipping extension 'colcon_notification.desktop_notification.win32': Not used on non-Windows systems
[2.243s] INFO:colcon.colcon_notification.desktop_notification:Sending desktop notification using 'notify2'
[2.273s] DEBUG:colcon.colcon_core.event_reactor:joined thread
[2.274s] INFO:colcon.colcon_core.shell:Creating prefix script '/home/mtaruno@netid.washington.edu/516-robotics/final/install/local_setup.ps1'
[2.276s] INFO:colcon.colcon_core.shell:Creating prefix util module '/home/mtaruno@netid.washington.edu/516-robotics/final/install/_local_setup_util_ps1.py'
[2.280s] INFO:colcon.colcon_core.shell:Creating prefix chain script '/home/mtaruno@netid.washington.edu/516-robotics/final/install/setup.ps1'
[2.290s] INFO:colcon.colcon_core.shell:Creating prefix script '/home/mtaruno@netid.washington.edu/516-robotics/final/install/local_setup.sh'
[2.291s] INFO:colcon.colcon_core.shell:Creating prefix util module '/home/mtaruno@netid.washington.edu/516-robotics/final/install/_local_setup_util_sh.py'
[2.292s] INFO:colcon.colcon_core.shell:Creating prefix chain script '/home/mtaruno@netid.washington.edu/516-robotics/final/install/setup.sh'
[2.300s] INFO:colcon.colcon_core.shell:Creating prefix script '/home/mtaruno@netid.washington.edu/516-robotics/final/install/local_setup.bash'
[2.301s] INFO:colcon.colcon_core.shell:Creating prefix chain script '/home/mtaruno@netid.washington.edu/516-robotics/final/install/setup.bash'
[2.307s] INFO:colcon.colcon_core.shell:Creating prefix script '/home/mtaruno@netid.washington.edu/516-robotics/final/install/local_setup.zsh'
[2.308s] INFO:colcon.colcon_core.shell:Creating prefix chain script '/home/mtaruno@netid.washington.edu/516-robotics/final/install/setup.zsh'
