/home/mtaruno@netid.washington.edu/516-robotics/lab7/lab_quaternion/install/lab_quaternion/lib/python3.10/site-packages/lab_quaternion/gen3lite_pymoveit2.py
/home/mtaruno@netid.washington.edu/516-robotics/lab7/lab_quaternion/install/lab_quaternion/lib/python3.10/site-packages/lab_quaternion/pick_and_place_over_obstacle2.py
/home/mtaruno@netid.washington.edu/516-robotics/lab7/lab_quaternion/install/lab_quaternion/lib/python3.10/site-packages/lab_quaternion/__init__.py
/home/mtaruno@netid.washington.edu/516-robotics/lab7/lab_quaternion/install/lab_quaternion/lib/python3.10/site-packages/lab_quaternion/go_to_position.py
/home/mtaruno@netid.washington.edu/516-robotics/lab7/lab_quaternion/install/lab_quaternion/lib/python3.10/site-packages/lab_quaternion/pick_and_place_over_obstacle.py
/home/mtaruno@netid.washington.edu/516-robotics/lab7/lab_quaternion/install/lab_quaternion/lib/python3.10/site-packages/lab_quaternion/pick_and_place.py
/home/mtaruno@netid.washington.edu/516-robotics/lab7/lab_quaternion/install/lab_quaternion/lib/python3.10/site-packages/lab_quaternion/control_gripper.py
/home/mtaruno@netid.washington.edu/516-robotics/lab7/lab_quaternion/install/lab_quaternion/lib/python3.10/site-packages/lab_quaternion/trajectory_from_csv.py
/home/mtaruno@netid.washington.edu/516-robotics/lab7/lab_quaternion/install/lab_quaternion/lib/python3.10/site-packages/lab_quaternion/__pycache__/gen3lite_pymoveit2.cpython-310.pyc
/home/mtaruno@netid.washington.edu/516-robotics/lab7/lab_quaternion/install/lab_quaternion/lib/python3.10/site-packages/lab_quaternion/__pycache__/pick_and_place_over_obstacle2.cpython-310.pyc
/home/mtaruno@netid.washington.edu/516-robotics/lab7/lab_quaternion/install/lab_quaternion/lib/python3.10/site-packages/lab_quaternion/__pycache__/__init__.cpython-310.pyc
/home/mtaruno@netid.washington.edu/516-robotics/lab7/lab_quaternion/install/lab_quaternion/lib/python3.10/site-packages/lab_quaternion/__pycache__/go_to_position.cpython-310.pyc
/home/mtaruno@netid.washington.edu/516-robotics/lab7/lab_quaternion/install/lab_quaternion/lib/python3.10/site-packages/lab_quaternion/__pycache__/pick_and_place_over_obstacle.cpython-310.pyc
/home/mtaruno@netid.washington.edu/516-robotics/lab7/lab_quaternion/install/lab_quaternion/lib/python3.10/site-packages/lab_quaternion/__pycache__/pick_and_place.cpython-310.pyc
/home/mtaruno@netid.washington.edu/516-robotics/lab7/lab_quaternion/install/lab_quaternion/lib/python3.10/site-packages/lab_quaternion/__pycache__/control_gripper.cpython-310.pyc
/home/mtaruno@netid.washington.edu/516-robotics/lab7/lab_quaternion/install/lab_quaternion/lib/python3.10/site-packages/lab_quaternion/__pycache__/trajectory_from_csv.cpython-310.pyc
/home/mtaruno@netid.washington.edu/516-robotics/lab7/lab_quaternion/install/lab_quaternion/share/lab_quaternion/package.xml
/home/mtaruno@netid.washington.edu/516-robotics/lab7/lab_quaternion/install/lab_quaternion/share/lab_quaternion/launch/sort_world.launch.py
/home/mtaruno@netid.washington.edu/516-robotics/lab7/lab_quaternion/install/lab_quaternion/share/lab_quaternion/worlds/sort_world.sdf
/home/mtaruno@netid.washington.edu/516-robotics/lab7/lab_quaternion/install/lab_quaternion/lib/python3.10/site-packages/lab_quaternion-0.0.1-py3.10.egg-info/PKG-INFO
/home/mtaruno@netid.washington.edu/516-robotics/lab7/lab_quaternion/install/lab_quaternion/lib/python3.10/site-packages/lab_quaternion-0.0.1-py3.10.egg-info/entry_points.txt
/home/mtaruno@netid.washington.edu/516-robotics/lab7/lab_quaternion/install/lab_quaternion/lib/python3.10/site-packages/lab_quaternion-0.0.1-py3.10.egg-info/SOURCES.txt
/home/mtaruno@netid.washington.edu/516-robotics/lab7/lab_quaternion/install/lab_quaternion/lib/python3.10/site-packages/lab_quaternion-0.0.1-py3.10.egg-info/dependency_links.txt
/home/mtaruno@netid.washington.edu/516-robotics/lab7/lab_quaternion/install/lab_quaternion/lib/python3.10/site-packages/lab_quaternion-0.0.1-py3.10.egg-info/zip-safe
/home/mtaruno@netid.washington.edu/516-robotics/lab7/lab_quaternion/install/lab_quaternion/lib/python3.10/site-packages/lab_quaternion-0.0.1-py3.10.egg-info/top_level.txt
/home/mtaruno@netid.washington.edu/516-robotics/lab7/lab_quaternion/install/lab_quaternion/lib/python3.10/site-packages/lab_quaternion-0.0.1-py3.10.egg-info/requires.txt
/home/mtaruno@netid.washington.edu/516-robotics/lab7/lab_quaternion/install/lab_quaternion/lib/lab_quaternion/control_gripper
/home/mtaruno@netid.washington.edu/516-robotics/lab7/lab_quaternion/install/lab_quaternion/lib/lab_quaternion/gen3lite_pymoveit2
/home/mtaruno@netid.washington.edu/516-robotics/lab7/lab_quaternion/install/lab_quaternion/lib/lab_quaternion/go_to_position
/home/mtaruno@netid.washington.edu/516-robotics/lab7/lab_quaternion/install/lab_quaternion/lib/lab_quaternion/pick_and_place
/home/mtaruno@netid.washington.edu/516-robotics/lab7/lab_quaternion/install/lab_quaternion/lib/lab_quaternion/pick_and_place_over_obstacle
/home/mtaruno@netid.washington.edu/516-robotics/lab7/lab_quaternion/install/lab_quaternion/lib/lab_quaternion/pick_and_place_over_obstacle2
/home/mtaruno@netid.washington.edu/516-robotics/lab7/lab_quaternion/install/lab_quaternion/lib/lab_quaternion/trajectory_from_csv
