[3.874s] Invoking command in '/home/mtaruno@netid.washington.edu/TECHIN516/lab7/src/lab_quaternion': PYTHONPATH=/home/mtaruno@netid.washington.edu/TECHIN516/lab7/src/lab_quaternion/build/lab_quaternion/prefix_override:/home/mtaruno@netid.washington.edu/TECHIN516/lab7/src/lab_quaternion/install/lab_quaternion/lib/python3.10/site-packages:${PYTHONPATH} /usr/bin/python3 -W ignore:setup.py install is deprecated setup.py egg_info --egg-base build/lab_quaternion build --build-base /home/mtaruno@netid.washington.edu/TECHIN516/lab7/src/lab_quaternion/build/lab_quaternion/build install --record /home/mtaruno@netid.washington.edu/TECHIN516/lab7/src/lab_quaternion/build/lab_quaternion/install.log --single-version-externally-managed
[5.510s] running egg_info
[5.513s] writing build/lab_quaternion/lab_quaternion.egg-info/PKG-INFO
[5.515s] writing dependency_links to build/lab_quaternion/lab_quaternion.egg-info/dependency_links.txt
[5.516s] writing entry points to build/lab_quaternion/lab_quaternion.egg-info/entry_points.txt
[5.517s] writing requirements to build/lab_quaternion/lab_quaternion.egg-info/requires.txt
[5.517s] writing top-level names to build/lab_quaternion/lab_quaternion.egg-info/top_level.txt
[5.525s] reading manifest file 'build/lab_quaternion/lab_quaternion.egg-info/SOURCES.txt'
[5.530s] writing manifest file 'build/lab_quaternion/lab_quaternion.egg-info/SOURCES.txt'
[5.530s] running build
[5.531s] running build_py
[5.531s] copying lab_quaternion/trajectory_from_csv.py -> /home/mtaruno@netid.washington.edu/TECHIN516/lab7/src/lab_quaternion/build/lab_quaternion/build/lib/lab_quaternion
[5.532s] running install
[5.533s] running install_lib
[5.537s] copying /home/mtaruno@netid.washington.edu/TECHIN516/lab7/src/lab_quaternion/build/lab_quaternion/build/lib/lab_quaternion/trajectory_from_csv.py -> /home/mtaruno@netid.washington.edu/TECHIN516/lab7/src/lab_quaternion/install/lab_quaternion/lib/python3.10/site-packages/lab_quaternion
[5.541s] byte-compiling /home/mtaruno@netid.washington.edu/TECHIN516/lab7/src/lab_quaternion/install/lab_quaternion/lib/python3.10/site-packages/lab_quaternion/trajectory_from_csv.py to trajectory_from_csv.cpython-310.pyc
[5.544s] running install_egg_info
[5.552s] removing '/home/mtaruno@netid.washington.edu/TECHIN516/lab7/src/lab_quaternion/install/lab_quaternion/lib/python3.10/site-packages/lab_quaternion-0.0.1-py3.10.egg-info' (and everything under it)
[5.554s] Copying build/lab_quaternion/lab_quaternion.egg-info to /home/mtaruno@netid.washington.edu/TECHIN516/lab7/src/lab_quaternion/install/lab_quaternion/lib/python3.10/site-packages/lab_quaternion-0.0.1-py3.10.egg-info
[5.558s] running install_scripts
[5.678s] Installing gen3lite_pymoveit2 script to /home/mtaruno@netid.washington.edu/TECHIN516/lab7/src/lab_quaternion/install/lab_quaternion/lib/lab_quaternion
[5.680s] Installing trajectory_from_csv script to /home/mtaruno@netid.washington.edu/TECHIN516/lab7/src/lab_quaternion/install/lab_quaternion/lib/lab_quaternion
[5.681s] writing list of installed files to '/home/mtaruno@netid.washington.edu/TECHIN516/lab7/src/lab_quaternion/build/lab_quaternion/install.log'
[5.785s] Invoked command in '/home/mtaruno@netid.washington.edu/TECHIN516/lab7/src/lab_quaternion' returned '0': PYTHONPATH=/home/mtaruno@netid.washington.edu/TECHIN516/lab7/src/lab_quaternion/build/lab_quaternion/prefix_override:/home/mtaruno@netid.washington.edu/TECHIN516/lab7/src/lab_quaternion/install/lab_quaternion/lib/python3.10/site-packages:${PYTHONPATH} /usr/bin/python3 -W ignore:setup.py install is deprecated setup.py egg_info --egg-base build/lab_quaternion build --build-base /home/mtaruno@netid.washington.edu/TECHIN516/lab7/src/lab_quaternion/build/lab_quaternion/build install --record /home/mtaruno@netid.washington.edu/TECHIN516/lab7/src/lab_quaternion/build/lab_quaternion/install.log --single-version-externally-managed
