[0.764s] Invoking command in '/home/mtaruno@netid.washington.edu/516-robotics/lab7/lab_quaternion': PYTHONPATH=/home/mtaruno@netid.washington.edu/516-robotics/lab7/lab_quaternion/build/lab_quaternion/prefix_override:/usr/lib/python3/dist-packages/colcon_core/task/python/colcon_distutils_commands:/home/mtaruno@netid.washington.edu/516-robotics/lab7/lab_quaternion/install/lab_quaternion/lib/python3.10/site-packages:${PYTHONPATH} /usr/bin/python3 -W ignore:setup.py install is deprecated -W ignore:easy_install command is deprecated setup.py egg_info --egg-base build/lab_quaternion build --build-base /home/mtaruno@netid.washington.edu/516-robotics/lab7/lab_quaternion/build/lab_quaternion/build install --record /home/mtaruno@netid.washington.edu/516-robotics/lab7/lab_quaternion/build/lab_quaternion/install.log --single-version-externally-managed install_data
[1.047s] running egg_info
[1.047s] writing build/lab_quaternion/lab_quaternion.egg-info/PKG-INFO
[1.048s] writing dependency_links to build/lab_quaternion/lab_quaternion.egg-info/dependency_links.txt
[1.048s] writing entry points to build/lab_quaternion/lab_quaternion.egg-info/entry_points.txt
[1.048s] writing requirements to build/lab_quaternion/lab_quaternion.egg-info/requires.txt
[1.048s] writing top-level names to build/lab_quaternion/lab_quaternion.egg-info/top_level.txt
[1.050s] reading manifest file 'build/lab_quaternion/lab_quaternion.egg-info/SOURCES.txt'
[1.051s] writing manifest file 'build/lab_quaternion/lab_quaternion.egg-info/SOURCES.txt'
[1.051s] running build
[1.051s] running build_py
[1.051s] copying lab_quaternion/go_to_position.py -> /home/mtaruno@netid.washington.edu/516-robotics/lab7/lab_quaternion/build/lab_quaternion/build/lib/lab_quaternion
[1.051s] copying lab_quaternion/pick_and_place_over_obstacle2.py.py -> /home/mtaruno@netid.washington.edu/516-robotics/lab7/lab_quaternion/build/lab_quaternion/build/lib/lab_quaternion
[1.051s] copying lab_quaternion/control_gripper.py -> /home/mtaruno@netid.washington.edu/516-robotics/lab7/lab_quaternion/build/lab_quaternion/build/lib/lab_quaternion
[1.051s] running install
[1.052s] running install_lib
[1.052s] copying /home/mtaruno@netid.washington.edu/516-robotics/lab7/lab_quaternion/build/lab_quaternion/build/lib/lab_quaternion/go_to_position.py -> /home/mtaruno@netid.washington.edu/516-robotics/lab7/lab_quaternion/install/lab_quaternion/lib/python3.10/site-packages/lab_quaternion
[1.053s] copying /home/mtaruno@netid.washington.edu/516-robotics/lab7/lab_quaternion/build/lab_quaternion/build/lib/lab_quaternion/pick_and_place_over_obstacle2.py.py -> /home/mtaruno@netid.washington.edu/516-robotics/lab7/lab_quaternion/install/lab_quaternion/lib/python3.10/site-packages/lab_quaternion
[1.053s] copying /home/mtaruno@netid.washington.edu/516-robotics/lab7/lab_quaternion/build/lab_quaternion/build/lib/lab_quaternion/control_gripper.py -> /home/mtaruno@netid.washington.edu/516-robotics/lab7/lab_quaternion/install/lab_quaternion/lib/python3.10/site-packages/lab_quaternion
[1.053s] byte-compiling /home/mtaruno@netid.washington.edu/516-robotics/lab7/lab_quaternion/install/lab_quaternion/lib/python3.10/site-packages/lab_quaternion/go_to_position.py to go_to_position.cpython-310.pyc
[1.054s] byte-compiling /home/mtaruno@netid.washington.edu/516-robotics/lab7/lab_quaternion/install/lab_quaternion/lib/python3.10/site-packages/lab_quaternion/pick_and_place_over_obstacle2.py.py to pick_and_place_over_obstacle2.py.cpython-310.pyc
[1.055s] byte-compiling /home/mtaruno@netid.washington.edu/516-robotics/lab7/lab_quaternion/install/lab_quaternion/lib/python3.10/site-packages/lab_quaternion/control_gripper.py to control_gripper.cpython-310.pyc
[1.055s] running install_data
[1.055s] running install_egg_info
[1.057s] removing '/home/mtaruno@netid.washington.edu/516-robotics/lab7/lab_quaternion/install/lab_quaternion/lib/python3.10/site-packages/lab_quaternion-0.0.1-py3.10.egg-info' (and everything under it)
[1.058s] Copying build/lab_quaternion/lab_quaternion.egg-info to /home/mtaruno@netid.washington.edu/516-robotics/lab7/lab_quaternion/install/lab_quaternion/lib/python3.10/site-packages/lab_quaternion-0.0.1-py3.10.egg-info
[1.059s] running install_scripts
[1.079s] Installing control_gripper script to /home/mtaruno@netid.washington.edu/516-robotics/lab7/lab_quaternion/install/lab_quaternion/lib/lab_quaternion
[1.079s] Installing gen3lite_pymoveit2 script to /home/mtaruno@netid.washington.edu/516-robotics/lab7/lab_quaternion/install/lab_quaternion/lib/lab_quaternion
[1.079s] Installing go_to_position script to /home/mtaruno@netid.washington.edu/516-robotics/lab7/lab_quaternion/install/lab_quaternion/lib/lab_quaternion
[1.080s] Installing pick_and_place script to /home/mtaruno@netid.washington.edu/516-robotics/lab7/lab_quaternion/install/lab_quaternion/lib/lab_quaternion
[1.080s] Installing pick_and_place_over_obstacle script to /home/mtaruno@netid.washington.edu/516-robotics/lab7/lab_quaternion/install/lab_quaternion/lib/lab_quaternion
[1.080s] Installing pick_and_place_over_obstacle2 script to /home/mtaruno@netid.washington.edu/516-robotics/lab7/lab_quaternion/install/lab_quaternion/lib/lab_quaternion
[1.080s] Installing trajectory_from_csv script to /home/mtaruno@netid.washington.edu/516-robotics/lab7/lab_quaternion/install/lab_quaternion/lib/lab_quaternion
[1.080s] writing list of installed files to '/home/mtaruno@netid.washington.edu/516-robotics/lab7/lab_quaternion/build/lab_quaternion/install.log'
[1.101s] Invoked command in '/home/mtaruno@netid.washington.edu/516-robotics/lab7/lab_quaternion' returned '0': PYTHONPATH=/home/mtaruno@netid.washington.edu/516-robotics/lab7/lab_quaternion/build/lab_quaternion/prefix_override:/usr/lib/python3/dist-packages/colcon_core/task/python/colcon_distutils_commands:/home/mtaruno@netid.washington.edu/516-robotics/lab7/lab_quaternion/install/lab_quaternion/lib/python3.10/site-packages:${PYTHONPATH} /usr/bin/python3 -W ignore:setup.py install is deprecated -W ignore:easy_install command is deprecated setup.py egg_info --egg-base build/lab_quaternion build --build-base /home/mtaruno@netid.washington.edu/516-robotics/lab7/lab_quaternion/build/lab_quaternion/build install --record /home/mtaruno@netid.washington.edu/516-robotics/lab7/lab_quaternion/build/lab_quaternion/install.log --single-version-externally-managed install_data
