[0.720s] DEBUG:colcon:Command line arguments: ['/usr/bin/colcon', 'build', '--packages-select', 'lab_quaternion']
[0.720s] DEBUG:colcon:Parsed command line arguments: Namespace(log_base=None, log_level=None, verb_name='build', build_base='build', install_base='install', merge_install=False, symlink_install=False, test_result_base=None, continue_on_error=False, executor='parallel', parallel_workers=8, event_handlers=None, ignore_user_meta=False, metas=['./colcon.meta'], base_paths=['.'], packages_ignore=None, packages_ignore_regex=None, paths=None, packages_up_to=None, packages_up_to_regex=None, packages_above=None, packages_above_and_dependencies=None, packages_above_depth=None, packages_select_by_dep=None, packages_skip_by_dep=None, packages_skip_up_to=None, packages_select_build_failed=False, packages_skip_build_finished=False, packages_select_test_failures=False, packages_skip_test_passed=False, packages_select=['lab_quaternion'], packages_skip=None, packages_select_regex=None, packages_skip_regex=None, packages_start=None, packages_end=None, allow_overriding=[], cmake_args=None, cmake_target=None, cmake_target_skip_unavailable=False, cmake_clean_cache=False, cmake_clean_first=False, cmake_force_configure=False, ament_cmake_args=None, catkin_cmake_args=None, catkin_skip_building_tests=False, mixin_files=None, mixin=None, verb_parser=<colcon_mixin.mixin.mixin_argument.MixinArgumentDecorator object at 0x7f5a477846a0>, verb_extension=<colcon_core.verb.build.BuildVerb object at 0x7f5a47894c70>, main=<bound method BuildVerb.main of <colcon_core.verb.build.BuildVerb object at 0x7f5a47894c70>>, mixin_verb=('build',))
[1.865s] Level 1:colcon.colcon_core.package_discovery:discover_packages(colcon_meta) check parameters
[1.865s] Level 1:colcon.colcon_core.package_discovery:discover_packages(recursive) check parameters
[1.866s] Level 1:colcon.colcon_core.package_discovery:discover_packages(ignore) check parameters
[1.866s] Level 1:colcon.colcon_core.package_discovery:discover_packages(path) check parameters
[1.866s] Level 1:colcon.colcon_core.package_discovery:discover_packages(colcon_meta) discover
[1.866s] Level 1:colcon.colcon_core.package_discovery:discover_packages(recursive) discover
[1.867s] INFO:colcon.colcon_core.package_discovery:Crawling recursively for packages in '/home/mtaruno@netid.washington.edu/TECHIN516/lab7/src/lab_quaternion'
[1.867s] Level 1:colcon.colcon_core.package_identification:_identify(.) by extensions ['ignore', 'ignore_ament_install']
[1.868s] Level 1:colcon.colcon_core.package_identification:_identify(.) by extension 'ignore'
[1.868s] Level 1:colcon.colcon_core.package_identification:_identify(.) by extension 'ignore_ament_install'
[1.868s] Level 1:colcon.colcon_core.package_identification:_identify(.) by extensions ['colcon_pkg']
[1.869s] Level 1:colcon.colcon_core.package_identification:_identify(.) by extension 'colcon_pkg'
[1.869s] Level 1:colcon.colcon_core.package_identification:_identify(.) by extensions ['colcon_meta']
[1.869s] Level 1:colcon.colcon_core.package_identification:_identify(.) by extension 'colcon_meta'
[1.869s] Level 1:colcon.colcon_core.package_identification:_identify(.) by extensions ['ros']
[1.870s] Level 1:colcon.colcon_core.package_identification:_identify(.) by extension 'ros'
[1.939s] DEBUG:colcon.colcon_core.package_identification:Package '.' with type 'ros.ament_cmake' and name 'lab_quaternion'
[1.940s] Level 1:colcon.colcon_core.package_discovery:discover_packages(recursive) using defaults
[1.940s] Level 1:colcon.colcon_core.package_discovery:discover_packages(ignore) discover
[1.940s] Level 1:colcon.colcon_core.package_discovery:discover_packages(ignore) using defaults
[1.940s] Level 1:colcon.colcon_core.package_discovery:discover_packages(path) discover
[1.940s] Level 1:colcon.colcon_core.package_discovery:discover_packages(path) using defaults
[2.076s] Level 1:colcon.colcon_core.package_discovery:discover_packages(prefix_path) check parameters
[2.077s] Level 1:colcon.colcon_core.package_discovery:discover_packages(prefix_path) discover
[2.082s] WARNING:colcon.colcon_core.prefix_path.colcon:The path '/home/mtaruno@netid.washington.edu/TECHIN516/lab7/install' in the environment variable COLCON_PREFIX_PATH doesn't exist
[2.110s] DEBUG:colcon.colcon_installed_package_information.package_discovery:Found 1 installed packages in /home/mtaruno@netid.washington.edu/TECHIN516/lab7/src/lab_quaternion/install
[2.127s] DEBUG:colcon.colcon_installed_package_information.package_discovery:Found 90 installed packages in /home/mtaruno@netid.washington.edu/TECHIN516/kinova_ws/install
[2.135s] DEBUG:colcon.colcon_installed_package_information.package_discovery:Found 12 installed packages in /home/mtaruno@netid.washington.edu/TECHIN516/turtlebot_ws/install
[2.146s] DEBUG:colcon.colcon_installed_package_information.package_discovery:Found 435 installed packages in /opt/ros/humble
[2.171s] Level 1:colcon.colcon_core.package_discovery:discover_packages(prefix_path) using defaults
[2.572s] Level 5:colcon.colcon_core.verb:set package 'lab_quaternion' build argument 'cmake_args' from command line to 'None'
[2.572s] Level 5:colcon.colcon_core.verb:set package 'lab_quaternion' build argument 'cmake_target' from command line to 'None'
[2.572s] Level 5:colcon.colcon_core.verb:set package 'lab_quaternion' build argument 'cmake_target_skip_unavailable' from command line to 'False'
[2.572s] Level 5:colcon.colcon_core.verb:set package 'lab_quaternion' build argument 'cmake_clean_cache' from command line to 'False'
[2.573s] Level 5:colcon.colcon_core.verb:set package 'lab_quaternion' build argument 'cmake_clean_first' from command line to 'False'
[2.573s] Level 5:colcon.colcon_core.verb:set package 'lab_quaternion' build argument 'cmake_force_configure' from command line to 'False'
[2.573s] Level 5:colcon.colcon_core.verb:set package 'lab_quaternion' build argument 'ament_cmake_args' from command line to 'None'
[2.573s] Level 5:colcon.colcon_core.verb:set package 'lab_quaternion' build argument 'catkin_cmake_args' from command line to 'None'
[2.573s] Level 5:colcon.colcon_core.verb:set package 'lab_quaternion' build argument 'catkin_skip_building_tests' from command line to 'False'
[2.573s] DEBUG:colcon.colcon_core.verb:Building package 'lab_quaternion' with the following arguments: {'ament_cmake_args': None, 'build_base': '/home/mtaruno@netid.washington.edu/TECHIN516/lab7/src/lab_quaternion/build/lab_quaternion', 'catkin_cmake_args': None, 'catkin_skip_building_tests': False, 'cmake_args': None, 'cmake_clean_cache': False, 'cmake_clean_first': False, 'cmake_force_configure': False, 'cmake_target': None, 'cmake_target_skip_unavailable': False, 'install_base': '/home/mtaruno@netid.washington.edu/TECHIN516/lab7/src/lab_quaternion/install/lab_quaternion', 'merge_install': False, 'path': '/home/mtaruno@netid.washington.edu/TECHIN516/lab7/src/lab_quaternion', 'symlink_install': False, 'test_result_base': None}
[2.574s] INFO:colcon.colcon_core.executor:Executing jobs using 'parallel' executor
[2.579s] DEBUG:colcon.colcon_parallel_executor.executor.parallel:run_until_complete
[2.580s] INFO:colcon.colcon_ros.task.ament_cmake.build:Building ROS package in '/home/mtaruno@netid.washington.edu/TECHIN516/lab7/src/lab_quaternion' with build type 'ament_cmake'
[2.581s] INFO:colcon.colcon_cmake.task.cmake.build:Building CMake package in '/home/mtaruno@netid.washington.edu/TECHIN516/lab7/src/lab_quaternion'
[2.594s] INFO:colcon.colcon_core.plugin_system:Skipping extension 'colcon_core.shell.bat': Not used on non-Windows systems
[2.595s] INFO:colcon.colcon_core.shell:Skip shell extension 'powershell' for command environment: Not usable outside of PowerShell
[2.595s] DEBUG:colcon.colcon_core.shell:Skip shell extension 'dsv' for command environment
[2.705s] DEBUG:colcon.colcon_core.event_handler.log_command:Invoking command in '/home/mtaruno@netid.washington.edu/TECHIN516/lab7/src/lab_quaternion/build/lab_quaternion': CMAKE_PREFIX_PATH=${CMAKE_PREFIX_PATH}:/home/mtaruno@netid.washington.edu/TECHIN516/kinova_ws/install/rqt_joint_trajectory_controller:/home/mtaruno@netid.washington.edu/TECHIN516/kinova_ws/install/rqt_controller_manager:/home/mtaruno@netid.washington.edu/TECHIN516/kinova_ws/install/ros2controlcli:/home/mtaruno@netid.washington.edu/TECHIN516/kinova_ws/install/ros2_controllers_test_nodes:/home/mtaruno@netid.washington.edu/TECHIN516/kinova_ws/install/ros2_control_demo_testing:/home/mtaruno@netid.washington.edu/TECHIN516/turtlebot_ws/install/turtlebot3_teleop:/home/mtaruno@netid.washington.edu/TECHIN516/turtlebot_ws/install/turtlebot3_example:/opt/ros/humble /usr/bin/cmake --build /home/mtaruno@netid.washington.edu/TECHIN516/lab7/src/lab_quaternion/build/lab_quaternion -- -j8 -l8
[3.023s] DEBUG:colcon.colcon_core.event_handler.log_command:Invoked command in '/home/mtaruno@netid.washington.edu/TECHIN516/lab7/src/lab_quaternion/build/lab_quaternion' returned '0': CMAKE_PREFIX_PATH=${CMAKE_PREFIX_PATH}:/home/mtaruno@netid.washington.edu/TECHIN516/kinova_ws/install/rqt_joint_trajectory_controller:/home/mtaruno@netid.washington.edu/TECHIN516/kinova_ws/install/rqt_controller_manager:/home/mtaruno@netid.washington.edu/TECHIN516/kinova_ws/install/ros2controlcli:/home/mtaruno@netid.washington.edu/TECHIN516/kinova_ws/install/ros2_controllers_test_nodes:/home/mtaruno@netid.washington.edu/TECHIN516/kinova_ws/install/ros2_control_demo_testing:/home/mtaruno@netid.washington.edu/TECHIN516/turtlebot_ws/install/turtlebot3_teleop:/home/mtaruno@netid.washington.edu/TECHIN516/turtlebot_ws/install/turtlebot3_example:/opt/ros/humble /usr/bin/cmake --build /home/mtaruno@netid.washington.edu/TECHIN516/lab7/src/lab_quaternion/build/lab_quaternion -- -j8 -l8
[3.334s] DEBUG:colcon.colcon_core.event_handler.log_command:Invoking command in '/home/mtaruno@netid.washington.edu/TECHIN516/lab7/src/lab_quaternion/build/lab_quaternion': CMAKE_PREFIX_PATH=${CMAKE_PREFIX_PATH}:/home/mtaruno@netid.washington.edu/TECHIN516/kinova_ws/install/rqt_joint_trajectory_controller:/home/mtaruno@netid.washington.edu/TECHIN516/kinova_ws/install/rqt_controller_manager:/home/mtaruno@netid.washington.edu/TECHIN516/kinova_ws/install/ros2controlcli:/home/mtaruno@netid.washington.edu/TECHIN516/kinova_ws/install/ros2_controllers_test_nodes:/home/mtaruno@netid.washington.edu/TECHIN516/kinova_ws/install/ros2_control_demo_testing:/home/mtaruno@netid.washington.edu/TECHIN516/turtlebot_ws/install/turtlebot3_teleop:/home/mtaruno@netid.washington.edu/TECHIN516/turtlebot_ws/install/turtlebot3_example:/opt/ros/humble /usr/bin/cmake --install /home/mtaruno@netid.washington.edu/TECHIN516/lab7/src/lab_quaternion/build/lab_quaternion
[3.402s] Level 1:colcon.colcon_core.environment:create_environment_scripts_only(lab_quaternion)
[3.413s] DEBUG:colcon.colcon_core.event_handler.log_command:Invoked command in '/home/mtaruno@netid.washington.edu/TECHIN516/lab7/src/lab_quaternion/build/lab_quaternion' returned '0': CMAKE_PREFIX_PATH=${CMAKE_PREFIX_PATH}:/home/mtaruno@netid.washington.edu/TECHIN516/kinova_ws/install/rqt_joint_trajectory_controller:/home/mtaruno@netid.washington.edu/TECHIN516/kinova_ws/install/rqt_controller_manager:/home/mtaruno@netid.washington.edu/TECHIN516/kinova_ws/install/ros2controlcli:/home/mtaruno@netid.washington.edu/TECHIN516/kinova_ws/install/ros2_controllers_test_nodes:/home/mtaruno@netid.washington.edu/TECHIN516/kinova_ws/install/ros2_control_demo_testing:/home/mtaruno@netid.washington.edu/TECHIN516/turtlebot_ws/install/turtlebot3_teleop:/home/mtaruno@netid.washington.edu/TECHIN516/turtlebot_ws/install/turtlebot3_example:/opt/ros/humble /usr/bin/cmake --install /home/mtaruno@netid.washington.edu/TECHIN516/lab7/src/lab_quaternion/build/lab_quaternion
[3.423s] Level 1:colcon.colcon_core.environment:checking '/home/mtaruno@netid.washington.edu/TECHIN516/lab7/src/lab_quaternion/install/lab_quaternion' for CMake module files
[3.425s] Level 1:colcon.colcon_core.environment:checking '/home/mtaruno@netid.washington.edu/TECHIN516/lab7/src/lab_quaternion/install/lab_quaternion' for CMake config files
[3.426s] Level 1:colcon.colcon_core.shell:create_environment_hook('lab_quaternion', 'cmake_prefix_path')
[3.427s] INFO:colcon.colcon_core.shell:Creating environment hook '/home/mtaruno@netid.washington.edu/TECHIN516/lab7/src/lab_quaternion/install/lab_quaternion/share/lab_quaternion/hook/cmake_prefix_path.ps1'
[3.430s] INFO:colcon.colcon_core.shell:Creating environment descriptor '/home/mtaruno@netid.washington.edu/TECHIN516/lab7/src/lab_quaternion/install/lab_quaternion/share/lab_quaternion/hook/cmake_prefix_path.dsv'
[3.431s] INFO:colcon.colcon_core.shell:Creating environment hook '/home/mtaruno@netid.washington.edu/TECHIN516/lab7/src/lab_quaternion/install/lab_quaternion/share/lab_quaternion/hook/cmake_prefix_path.sh'
[3.435s] Level 1:colcon.colcon_core.environment:checking '/home/mtaruno@netid.washington.edu/TECHIN516/lab7/src/lab_quaternion/install/lab_quaternion/bin'
[3.435s] Level 1:colcon.colcon_core.environment:checking '/home/mtaruno@netid.washington.edu/TECHIN516/lab7/src/lab_quaternion/install/lab_quaternion/lib/pkgconfig/lab_quaternion.pc'
[3.436s] Level 1:colcon.colcon_core.environment:checking '/home/mtaruno@netid.washington.edu/TECHIN516/lab7/src/lab_quaternion/install/lab_quaternion/lib/python3.10/site-packages'
[3.437s] Level 1:colcon.colcon_core.environment:checking '/home/mtaruno@netid.washington.edu/TECHIN516/lab7/src/lab_quaternion/install/lab_quaternion/bin'
[3.439s] INFO:colcon.colcon_core.shell:Creating package script '/home/mtaruno@netid.washington.edu/TECHIN516/lab7/src/lab_quaternion/install/lab_quaternion/share/lab_quaternion/package.ps1'
[3.443s] INFO:colcon.colcon_core.shell:Creating package descriptor '/home/mtaruno@netid.washington.edu/TECHIN516/lab7/src/lab_quaternion/install/lab_quaternion/share/lab_quaternion/package.dsv'
[3.446s] INFO:colcon.colcon_core.shell:Creating package script '/home/mtaruno@netid.washington.edu/TECHIN516/lab7/src/lab_quaternion/install/lab_quaternion/share/lab_quaternion/package.sh'
[3.450s] INFO:colcon.colcon_core.shell:Creating package script '/home/mtaruno@netid.washington.edu/TECHIN516/lab7/src/lab_quaternion/install/lab_quaternion/share/lab_quaternion/package.bash'
[3.453s] INFO:colcon.colcon_core.shell:Creating package script '/home/mtaruno@netid.washington.edu/TECHIN516/lab7/src/lab_quaternion/install/lab_quaternion/share/lab_quaternion/package.zsh'
[3.456s] Level 1:colcon.colcon_core.environment:create_file_with_runtime_dependencies(/home/mtaruno@netid.washington.edu/TECHIN516/lab7/src/lab_quaternion/install/lab_quaternion/share/colcon-core/packages/lab_quaternion)
[3.697s] Level 1:colcon.colcon_core.environment:create_environment_scripts_only(lab_quaternion)
[3.698s] Level 1:colcon.colcon_core.environment:checking '/home/mtaruno@netid.washington.edu/TECHIN516/lab7/src/lab_quaternion/install/lab_quaternion' for CMake module files
[3.701s] Level 1:colcon.colcon_core.environment:checking '/home/mtaruno@netid.washington.edu/TECHIN516/lab7/src/lab_quaternion/install/lab_quaternion' for CMake config files
[3.702s] Level 1:colcon.colcon_core.shell:create_environment_hook('lab_quaternion', 'cmake_prefix_path')
[3.703s] INFO:colcon.colcon_core.shell:Creating environment hook '/home/mtaruno@netid.washington.edu/TECHIN516/lab7/src/lab_quaternion/install/lab_quaternion/share/lab_quaternion/hook/cmake_prefix_path.ps1'
[3.705s] INFO:colcon.colcon_core.shell:Creating environment descriptor '/home/mtaruno@netid.washington.edu/TECHIN516/lab7/src/lab_quaternion/install/lab_quaternion/share/lab_quaternion/hook/cmake_prefix_path.dsv'
[3.707s] INFO:colcon.colcon_core.shell:Creating environment hook '/home/mtaruno@netid.washington.edu/TECHIN516/lab7/src/lab_quaternion/install/lab_quaternion/share/lab_quaternion/hook/cmake_prefix_path.sh'
[3.709s] Level 1:colcon.colcon_core.environment:checking '/home/mtaruno@netid.washington.edu/TECHIN516/lab7/src/lab_quaternion/install/lab_quaternion/bin'
[3.709s] Level 1:colcon.colcon_core.environment:checking '/home/mtaruno@netid.washington.edu/TECHIN516/lab7/src/lab_quaternion/install/lab_quaternion/lib/pkgconfig/lab_quaternion.pc'
[3.711s] Level 1:colcon.colcon_core.environment:checking '/home/mtaruno@netid.washington.edu/TECHIN516/lab7/src/lab_quaternion/install/lab_quaternion/lib/python3.10/site-packages'
[3.712s] Level 1:colcon.colcon_core.environment:checking '/home/mtaruno@netid.washington.edu/TECHIN516/lab7/src/lab_quaternion/install/lab_quaternion/bin'
[3.713s] INFO:colcon.colcon_core.shell:Creating package script '/home/mtaruno@netid.washington.edu/TECHIN516/lab7/src/lab_quaternion/install/lab_quaternion/share/lab_quaternion/package.ps1'
[3.716s] INFO:colcon.colcon_core.shell:Creating package descriptor '/home/mtaruno@netid.washington.edu/TECHIN516/lab7/src/lab_quaternion/install/lab_quaternion/share/lab_quaternion/package.dsv'
[3.719s] INFO:colcon.colcon_core.shell:Creating package script '/home/mtaruno@netid.washington.edu/TECHIN516/lab7/src/lab_quaternion/install/lab_quaternion/share/lab_quaternion/package.sh'
[3.721s] INFO:colcon.colcon_core.shell:Creating package script '/home/mtaruno@netid.washington.edu/TECHIN516/lab7/src/lab_quaternion/install/lab_quaternion/share/lab_quaternion/package.bash'
[3.723s] INFO:colcon.colcon_core.shell:Creating package script '/home/mtaruno@netid.washington.edu/TECHIN516/lab7/src/lab_quaternion/install/lab_quaternion/share/lab_quaternion/package.zsh'
[3.725s] Level 1:colcon.colcon_core.environment:create_file_with_runtime_dependencies(/home/mtaruno@netid.washington.edu/TECHIN516/lab7/src/lab_quaternion/install/lab_quaternion/share/colcon-core/packages/lab_quaternion)
[3.726s] DEBUG:colcon.colcon_parallel_executor.executor.parallel:closing loop
[3.728s] DEBUG:colcon.colcon_parallel_executor.executor.parallel:loop closed
[3.729s] DEBUG:colcon.colcon_parallel_executor.executor.parallel:run_until_complete finished with '0'
[3.729s] DEBUG:colcon.colcon_core.event_reactor:joining thread
[3.760s] INFO:colcon.colcon_core.plugin_system:Skipping extension 'colcon_notification.desktop_notification.terminal_notifier': Not used on non-Darwin systems
[3.760s] INFO:colcon.colcon_core.plugin_system:Skipping extension 'colcon_notification.desktop_notification.win32': Not used on non-Windows systems
[3.760s] INFO:colcon.colcon_notification.desktop_notification:Sending desktop notification using 'notify2'
[3.818s] DEBUG:colcon.colcon_core.event_reactor:joined thread
[3.819s] INFO:colcon.colcon_core.shell:Creating prefix script '/home/mtaruno@netid.washington.edu/TECHIN516/lab7/src/lab_quaternion/install/local_setup.ps1'
[3.825s] INFO:colcon.colcon_core.shell:Creating prefix util module '/home/mtaruno@netid.washington.edu/TECHIN516/lab7/src/lab_quaternion/install/_local_setup_util_ps1.py'
[3.833s] INFO:colcon.colcon_core.shell:Creating prefix chain script '/home/mtaruno@netid.washington.edu/TECHIN516/lab7/src/lab_quaternion/install/setup.ps1'
[3.861s] INFO:colcon.colcon_core.shell:Creating prefix script '/home/mtaruno@netid.washington.edu/TECHIN516/lab7/src/lab_quaternion/install/local_setup.sh'
[3.863s] INFO:colcon.colcon_core.shell:Creating prefix util module '/home/mtaruno@netid.washington.edu/TECHIN516/lab7/src/lab_quaternion/install/_local_setup_util_sh.py'
[3.866s] INFO:colcon.colcon_core.shell:Creating prefix chain script '/home/mtaruno@netid.washington.edu/TECHIN516/lab7/src/lab_quaternion/install/setup.sh'
[3.895s] INFO:colcon.colcon_core.shell:Creating prefix script '/home/mtaruno@netid.washington.edu/TECHIN516/lab7/src/lab_quaternion/install/local_setup.bash'
[3.897s] INFO:colcon.colcon_core.shell:Creating prefix chain script '/home/mtaruno@netid.washington.edu/TECHIN516/lab7/src/lab_quaternion/install/setup.bash'
[3.925s] INFO:colcon.colcon_core.shell:Creating prefix script '/home/mtaruno@netid.washington.edu/TECHIN516/lab7/src/lab_quaternion/install/local_setup.zsh'
[3.929s] INFO:colcon.colcon_core.shell:Creating prefix chain script '/home/mtaruno@netid.washington.edu/TECHIN516/lab7/src/lab_quaternion/install/setup.zsh'
