[0.101s] DEBUG:colcon:Command line arguments: ['/usr/bin/colcon', 'build', '--packages-select', 'lab_quaternion']
[0.101s] DEBUG:colcon:Parsed command line arguments: Namespace(log_base=None, log_level=None, verb_name='build', build_base='build', install_base='install', merge_install=False, symlink_install=False, test_result_base=None, continue_on_error=False, executor='parallel', parallel_workers=8, event_handlers=None, ignore_user_meta=False, metas=['./colcon.meta'], base_paths=['.'], packages_ignore=None, packages_ignore_regex=None, paths=None, packages_up_to=None, packages_up_to_regex=None, packages_above=None, packages_above_and_dependencies=None, packages_above_depth=None, packages_select_by_dep=None, packages_skip_by_dep=None, packages_skip_up_to=None, packages_select_build_failed=False, packages_skip_build_finished=False, packages_select_test_failures=False, packages_skip_test_passed=False, packages_select=['lab_quaternion'], packages_skip=None, packages_select_regex=None, packages_skip_regex=None, packages_start=None, packages_end=None, allow_overriding=[], cmake_args=None, cmake_target=None, cmake_target_skip_unavailable=False, cmake_clean_cache=False, cmake_clean_first=False, cmake_force_configure=False, ament_cmake_args=None, catkin_cmake_args=None, catkin_skip_building_tests=False, mixin_files=None, mixin=None, verb_parser=<colcon_mixin.mixin.mixin_argument.MixinArgumentDecorator object at 0x7bc762d84c10>, verb_extension=<colcon_core.verb.build.BuildVerb object at 0x7bc762e91240>, main=<bound method BuildVerb.main of <colcon_core.verb.build.BuildVerb object at 0x7bc762e91240>>, mixin_verb=('build',))
[0.260s] Level 1:colcon.colcon_core.package_discovery:discover_packages(colcon_meta) check parameters
[0.260s] Level 1:colcon.colcon_core.package_discovery:discover_packages(recursive) check parameters
[0.260s] Level 1:colcon.colcon_core.package_discovery:discover_packages(ignore) check parameters
[0.260s] Level 1:colcon.colcon_core.package_discovery:discover_packages(path) check parameters
[0.260s] Level 1:colcon.colcon_core.package_discovery:discover_packages(colcon_meta) discover
[0.260s] Level 1:colcon.colcon_core.package_discovery:discover_packages(recursive) discover
[0.260s] INFO:colcon.colcon_core.package_discovery:Crawling recursively for packages in '/home/mtaruno@netid.washington.edu/TECHIN516/lab7/src/lab_quaternion'
[0.261s] Level 1:colcon.colcon_core.package_identification:_identify(.) by extensions ['ignore', 'ignore_ament_install']
[0.261s] Level 1:colcon.colcon_core.package_identification:_identify(.) by extension 'ignore'
[0.261s] Level 1:colcon.colcon_core.package_identification:_identify(.) by extension 'ignore_ament_install'
[0.261s] Level 1:colcon.colcon_core.package_identification:_identify(.) by extensions ['colcon_pkg']
[0.261s] Level 1:colcon.colcon_core.package_identification:_identify(.) by extension 'colcon_pkg'
[0.261s] Level 1:colcon.colcon_core.package_identification:_identify(.) by extensions ['colcon_meta']
[0.261s] Level 1:colcon.colcon_core.package_identification:_identify(.) by extension 'colcon_meta'
[0.261s] Level 1:colcon.colcon_core.package_identification:_identify(.) by extensions ['ros']
[0.261s] Level 1:colcon.colcon_core.package_identification:_identify(.) by extension 'ros'
[0.272s] DEBUG:colcon.colcon_core.package_identification:Package '.' with type 'ros.ament_python' and name 'lab_quaternion'
[0.272s] Level 1:colcon.colcon_core.package_discovery:discover_packages(recursive) using defaults
[0.272s] Level 1:colcon.colcon_core.package_discovery:discover_packages(ignore) discover
[0.272s] Level 1:colcon.colcon_core.package_discovery:discover_packages(ignore) using defaults
[0.272s] Level 1:colcon.colcon_core.package_discovery:discover_packages(path) discover
[0.273s] Level 1:colcon.colcon_core.package_discovery:discover_packages(path) using defaults
[0.297s] Level 1:colcon.colcon_core.package_discovery:discover_packages(prefix_path) check parameters
[0.297s] Level 1:colcon.colcon_core.package_discovery:discover_packages(prefix_path) discover
[0.302s] DEBUG:colcon.colcon_installed_package_information.package_discovery:Found 1 installed packages in /home/mtaruno@netid.washington.edu/TECHIN516/lab7/src/lab_quaternion/install
[0.304s] DEBUG:colcon.colcon_installed_package_information.package_discovery:Found 90 installed packages in /home/mtaruno@netid.washington.edu/TECHIN516/kinova_ws/install
[0.305s] DEBUG:colcon.colcon_installed_package_information.package_discovery:Found 12 installed packages in /home/mtaruno@netid.washington.edu/TECHIN516/turtlebot_ws/install
[0.307s] DEBUG:colcon.colcon_installed_package_information.package_discovery:Found 440 installed packages in /opt/ros/humble
[0.310s] Level 1:colcon.colcon_core.package_discovery:discover_packages(prefix_path) using defaults
[0.364s] Level 5:colcon.colcon_core.verb:set package 'lab_quaternion' build argument 'cmake_args' from command line to 'None'
[0.364s] Level 5:colcon.colcon_core.verb:set package 'lab_quaternion' build argument 'cmake_target' from command line to 'None'
[0.364s] Level 5:colcon.colcon_core.verb:set package 'lab_quaternion' build argument 'cmake_target_skip_unavailable' from command line to 'False'
[0.364s] Level 5:colcon.colcon_core.verb:set package 'lab_quaternion' build argument 'cmake_clean_cache' from command line to 'False'
[0.364s] Level 5:colcon.colcon_core.verb:set package 'lab_quaternion' build argument 'cmake_clean_first' from command line to 'False'
[0.364s] Level 5:colcon.colcon_core.verb:set package 'lab_quaternion' build argument 'cmake_force_configure' from command line to 'False'
[0.364s] Level 5:colcon.colcon_core.verb:set package 'lab_quaternion' build argument 'ament_cmake_args' from command line to 'None'
[0.365s] Level 5:colcon.colcon_core.verb:set package 'lab_quaternion' build argument 'catkin_cmake_args' from command line to 'None'
[0.365s] Level 5:colcon.colcon_core.verb:set package 'lab_quaternion' build argument 'catkin_skip_building_tests' from command line to 'False'
[0.365s] DEBUG:colcon.colcon_core.verb:Building package 'lab_quaternion' with the following arguments: {'ament_cmake_args': None, 'build_base': '/home/mtaruno@netid.washington.edu/TECHIN516/lab7/src/lab_quaternion/build/lab_quaternion', 'catkin_cmake_args': None, 'catkin_skip_building_tests': False, 'cmake_args': None, 'cmake_clean_cache': False, 'cmake_clean_first': False, 'cmake_force_configure': False, 'cmake_target': None, 'cmake_target_skip_unavailable': False, 'install_base': '/home/mtaruno@netid.washington.edu/TECHIN516/lab7/src/lab_quaternion/install/lab_quaternion', 'merge_install': False, 'path': '/home/mtaruno@netid.washington.edu/TECHIN516/lab7/src/lab_quaternion', 'symlink_install': False, 'test_result_base': None}
[0.365s] INFO:colcon.colcon_core.executor:Executing jobs using 'parallel' executor
[0.365s] DEBUG:colcon.colcon_parallel_executor.executor.parallel:run_until_complete
[0.366s] INFO:colcon.colcon_ros.task.ament_python.build:Building ROS package in '/home/mtaruno@netid.washington.edu/TECHIN516/lab7/src/lab_quaternion' with build type 'ament_python'
[0.366s] Level 1:colcon.colcon_core.shell:create_environment_hook('lab_quaternion', 'ament_prefix_path')
[0.368s] INFO:colcon.colcon_core.plugin_system:Skipping extension 'colcon_core.shell.bat': Not used on non-Windows systems
[0.368s] INFO:colcon.colcon_core.shell:Creating environment hook '/home/mtaruno@netid.washington.edu/TECHIN516/lab7/src/lab_quaternion/install/lab_quaternion/share/lab_quaternion/hook/ament_prefix_path.ps1'
[0.368s] INFO:colcon.colcon_core.shell:Creating environment descriptor '/home/mtaruno@netid.washington.edu/TECHIN516/lab7/src/lab_quaternion/install/lab_quaternion/share/lab_quaternion/hook/ament_prefix_path.dsv'
[0.369s] INFO:colcon.colcon_core.shell:Creating environment hook '/home/mtaruno@netid.washington.edu/TECHIN516/lab7/src/lab_quaternion/install/lab_quaternion/share/lab_quaternion/hook/ament_prefix_path.sh'
[0.369s] INFO:colcon.colcon_core.shell:Skip shell extension 'powershell' for command environment: Not usable outside of PowerShell
[0.369s] DEBUG:colcon.colcon_core.shell:Skip shell extension 'dsv' for command environment
[0.634s] WARNING:colcon.colcon_ros.task.ament_python.build:Package 'lab_quaternion' doesn't explicitly install a marker in the package index (colcon-ros currently does it implicitly but that fallback will be removed in the future)
[0.634s] INFO:colcon.colcon_core.task.python.build:Building Python package in '/home/mtaruno@netid.washington.edu/TECHIN516/lab7/src/lab_quaternion'
[0.635s] INFO:colcon.colcon_core.shell:Skip shell extension 'powershell' for command environment: Not usable outside of PowerShell
[0.635s] DEBUG:colcon.colcon_core.shell:Skip shell extension 'dsv' for command environment
[0.978s] DEBUG:colcon.colcon_core.event_handler.log_command:Invoking command in '/home/mtaruno@netid.washington.edu/TECHIN516/lab7/src/lab_quaternion': PYTHONPATH=/home/mtaruno@netid.washington.edu/TECHIN516/lab7/src/lab_quaternion/build/lab_quaternion/prefix_override:/home/mtaruno@netid.washington.edu/TECHIN516/lab7/src/lab_quaternion/install/lab_quaternion/lib/python3.10/site-packages:${PYTHONPATH} /usr/bin/python3 -W ignore:setup.py install is deprecated setup.py egg_info --egg-base build/lab_quaternion build --build-base /home/mtaruno@netid.washington.edu/TECHIN516/lab7/src/lab_quaternion/build/lab_quaternion/build install --record /home/mtaruno@netid.washington.edu/TECHIN516/lab7/src/lab_quaternion/build/lab_quaternion/install.log --single-version-externally-managed install_data
[1.261s] DEBUG:colcon.colcon_core.event_handler.log_command:Invoked command in '/home/mtaruno@netid.washington.edu/TECHIN516/lab7/src/lab_quaternion' returned '0': PYTHONPATH=/home/mtaruno@netid.washington.edu/TECHIN516/lab7/src/lab_quaternion/build/lab_quaternion/prefix_override:/home/mtaruno@netid.washington.edu/TECHIN516/lab7/src/lab_quaternion/install/lab_quaternion/lib/python3.10/site-packages:${PYTHONPATH} /usr/bin/python3 -W ignore:setup.py install is deprecated setup.py egg_info --egg-base build/lab_quaternion build --build-base /home/mtaruno@netid.washington.edu/TECHIN516/lab7/src/lab_quaternion/build/lab_quaternion/build install --record /home/mtaruno@netid.washington.edu/TECHIN516/lab7/src/lab_quaternion/build/lab_quaternion/install.log --single-version-externally-managed install_data
[1.263s] Level 1:colcon.colcon_core.environment:checking '/home/mtaruno@netid.washington.edu/TECHIN516/lab7/src/lab_quaternion/install/lab_quaternion' for CMake module files
[1.263s] Level 1:colcon.colcon_core.environment:checking '/home/mtaruno@netid.washington.edu/TECHIN516/lab7/src/lab_quaternion/install/lab_quaternion' for CMake config files
[1.264s] Level 1:colcon.colcon_core.shell:create_environment_hook('lab_quaternion', 'cmake_prefix_path')
[1.264s] INFO:colcon.colcon_core.shell:Creating environment hook '/home/mtaruno@netid.washington.edu/TECHIN516/lab7/src/lab_quaternion/install/lab_quaternion/share/lab_quaternion/hook/cmake_prefix_path.ps1'
[1.264s] INFO:colcon.colcon_core.shell:Creating environment descriptor '/home/mtaruno@netid.washington.edu/TECHIN516/lab7/src/lab_quaternion/install/lab_quaternion/share/lab_quaternion/hook/cmake_prefix_path.dsv'
[1.264s] INFO:colcon.colcon_core.shell:Creating environment hook '/home/mtaruno@netid.washington.edu/TECHIN516/lab7/src/lab_quaternion/install/lab_quaternion/share/lab_quaternion/hook/cmake_prefix_path.sh'
[1.265s] Level 1:colcon.colcon_core.environment:checking '/home/mtaruno@netid.washington.edu/TECHIN516/lab7/src/lab_quaternion/install/lab_quaternion/lib'
[1.265s] Level 1:colcon.colcon_core.environment:checking '/home/mtaruno@netid.washington.edu/TECHIN516/lab7/src/lab_quaternion/install/lab_quaternion/bin'
[1.265s] Level 1:colcon.colcon_core.environment:checking '/home/mtaruno@netid.washington.edu/TECHIN516/lab7/src/lab_quaternion/install/lab_quaternion/lib/pkgconfig/lab_quaternion.pc'
[1.265s] Level 1:colcon.colcon_core.environment:checking '/home/mtaruno@netid.washington.edu/TECHIN516/lab7/src/lab_quaternion/install/lab_quaternion/lib/python3.10/site-packages'
[1.265s] Level 1:colcon.colcon_core.shell:create_environment_hook('lab_quaternion', 'pythonpath')
[1.265s] INFO:colcon.colcon_core.shell:Creating environment hook '/home/mtaruno@netid.washington.edu/TECHIN516/lab7/src/lab_quaternion/install/lab_quaternion/share/lab_quaternion/hook/pythonpath.ps1'
[1.266s] INFO:colcon.colcon_core.shell:Creating environment descriptor '/home/mtaruno@netid.washington.edu/TECHIN516/lab7/src/lab_quaternion/install/lab_quaternion/share/lab_quaternion/hook/pythonpath.dsv'
[1.266s] INFO:colcon.colcon_core.shell:Creating environment hook '/home/mtaruno@netid.washington.edu/TECHIN516/lab7/src/lab_quaternion/install/lab_quaternion/share/lab_quaternion/hook/pythonpath.sh'
[1.266s] Level 1:colcon.colcon_core.environment:checking '/home/mtaruno@netid.washington.edu/TECHIN516/lab7/src/lab_quaternion/install/lab_quaternion/bin'
[1.266s] Level 1:colcon.colcon_core.environment:create_environment_scripts_only(lab_quaternion)
[1.267s] INFO:colcon.colcon_core.shell:Creating package script '/home/mtaruno@netid.washington.edu/TECHIN516/lab7/src/lab_quaternion/install/lab_quaternion/share/lab_quaternion/package.ps1'
[1.267s] INFO:colcon.colcon_core.shell:Creating package descriptor '/home/mtaruno@netid.washington.edu/TECHIN516/lab7/src/lab_quaternion/install/lab_quaternion/share/lab_quaternion/package.dsv'
[1.268s] INFO:colcon.colcon_core.shell:Creating package script '/home/mtaruno@netid.washington.edu/TECHIN516/lab7/src/lab_quaternion/install/lab_quaternion/share/lab_quaternion/package.sh'
[1.268s] INFO:colcon.colcon_core.shell:Creating package script '/home/mtaruno@netid.washington.edu/TECHIN516/lab7/src/lab_quaternion/install/lab_quaternion/share/lab_quaternion/package.bash'
[1.269s] INFO:colcon.colcon_core.shell:Creating package script '/home/mtaruno@netid.washington.edu/TECHIN516/lab7/src/lab_quaternion/install/lab_quaternion/share/lab_quaternion/package.zsh'
[1.269s] Level 1:colcon.colcon_core.environment:create_file_with_runtime_dependencies(/home/mtaruno@netid.washington.edu/TECHIN516/lab7/src/lab_quaternion/install/lab_quaternion/share/colcon-core/packages/lab_quaternion)
[1.270s] DEBUG:colcon.colcon_parallel_executor.executor.parallel:closing loop
[1.270s] DEBUG:colcon.colcon_parallel_executor.executor.parallel:loop closed
[1.270s] DEBUG:colcon.colcon_parallel_executor.executor.parallel:run_until_complete finished with '0'
[1.270s] DEBUG:colcon.colcon_core.event_reactor:joining thread
[1.275s] INFO:colcon.colcon_core.plugin_system:Skipping extension 'colcon_notification.desktop_notification.terminal_notifier': Not used on non-Darwin systems
[1.275s] INFO:colcon.colcon_core.plugin_system:Skipping extension 'colcon_notification.desktop_notification.win32': Not used on non-Windows systems
[1.275s] INFO:colcon.colcon_notification.desktop_notification:Sending desktop notification using 'notify2'
[1.284s] DEBUG:colcon.colcon_core.event_reactor:joined thread
[1.284s] INFO:colcon.colcon_core.shell:Creating prefix script '/home/mtaruno@netid.washington.edu/TECHIN516/lab7/src/lab_quaternion/install/local_setup.ps1'
[1.285s] INFO:colcon.colcon_core.shell:Creating prefix util module '/home/mtaruno@netid.washington.edu/TECHIN516/lab7/src/lab_quaternion/install/_local_setup_util_ps1.py'
[1.286s] INFO:colcon.colcon_core.shell:Creating prefix chain script '/home/mtaruno@netid.washington.edu/TECHIN516/lab7/src/lab_quaternion/install/setup.ps1'
[1.290s] INFO:colcon.colcon_core.shell:Creating prefix script '/home/mtaruno@netid.washington.edu/TECHIN516/lab7/src/lab_quaternion/install/local_setup.sh'
[1.291s] INFO:colcon.colcon_core.shell:Creating prefix util module '/home/mtaruno@netid.washington.edu/TECHIN516/lab7/src/lab_quaternion/install/_local_setup_util_sh.py'
[1.291s] INFO:colcon.colcon_core.shell:Creating prefix chain script '/home/mtaruno@netid.washington.edu/TECHIN516/lab7/src/lab_quaternion/install/setup.sh'
[1.295s] INFO:colcon.colcon_core.shell:Creating prefix script '/home/mtaruno@netid.washington.edu/TECHIN516/lab7/src/lab_quaternion/install/local_setup.bash'
[1.295s] INFO:colcon.colcon_core.shell:Creating prefix chain script '/home/mtaruno@netid.washington.edu/TECHIN516/lab7/src/lab_quaternion/install/setup.bash'
[1.300s] INFO:colcon.colcon_core.shell:Creating prefix script '/home/mtaruno@netid.washington.edu/TECHIN516/lab7/src/lab_quaternion/install/local_setup.zsh'
[1.301s] INFO:colcon.colcon_core.shell:Creating prefix chain script '/home/mtaruno@netid.washington.edu/TECHIN516/lab7/src/lab_quaternion/install/setup.zsh'
