running egg_info
writing build/turtle/turtle.egg-info/PKG-INFO
writing dependency_links to build/turtle/turtle.egg-info/dependency_links.txt
writing entry points to build/turtle/turtle.egg-info/entry_points.txt
writing requirements to build/turtle/turtle.egg-info/requires.txt
writing top-level names to build/turtle/turtle.egg-info/top_level.txt
reading manifest file 'build/turtle/turtle.egg-info/SOURCES.txt'
writing manifest file 'build/turtle/turtle.egg-info/SOURCES.txt'
running build
running build_py
copying turtle/basket.py -> /home/mtaruno@netid.washington.edu/516-robotics/final/turtle/build/turtle/build/lib/turtle
running install
running install_lib
copying /home/mtaruno@netid.washington.edu/516-robotics/final/turtle/build/turtle/build/lib/turtle/basket.py -> /home/mtaruno@netid.washington.edu/516-robotics/final/turtle/install/turtle/lib/python3.10/site-packages/turtle
byte-compiling /home/mtaruno@netid.washington.edu/516-robotics/final/turtle/install/turtle/lib/python3.10/site-packages/turtle/basket.py to basket.cpython-310.pyc
running install_data
running install_egg_info
removing '/home/mtaruno@netid.washington.edu/516-robotics/final/turtle/install/turtle/lib/python3.10/site-packages/turtle-0.0.0-py3.10.egg-info' (and everything under it)
Copying build/turtle/turtle.egg-info to /home/mtaruno@netid.washington.edu/516-robotics/final/turtle/install/turtle/lib/python3.10/site-packages/turtle-0.0.0-py3.10.egg-info
running install_scripts
Installing basket script to /home/mtaruno@netid.washington.edu/516-robotics/final/turtle/install/turtle/lib/turtle
writing list of installed files to '/home/mtaruno@netid.washington.edu/516-robotics/final/turtle/build/turtle/install.log'
