[0.671s] Invoking command in '/home/mtaruno@netid.washington.edu/516-robotics/final/turtle': PYTHONPATH=/home/mtaruno@netid.washington.edu/516-robotics/final/turtle/build/turtle/prefix_override:/usr/lib/python3/dist-packages/colcon_core/task/python/colcon_distutils_commands:/home/mtaruno@netid.washington.edu/516-robotics/final/turtle/install/turtle/lib/python3.10/site-packages:${PYTHONPATH} /usr/bin/python3 -W ignore:setup.py install is deprecated -W ignore:easy_install command is deprecated setup.py egg_info --egg-base build/turtle build --build-base /home/mtaruno@netid.washington.edu/516-robotics/final/turtle/build/turtle/build install --record /home/mtaruno@netid.washington.edu/516-robotics/final/turtle/build/turtle/install.log --single-version-externally-managed install_data
[0.929s] running egg_info
[0.929s] writing build/turtle/turtle.egg-info/PKG-INFO
[0.930s] writing dependency_links to build/turtle/turtle.egg-info/dependency_links.txt
[0.930s] writing entry points to build/turtle/turtle.egg-info/entry_points.txt
[0.930s] writing requirements to build/turtle/turtle.egg-info/requires.txt
[0.930s] writing top-level names to build/turtle/turtle.egg-info/top_level.txt
[0.932s] reading manifest file 'build/turtle/turtle.egg-info/SOURCES.txt'
[0.932s] writing manifest file 'build/turtle/turtle.egg-info/SOURCES.txt'
[0.933s] running build
[0.933s] running build_py
[0.933s] copying turtle/basket.py -> /home/mtaruno@netid.washington.edu/516-robotics/final/turtle/build/turtle/build/lib/turtle
[0.933s] running install
[0.933s] running install_lib
[0.934s] copying /home/mtaruno@netid.washington.edu/516-robotics/final/turtle/build/turtle/build/lib/turtle/basket.py -> /home/mtaruno@netid.washington.edu/516-robotics/final/turtle/install/turtle/lib/python3.10/site-packages/turtle
[0.935s] byte-compiling /home/mtaruno@netid.washington.edu/516-robotics/final/turtle/install/turtle/lib/python3.10/site-packages/turtle/basket.py to basket.cpython-310.pyc
[0.935s] running install_data
[0.935s] running install_egg_info
[0.937s] removing '/home/mtaruno@netid.washington.edu/516-robotics/final/turtle/install/turtle/lib/python3.10/site-packages/turtle-0.0.0-py3.10.egg-info' (and everything under it)
[0.937s] Copying build/turtle/turtle.egg-info to /home/mtaruno@netid.washington.edu/516-robotics/final/turtle/install/turtle/lib/python3.10/site-packages/turtle-0.0.0-py3.10.egg-info
[0.938s] running install_scripts
[0.958s] Installing basket script to /home/mtaruno@netid.washington.edu/516-robotics/final/turtle/install/turtle/lib/turtle
[0.958s] writing list of installed files to '/home/mtaruno@netid.washington.edu/516-robotics/final/turtle/build/turtle/install.log'
[0.981s] Invoked command in '/home/mtaruno@netid.washington.edu/516-robotics/final/turtle' returned '0': PYTHONPATH=/home/mtaruno@netid.washington.edu/516-robotics/final/turtle/build/turtle/prefix_override:/usr/lib/python3/dist-packages/colcon_core/task/python/colcon_distutils_commands:/home/mtaruno@netid.washington.edu/516-robotics/final/turtle/install/turtle/lib/python3.10/site-packages:${PYTHONPATH} /usr/bin/python3 -W ignore:setup.py install is deprecated -W ignore:easy_install command is deprecated setup.py egg_info --egg-base build/turtle build --build-base /home/mtaruno@netid.washington.edu/516-robotics/final/turtle/build/turtle/build install --record /home/mtaruno@netid.washington.edu/516-robotics/final/turtle/build/turtle/install.log --single-version-externally-managed install_data
