[1.480s] Invoking command in '/home/mtaruno@netid.washington.edu/516-robotics/final/src/turtle': PYTHONPATH=/home/mtaruno@netid.washington.edu/516-robotics/final/build/turtle/prefix_override:/usr/lib/python3/dist-packages/colcon_core/task/python/colcon_distutils_commands:/home/mtaruno@netid.washington.edu/516-robotics/final/install/turtle/lib/python3.10/site-packages:${PYTHONPATH} /usr/bin/python3 -W ignore:setup.py install is deprecated -W ignore:easy_install command is deprecated setup.py egg_info --egg-base ../../build/turtle build --build-base /home/mtaruno@netid.washington.edu/516-robotics/final/build/turtle/build install --record /home/mtaruno@netid.washington.edu/516-robotics/final/build/turtle/install.log --single-version-externally-managed install_data
[1.946s] running egg_info
[1.947s] writing ../../build/turtle/turtle.egg-info/PKG-INFO
[1.948s] writing dependency_links to ../../build/turtle/turtle.egg-info/dependency_links.txt
[1.948s] writing entry points to ../../build/turtle/turtle.egg-info/entry_points.txt
[1.948s] writing requirements to ../../build/turtle/turtle.egg-info/requires.txt
[1.948s] writing top-level names to ../../build/turtle/turtle.egg-info/top_level.txt
[1.952s] reading manifest file '../../build/turtle/turtle.egg-info/SOURCES.txt'
[1.953s] writing manifest file '../../build/turtle/turtle.egg-info/SOURCES.txt'
[1.953s] running build
[1.953s] running build_py
[1.954s] copying turtle/basket.py -> /home/mtaruno@netid.washington.edu/516-robotics/final/build/turtle/build/lib/turtle
[1.954s] running install
[1.955s] running install_lib
[1.956s] copying /home/mtaruno@netid.washington.edu/516-robotics/final/build/turtle/build/lib/turtle/basket.py -> /home/mtaruno@netid.washington.edu/516-robotics/final/install/turtle/lib/python3.10/site-packages/turtle
[1.957s] byte-compiling /home/mtaruno@netid.washington.edu/516-robotics/final/install/turtle/lib/python3.10/site-packages/turtle/basket.py to basket.cpython-310.pyc
[1.958s] running install_data
[1.959s] running install_egg_info
[1.962s] removing '/home/mtaruno@netid.washington.edu/516-robotics/final/install/turtle/lib/python3.10/site-packages/turtle-0.0.0-py3.10.egg-info' (and everything under it)
[1.963s] Copying ../../build/turtle/turtle.egg-info to /home/mtaruno@netid.washington.edu/516-robotics/final/install/turtle/lib/python3.10/site-packages/turtle-0.0.0-py3.10.egg-info
[1.964s] running install_scripts
[2.002s] Installing basket script to /home/mtaruno@netid.washington.edu/516-robotics/final/install/turtle/lib/turtle
[2.003s] writing list of installed files to '/home/mtaruno@netid.washington.edu/516-robotics/final/build/turtle/install.log'
[2.035s] Invoked command in '/home/mtaruno@netid.washington.edu/516-robotics/final/src/turtle' returned '0': PYTHONPATH=/home/mtaruno@netid.washington.edu/516-robotics/final/build/turtle/prefix_override:/usr/lib/python3/dist-packages/colcon_core/task/python/colcon_distutils_commands:/home/mtaruno@netid.washington.edu/516-robotics/final/install/turtle/lib/python3.10/site-packages:${PYTHONPATH} /usr/bin/python3 -W ignore:setup.py install is deprecated -W ignore:easy_install command is deprecated setup.py egg_info --egg-base ../../build/turtle build --build-base /home/mtaruno@netid.washington.edu/516-robotics/final/build/turtle/build install --record /home/mtaruno@netid.washington.edu/516-robotics/final/build/turtle/install.log --single-version-externally-managed install_data
