[1.247s] Invoking command in '/home/mtaruno@netid.washington.edu/516-robotics/final/src/turtle': PYTHONPATH=/home/mtaruno@netid.washington.edu/516-robotics/final/build/turtle/prefix_override:/usr/lib/python3/dist-packages/colcon_core/task/python/colcon_distutils_commands:/home/mtaruno@netid.washington.edu/516-robotics/final/install/turtle/lib/python3.10/site-packages:${PYTHONPATH} /usr/bin/python3 -W ignore:setup.py install is deprecated -W ignore:easy_install command is deprecated setup.py egg_info --egg-base ../../build/turtle build --build-base /home/mtaruno@netid.washington.edu/516-robotics/final/build/turtle/build install --record /home/mtaruno@netid.washington.edu/516-robotics/final/build/turtle/install.log --single-version-externally-managed install_data
[1.600s] running egg_info
[1.601s] writing ../../build/turtle/turtle.egg-info/PKG-INFO
[1.601s] writing dependency_links to ../../build/turtle/turtle.egg-info/dependency_links.txt
[1.601s] writing entry points to ../../build/turtle/turtle.egg-info/entry_points.txt
[1.601s] writing requirements to ../../build/turtle/turtle.egg-info/requires.txt
[1.601s] writing top-level names to ../../build/turtle/turtle.egg-info/top_level.txt
[1.604s] reading manifest file '../../build/turtle/turtle.egg-info/SOURCES.txt'
[1.605s] writing manifest file '../../build/turtle/turtle.egg-info/SOURCES.txt'
[1.606s] running build
[1.606s] running build_py
[1.606s] copying turtle/basket.py -> /home/mtaruno@netid.washington.edu/516-robotics/final/build/turtle/build/lib/turtle
[1.607s] running install
[1.607s] running install_lib
[1.608s] copying /home/mtaruno@netid.washington.edu/516-robotics/final/build/turtle/build/lib/turtle/basket.py -> /home/mtaruno@netid.washington.edu/516-robotics/final/install/turtle/lib/python3.10/site-packages/turtle
[1.609s] byte-compiling /home/mtaruno@netid.washington.edu/516-robotics/final/install/turtle/lib/python3.10/site-packages/turtle/basket.py to basket.cpython-310.pyc
[1.610s] running install_data
[1.610s] running install_egg_info
[1.613s] removing '/home/mtaruno@netid.washington.edu/516-robotics/final/install/turtle/lib/python3.10/site-packages/turtle-0.0.0-py3.10.egg-info' (and everything under it)
[1.614s] Copying ../../build/turtle/turtle.egg-info to /home/mtaruno@netid.washington.edu/516-robotics/final/install/turtle/lib/python3.10/site-packages/turtle-0.0.0-py3.10.egg-info
[1.614s] running install_scripts
[1.641s] Installing basket script to /home/mtaruno@netid.washington.edu/516-robotics/final/install/turtle/lib/turtle
[1.641s] writing list of installed files to '/home/mtaruno@netid.washington.edu/516-robotics/final/build/turtle/install.log'
[1.671s] Invoked command in '/home/mtaruno@netid.washington.edu/516-robotics/final/src/turtle' returned '0': PYTHONPATH=/home/mtaruno@netid.washington.edu/516-robotics/final/build/turtle/prefix_override:/usr/lib/python3/dist-packages/colcon_core/task/python/colcon_distutils_commands:/home/mtaruno@netid.washington.edu/516-robotics/final/install/turtle/lib/python3.10/site-packages:${PYTHONPATH} /usr/bin/python3 -W ignore:setup.py install is deprecated -W ignore:easy_install command is deprecated setup.py egg_info --egg-base ../../build/turtle build --build-base /home/mtaruno@netid.washington.edu/516-robotics/final/build/turtle/build install --record /home/mtaruno@netid.washington.edu/516-robotics/final/build/turtle/install.log --single-version-externally-managed install_data
