running egg_info
creating build/lab_quaternion/lab_quaternion.egg-info
writing build/lab_quaternion/lab_quaternion.egg-info/PKG-INFO
writing dependency_links to build/lab_quaternion/lab_quaternion.egg-info/dependency_links.txt
writing entry points to build/lab_quaternion/lab_quaternion.egg-info/entry_points.txt
writing requirements to build/lab_quaternion/lab_quaternion.egg-info/requires.txt
writing top-level names to build/lab_quaternion/lab_quaternion.egg-info/top_level.txt
writing manifest file 'build/lab_quaternion/lab_quaternion.egg-info/SOURCES.txt'
reading manifest file 'build/lab_quaternion/lab_quaternion.egg-info/SOURCES.txt'
writing manifest file 'build/lab_quaternion/lab_quaternion.egg-info/SOURCES.txt'
running build
running build_py
creating /home/mtaruno@netid.washington.edu/516-robotics/lab7/lab_quaternion/build/lab_quaternion/build
creating /home/mtaruno@netid.washington.edu/516-robotics/lab7/lab_quaternion/build/lab_quaternion/build/lib
creating /home/mtaruno@netid.washington.edu/516-robotics/lab7/lab_quaternion/build/lab_quaternion/build/lib/lab_quaternion
copying lab_quaternion/gen3lite_pymoveit2.py -> /home/mtaruno@netid.washington.edu/516-robotics/lab7/lab_quaternion/build/lab_quaternion/build/lib/lab_quaternion
copying lab_quaternion/__init__.py -> /home/mtaruno@netid.washington.edu/516-robotics/lab7/lab_quaternion/build/lab_quaternion/build/lib/lab_quaternion
copying lab_quaternion/pick_and_place_over_obstacle.py -> /home/mtaruno@netid.washington.edu/516-robotics/lab7/lab_quaternion/build/lab_quaternion/build/lib/lab_quaternion
copying lab_quaternion/pick_and_place.py -> /home/mtaruno@netid.washington.edu/516-robotics/lab7/lab_quaternion/build/lab_quaternion/build/lib/lab_quaternion
copying lab_quaternion/trajectory_from_csv.py -> /home/mtaruno@netid.washington.edu/516-robotics/lab7/lab_quaternion/build/lab_quaternion/build/lib/lab_quaternion
running install
running install_lib
creating /home/mtaruno@netid.washington.edu/516-robotics/lab7/lab_quaternion/install/lab_quaternion/lib/python3.10/site-packages/lab_quaternion
copying /home/mtaruno@netid.washington.edu/516-robotics/lab7/lab_quaternion/build/lab_quaternion/build/lib/lab_quaternion/gen3lite_pymoveit2.py -> /home/mtaruno@netid.washington.edu/516-robotics/lab7/lab_quaternion/install/lab_quaternion/lib/python3.10/site-packages/lab_quaternion
copying /home/mtaruno@netid.washington.edu/516-robotics/lab7/lab_quaternion/build/lab_quaternion/build/lib/lab_quaternion/__init__.py -> /home/mtaruno@netid.washington.edu/516-robotics/lab7/lab_quaternion/install/lab_quaternion/lib/python3.10/site-packages/lab_quaternion
copying /home/mtaruno@netid.washington.edu/516-robotics/lab7/lab_quaternion/build/lab_quaternion/build/lib/lab_quaternion/pick_and_place_over_obstacle.py -> /home/mtaruno@netid.washington.edu/516-robotics/lab7/lab_quaternion/install/lab_quaternion/lib/python3.10/site-packages/lab_quaternion
copying /home/mtaruno@netid.washington.edu/516-robotics/lab7/lab_quaternion/build/lab_quaternion/build/lib/lab_quaternion/pick_and_place.py -> /home/mtaruno@netid.washington.edu/516-robotics/lab7/lab_quaternion/install/lab_quaternion/lib/python3.10/site-packages/lab_quaternion
copying /home/mtaruno@netid.washington.edu/516-robotics/lab7/lab_quaternion/build/lab_quaternion/build/lib/lab_quaternion/trajectory_from_csv.py -> /home/mtaruno@netid.washington.edu/516-robotics/lab7/lab_quaternion/install/lab_quaternion/lib/python3.10/site-packages/lab_quaternion
byte-compiling /home/mtaruno@netid.washington.edu/516-robotics/lab7/lab_quaternion/install/lab_quaternion/lib/python3.10/site-packages/lab_quaternion/gen3lite_pymoveit2.py to gen3lite_pymoveit2.cpython-310.pyc
byte-compiling /home/mtaruno@netid.washington.edu/516-robotics/lab7/lab_quaternion/install/lab_quaternion/lib/python3.10/site-packages/lab_quaternion/__init__.py to __init__.cpython-310.pyc
byte-compiling /home/mtaruno@netid.washington.edu/516-robotics/lab7/lab_quaternion/install/lab_quaternion/lib/python3.10/site-packages/lab_quaternion/pick_and_place_over_obstacle.py to pick_and_place_over_obstacle.cpython-310.pyc
byte-compiling /home/mtaruno@netid.washington.edu/516-robotics/lab7/lab_quaternion/install/lab_quaternion/lib/python3.10/site-packages/lab_quaternion/pick_and_place.py to pick_and_place.cpython-310.pyc
byte-compiling /home/mtaruno@netid.washington.edu/516-robotics/lab7/lab_quaternion/install/lab_quaternion/lib/python3.10/site-packages/lab_quaternion/trajectory_from_csv.py to trajectory_from_csv.cpython-310.pyc
running install_data
copying package.xml -> /home/mtaruno@netid.washington.edu/516-robotics/lab7/lab_quaternion/install/lab_quaternion/share/lab_quaternion
creating /home/mtaruno@netid.washington.edu/516-robotics/lab7/lab_quaternion/install/lab_quaternion/share/lab_quaternion/launch
copying launch/sort_world.launch.py -> /home/mtaruno@netid.washington.edu/516-robotics/lab7/lab_quaternion/install/lab_quaternion/share/lab_quaternion/launch
creating /home/mtaruno@netid.washington.edu/516-robotics/lab7/lab_quaternion/install/lab_quaternion/share/lab_quaternion/worlds
copying worlds/sort_world.sdf -> /home/mtaruno@netid.washington.edu/516-robotics/lab7/lab_quaternion/install/lab_quaternion/share/lab_quaternion/worlds
running install_egg_info
Copying build/lab_quaternion/lab_quaternion.egg-info to /home/mtaruno@netid.washington.edu/516-robotics/lab7/lab_quaternion/install/lab_quaternion/lib/python3.10/site-packages/lab_quaternion-0.0.1-py3.10.egg-info
running install_scripts
Installing gen3lite_pymoveit2 script to /home/mtaruno@netid.washington.edu/516-robotics/lab7/lab_quaternion/install/lab_quaternion/lib/lab_quaternion
Installing pick_and_place script to /home/mtaruno@netid.washington.edu/516-robotics/lab7/lab_quaternion/install/lab_quaternion/lib/lab_quaternion
Installing pick_and_place_over_obstacle script to /home/mtaruno@netid.washington.edu/516-robotics/lab7/lab_quaternion/install/lab_quaternion/lib/lab_quaternion
Installing trajectory_from_csv script to /home/mtaruno@netid.washington.edu/516-robotics/lab7/lab_quaternion/install/lab_quaternion/lib/lab_quaternion
writing list of installed files to '/home/mtaruno@netid.washington.edu/516-robotics/lab7/lab_quaternion/build/lab_quaternion/install.log'
