[1.160s] Invoking command in '/home/mtaruno@netid.washington.edu/516-robotics/final/src/kinova': PYTHONPATH=/home/mtaruno@netid.washington.edu/516-robotics/final/build/kinova/prefix_override:/usr/lib/python3/dist-packages/colcon_core/task/python/colcon_distutils_commands:/home/mtaruno@netid.washington.edu/516-robotics/final/install/kinova/lib/python3.10/site-packages:${PYTHONPATH} /usr/bin/python3 -W ignore:setup.py install is deprecated -W ignore:easy_install command is deprecated setup.py egg_info --egg-base ../../build/kinova build --build-base /home/mtaruno@netid.washington.edu/516-robotics/final/build/kinova/build install --record /home/mtaruno@netid.washington.edu/516-robotics/final/build/kinova/install.log --single-version-externally-managed install_data
[1.502s] running egg_info
[1.503s] writing ../../build/kinova/kinova.egg-info/PKG-INFO
[1.504s] writing dependency_links to ../../build/kinova/kinova.egg-info/dependency_links.txt
[1.504s] writing entry points to ../../build/kinova/kinova.egg-info/entry_points.txt
[1.504s] writing requirements to ../../build/kinova/kinova.egg-info/requires.txt
[1.504s] writing top-level names to ../../build/kinova/kinova.egg-info/top_level.txt
[1.507s] reading manifest file '../../build/kinova/kinova.egg-info/SOURCES.txt'
[1.509s] writing manifest file '../../build/kinova/kinova.egg-info/SOURCES.txt'
[1.509s] running build
[1.509s] running build_py
[1.509s] copying kinova/pick_and_place_over_obstacle.py -> /home/mtaruno@netid.washington.edu/516-robotics/final/build/kinova/build/lib/kinova
[1.510s] running install
[1.511s] running install_lib
[1.512s] copying /home/mtaruno@netid.washington.edu/516-robotics/final/build/kinova/build/lib/kinova/pick_and_place_over_obstacle.py -> /home/mtaruno@netid.washington.edu/516-robotics/final/install/kinova/lib/python3.10/site-packages/kinova
[1.513s] byte-compiling /home/mtaruno@netid.washington.edu/516-robotics/final/install/kinova/lib/python3.10/site-packages/kinova/pick_and_place_over_obstacle.py to pick_and_place_over_obstacle.cpython-310.pyc
[1.514s] running install_data
[1.515s] running install_egg_info
[1.519s] removing '/home/mtaruno@netid.washington.edu/516-robotics/final/install/kinova/lib/python3.10/site-packages/kinova-0.0.0-py3.10.egg-info' (and everything under it)
[1.520s] Copying ../../build/kinova/kinova.egg-info to /home/mtaruno@netid.washington.edu/516-robotics/final/install/kinova/lib/python3.10/site-packages/kinova-0.0.0-py3.10.egg-info
[1.521s] running install_scripts
[1.549s] writing list of installed files to '/home/mtaruno@netid.washington.edu/516-robotics/final/build/kinova/install.log'
[1.589s] Invoked command in '/home/mtaruno@netid.washington.edu/516-robotics/final/src/kinova' returned '0': PYTHONPATH=/home/mtaruno@netid.washington.edu/516-robotics/final/build/kinova/prefix_override:/usr/lib/python3/dist-packages/colcon_core/task/python/colcon_distutils_commands:/home/mtaruno@netid.washington.edu/516-robotics/final/install/kinova/lib/python3.10/site-packages:${PYTHONPATH} /usr/bin/python3 -W ignore:setup.py install is deprecated -W ignore:easy_install command is deprecated setup.py egg_info --egg-base ../../build/kinova build --build-base /home/mtaruno@netid.washington.edu/516-robotics/final/build/kinova/build install --record /home/mtaruno@netid.washington.edu/516-robotics/final/build/kinova/install.log --single-version-externally-managed install_data
