[1.626s] Invoking command in '/home/mtaruno@netid.washington.edu/516-robotics/final/src/kinova': PYTHONPATH=/home/mtaruno@netid.washington.edu/516-robotics/final/build/kinova/prefix_override:/usr/lib/python3/dist-packages/colcon_core/task/python/colcon_distutils_commands:/home/mtaruno@netid.washington.edu/516-robotics/final/install/kinova/lib/python3.10/site-packages:${PYTHONPATH} /usr/bin/python3 -W ignore:setup.py install is deprecated -W ignore:easy_install command is deprecated setup.py egg_info --egg-base ../../build/kinova build --build-base /home/mtaruno@netid.washington.edu/516-robotics/final/build/kinova/build install --record /home/mtaruno@netid.washington.edu/516-robotics/final/build/kinova/install.log --single-version-externally-managed install_data
[2.107s] running egg_info
[2.108s] writing ../../build/kinova/kinova.egg-info/PKG-INFO
[2.108s] writing dependency_links to ../../build/kinova/kinova.egg-info/dependency_links.txt
[2.108s] writing entry points to ../../build/kinova/kinova.egg-info/entry_points.txt
[2.109s] writing requirements to ../../build/kinova/kinova.egg-info/requires.txt
[2.109s] writing top-level names to ../../build/kinova/kinova.egg-info/top_level.txt
[2.112s] reading manifest file '../../build/kinova/kinova.egg-info/SOURCES.txt'
[2.114s] writing manifest file '../../build/kinova/kinova.egg-info/SOURCES.txt'
[2.114s] running build
[2.115s] running build_py
[2.115s] running install
[2.116s] running install_lib
[2.118s] running install_data
[2.118s] running install_egg_info
[2.121s] removing '/home/mtaruno@netid.washington.edu/516-robotics/final/install/kinova/lib/python3.10/site-packages/kinova-0.0.0-py3.10.egg-info' (and everything under it)
[2.122s] Copying ../../build/kinova/kinova.egg-info to /home/mtaruno@netid.washington.edu/516-robotics/final/install/kinova/lib/python3.10/site-packages/kinova-0.0.0-py3.10.egg-info
[2.123s] running install_scripts
[2.157s] Installing go script to /home/mtaruno@netid.washington.edu/516-robotics/final/install/kinova/lib/kinova
[2.158s] writing list of installed files to '/home/mtaruno@netid.washington.edu/516-robotics/final/build/kinova/install.log'
[2.192s] Invoked command in '/home/mtaruno@netid.washington.edu/516-robotics/final/src/kinova' returned '0': PYTHONPATH=/home/mtaruno@netid.washington.edu/516-robotics/final/build/kinova/prefix_override:/usr/lib/python3/dist-packages/colcon_core/task/python/colcon_distutils_commands:/home/mtaruno@netid.washington.edu/516-robotics/final/install/kinova/lib/python3.10/site-packages:${PYTHONPATH} /usr/bin/python3 -W ignore:setup.py install is deprecated -W ignore:easy_install command is deprecated setup.py egg_info --egg-base ../../build/kinova build --build-base /home/mtaruno@netid.washington.edu/516-robotics/final/build/kinova/build install --record /home/mtaruno@netid.washington.edu/516-robotics/final/build/kinova/install.log --single-version-externally-managed install_data
