[0.144s] Invoking command in '/home/mtaruno@netid.washington.edu/TECHIN516/lab7/src/lab_quaternion/build/lab_quaternion': CMAKE_PREFIX_PATH=${CMAKE_PREFIX_PATH}:/home/mtaruno@netid.washington.edu/TECHIN516/kinova_ws/install/rqt_joint_trajectory_controller:/home/mtaruno@netid.washington.edu/TECHIN516/kinova_ws/install/rqt_controller_manager:/home/mtaruno@netid.washington.edu/TECHIN516/kinova_ws/install/ros2controlcli:/home/mtaruno@netid.washington.edu/TECHIN516/kinova_ws/install/ros2_controllers_test_nodes:/home/mtaruno@netid.washington.edu/TECHIN516/kinova_ws/install/ros2_control_demo_testing:/home/mtaruno@netid.washington.edu/TECHIN516/turtlebot_ws/install/turtlebot3_teleop:/home/mtaruno@netid.washington.edu/TECHIN516/turtlebot_ws/install/turtlebot3_example:/opt/ros/humble /usr/bin/cmake /home/mtaruno@netid.washington.edu/TECHIN516/lab7/src/lab_quaternion -DCMAKE_INSTALL_PREFIX=/home/mtaruno@netid.washington.edu/TECHIN516/lab7/src/lab_quaternion/install/lab_quaternion
[0.662s] -- The C compiler identification is GNU 11.4.0
[1.087s] -- The CXX compiler identification is GNU 11.4.0
[1.144s] -- Detecting C compiler ABI info
[1.651s] -- Detecting C compiler ABI info - done
[1.702s] -- Check for working C compiler: /usr/bin/cc - skipped
[1.711s] -- Detecting C compile features
[1.714s] -- Detecting C compile features - done
[1.732s] -- Detecting CXX compiler ABI info
[2.291s] -- Detecting CXX compiler ABI info - done
[2.343s] -- Check for working CXX compiler: /usr/bin/c++ - skipped
[2.344s] -- Detecting CXX compile features
[2.347s] -- Detecting CXX compile features - done
[2.435s] -- Found ament_cmake: 1.3.9 (/opt/ros/humble/share/ament_cmake/cmake)
[3.481s] -- Found Python3: /usr/bin/python3 (found version "3.10.12") found components: Interpreter 
[4.838s] -- Found ament_lint_auto: 0.12.11 (/opt/ros/humble/share/ament_lint_auto/cmake)
[5.739s] -- Added test 'cppcheck' to perform static code analysis on C / C++ code
[5.740s] -- Configured cppcheck include dirs: 
[5.741s] -- Configured cppcheck exclude dirs and/or files: 
[5.755s] -- Added test 'flake8' to check Python code syntax and style conventions
[5.775s] -- Added test 'lint_cmake' to check CMake code style
[5.791s] -- Added test 'pep257' to check Python code against some of the docstring style conventions in PEP 257
[5.828s] -- Added test 'uncrustify' to check C / C++ code style
[5.829s] -- Configured uncrustify additional arguments: 
[5.843s] -- Added test 'xmllint' to check XML markup files
[5.871s] -- Configuring done
[5.886s] -- Generating done
[5.890s] -- Build files have been written to: /home/mtaruno@netid.washington.edu/TECHIN516/lab7/src/lab_quaternion/build/lab_quaternion
[5.911s] Invoked command in '/home/mtaruno@netid.washington.edu/TECHIN516/lab7/src/lab_quaternion/build/lab_quaternion' returned '0': CMAKE_PREFIX_PATH=${CMAKE_PREFIX_PATH}:/home/mtaruno@netid.washington.edu/TECHIN516/kinova_ws/install/rqt_joint_trajectory_controller:/home/mtaruno@netid.washington.edu/TECHIN516/kinova_ws/install/rqt_controller_manager:/home/mtaruno@netid.washington.edu/TECHIN516/kinova_ws/install/ros2controlcli:/home/mtaruno@netid.washington.edu/TECHIN516/kinova_ws/install/ros2_controllers_test_nodes:/home/mtaruno@netid.washington.edu/TECHIN516/kinova_ws/install/ros2_control_demo_testing:/home/mtaruno@netid.washington.edu/TECHIN516/turtlebot_ws/install/turtlebot3_teleop:/home/mtaruno@netid.washington.edu/TECHIN516/turtlebot_ws/install/turtlebot3_example:/opt/ros/humble /usr/bin/cmake /home/mtaruno@netid.washington.edu/TECHIN516/lab7/src/lab_quaternion -DCMAKE_INSTALL_PREFIX=/home/mtaruno@netid.washington.edu/TECHIN516/lab7/src/lab_quaternion/install/lab_quaternion
[5.922s] Invoking command in '/home/mtaruno@netid.washington.edu/TECHIN516/lab7/src/lab_quaternion/build/lab_quaternion': CMAKE_PREFIX_PATH=${CMAKE_PREFIX_PATH}:/home/mtaruno@netid.washington.edu/TECHIN516/kinova_ws/install/rqt_joint_trajectory_controller:/home/mtaruno@netid.washington.edu/TECHIN516/kinova_ws/install/rqt_controller_manager:/home/mtaruno@netid.washington.edu/TECHIN516/kinova_ws/install/ros2controlcli:/home/mtaruno@netid.washington.edu/TECHIN516/kinova_ws/install/ros2_controllers_test_nodes:/home/mtaruno@netid.washington.edu/TECHIN516/kinova_ws/install/ros2_control_demo_testing:/home/mtaruno@netid.washington.edu/TECHIN516/turtlebot_ws/install/turtlebot3_teleop:/home/mtaruno@netid.washington.edu/TECHIN516/turtlebot_ws/install/turtlebot3_example:/opt/ros/humble /usr/bin/cmake --build /home/mtaruno@netid.washington.edu/TECHIN516/lab7/src/lab_quaternion/build/lab_quaternion -- -j8 -l8
[6.226s] Invoked command in '/home/mtaruno@netid.washington.edu/TECHIN516/lab7/src/lab_quaternion/build/lab_quaternion' returned '0': CMAKE_PREFIX_PATH=${CMAKE_PREFIX_PATH}:/home/mtaruno@netid.washington.edu/TECHIN516/kinova_ws/install/rqt_joint_trajectory_controller:/home/mtaruno@netid.washington.edu/TECHIN516/kinova_ws/install/rqt_controller_manager:/home/mtaruno@netid.washington.edu/TECHIN516/kinova_ws/install/ros2controlcli:/home/mtaruno@netid.washington.edu/TECHIN516/kinova_ws/install/ros2_controllers_test_nodes:/home/mtaruno@netid.washington.edu/TECHIN516/kinova_ws/install/ros2_control_demo_testing:/home/mtaruno@netid.washington.edu/TECHIN516/turtlebot_ws/install/turtlebot3_teleop:/home/mtaruno@netid.washington.edu/TECHIN516/turtlebot_ws/install/turtlebot3_example:/opt/ros/humble /usr/bin/cmake --build /home/mtaruno@netid.washington.edu/TECHIN516/lab7/src/lab_quaternion/build/lab_quaternion -- -j8 -l8
[6.545s] Invoking command in '/home/mtaruno@netid.washington.edu/TECHIN516/lab7/src/lab_quaternion/build/lab_quaternion': CMAKE_PREFIX_PATH=${CMAKE_PREFIX_PATH}:/home/mtaruno@netid.washington.edu/TECHIN516/kinova_ws/install/rqt_joint_trajectory_controller:/home/mtaruno@netid.washington.edu/TECHIN516/kinova_ws/install/rqt_controller_manager:/home/mtaruno@netid.washington.edu/TECHIN516/kinova_ws/install/ros2controlcli:/home/mtaruno@netid.washington.edu/TECHIN516/kinova_ws/install/ros2_controllers_test_nodes:/home/mtaruno@netid.washington.edu/TECHIN516/kinova_ws/install/ros2_control_demo_testing:/home/mtaruno@netid.washington.edu/TECHIN516/turtlebot_ws/install/turtlebot3_teleop:/home/mtaruno@netid.washington.edu/TECHIN516/turtlebot_ws/install/turtlebot3_example:/opt/ros/humble /usr/bin/cmake --install /home/mtaruno@netid.washington.edu/TECHIN516/lab7/src/lab_quaternion/build/lab_quaternion
[6.606s] -- Install configuration: ""
[6.606s] -- Installing: /home/mtaruno@netid.washington.edu/TECHIN516/lab7/src/lab_quaternion/install/lab_quaternion/share/ament_index/resource_index/package_run_dependencies/lab_quaternion
[6.607s] -- Installing: /home/mtaruno@netid.washington.edu/TECHIN516/lab7/src/lab_quaternion/install/lab_quaternion/share/ament_index/resource_index/parent_prefix_path/lab_quaternion
[6.609s] -- Installing: /home/mtaruno@netid.washington.edu/TECHIN516/lab7/src/lab_quaternion/install/lab_quaternion/share/lab_quaternion/environment/ament_prefix_path.sh
[6.609s] -- Installing: /home/mtaruno@netid.washington.edu/TECHIN516/lab7/src/lab_quaternion/install/lab_quaternion/share/lab_quaternion/environment/ament_prefix_path.dsv
[6.610s] -- Installing: /home/mtaruno@netid.washington.edu/TECHIN516/lab7/src/lab_quaternion/install/lab_quaternion/share/lab_quaternion/environment/path.sh
[6.611s] -- Installing: /home/mtaruno@netid.washington.edu/TECHIN516/lab7/src/lab_quaternion/install/lab_quaternion/share/lab_quaternion/environment/path.dsv
[6.612s] -- Installing: /home/mtaruno@netid.washington.edu/TECHIN516/lab7/src/lab_quaternion/install/lab_quaternion/share/lab_quaternion/local_setup.bash
[6.613s] -- Installing: /home/mtaruno@netid.washington.edu/TECHIN516/lab7/src/lab_quaternion/install/lab_quaternion/share/lab_quaternion/local_setup.sh
[6.615s] -- Installing: /home/mtaruno@netid.washington.edu/TECHIN516/lab7/src/lab_quaternion/install/lab_quaternion/share/lab_quaternion/local_setup.zsh
[6.615s] -- Installing: /home/mtaruno@netid.washington.edu/TECHIN516/lab7/src/lab_quaternion/install/lab_quaternion/share/lab_quaternion/local_setup.dsv
[6.616s] -- Installing: /home/mtaruno@netid.washington.edu/TECHIN516/lab7/src/lab_quaternion/install/lab_quaternion/share/lab_quaternion/package.dsv
[6.616s] -- Installing: /home/mtaruno@netid.washington.edu/TECHIN516/lab7/src/lab_quaternion/install/lab_quaternion/share/ament_index/resource_index/packages/lab_quaternion
[6.617s] -- Installing: /home/mtaruno@netid.washington.edu/TECHIN516/lab7/src/lab_quaternion/install/lab_quaternion/share/lab_quaternion/cmake/lab_quaternionConfig.cmake
[6.618s] -- Installing: /home/mtaruno@netid.washington.edu/TECHIN516/lab7/src/lab_quaternion/install/lab_quaternion/share/lab_quaternion/cmake/lab_quaternionConfig-version.cmake
[6.619s] -- Installing: /home/mtaruno@netid.washington.edu/TECHIN516/lab7/src/lab_quaternion/install/lab_quaternion/share/lab_quaternion/package.xml
[6.628s] Invoked command in '/home/mtaruno@netid.washington.edu/TECHIN516/lab7/src/lab_quaternion/build/lab_quaternion' returned '0': CMAKE_PREFIX_PATH=${CMAKE_PREFIX_PATH}:/home/mtaruno@netid.washington.edu/TECHIN516/kinova_ws/install/rqt_joint_trajectory_controller:/home/mtaruno@netid.washington.edu/TECHIN516/kinova_ws/install/rqt_controller_manager:/home/mtaruno@netid.washington.edu/TECHIN516/kinova_ws/install/ros2controlcli:/home/mtaruno@netid.washington.edu/TECHIN516/kinova_ws/install/ros2_controllers_test_nodes:/home/mtaruno@netid.washington.edu/TECHIN516/kinova_ws/install/ros2_control_demo_testing:/home/mtaruno@netid.washington.edu/TECHIN516/turtlebot_ws/install/turtlebot3_teleop:/home/mtaruno@netid.washington.edu/TECHIN516/turtlebot_ws/install/turtlebot3_example:/opt/ros/humble /usr/bin/cmake --install /home/mtaruno@netid.washington.edu/TECHIN516/lab7/src/lab_quaternion/build/lab_quaternion
