[0.687s] DEBUG:colcon:Command line arguments: ['/usr/bin/colcon', 'build', '--packages-select', 'lab_quaternion']
[0.687s] DEBUG:colcon:Parsed command line arguments: Namespace(log_base=None, log_level=None, verb_name='build', build_base='build', install_base='install', merge_install=False, symlink_install=False, test_result_base=None, continue_on_error=False, executor='parallel', parallel_workers=8, event_handlers=None, ignore_user_meta=False, metas=['./colcon.meta'], base_paths=['.'], packages_ignore=None, packages_ignore_regex=None, paths=None, packages_up_to=None, packages_up_to_regex=None, packages_above=None, packages_above_and_dependencies=None, packages_above_depth=None, packages_select_by_dep=None, packages_skip_by_dep=None, packages_skip_up_to=None, packages_select_build_failed=False, packages_skip_build_finished=False, packages_select_test_failures=False, packages_skip_test_passed=False, packages_select=['lab_quaternion'], packages_skip=None, packages_select_regex=None, packages_skip_regex=None, packages_start=None, packages_end=None, allow_overriding=[], cmake_args=None, cmake_target=None, cmake_target_skip_unavailable=False, cmake_clean_cache=False, cmake_clean_first=False, cmake_force_configure=False, ament_cmake_args=None, catkin_cmake_args=None, catkin_skip_building_tests=False, mixin_files=None, mixin=None, verb_parser=<colcon_mixin.mixin.mixin_argument.MixinArgumentDecorator object at 0x774e77f846a0>, verb_extension=<colcon_core.verb.build.BuildVerb object at 0x774e78094c70>, main=<bound method BuildVerb.main of <colcon_core.verb.build.BuildVerb object at 0x774e78094c70>>, mixin_verb=('build',))
[1.819s] Level 1:colcon.colcon_core.package_discovery:discover_packages(colcon_meta) check parameters
[1.819s] Level 1:colcon.colcon_core.package_discovery:discover_packages(recursive) check parameters
[1.819s] Level 1:colcon.colcon_core.package_discovery:discover_packages(ignore) check parameters
[1.820s] Level 1:colcon.colcon_core.package_discovery:discover_packages(path) check parameters
[1.820s] Level 1:colcon.colcon_core.package_discovery:discover_packages(colcon_meta) discover
[1.820s] Level 1:colcon.colcon_core.package_discovery:discover_packages(recursive) discover
[1.820s] INFO:colcon.colcon_core.package_discovery:Crawling recursively for packages in '/home/mtaruno@netid.washington.edu/TECHIN516/lab7/src/lab_quaternion'
[1.821s] Level 1:colcon.colcon_core.package_identification:_identify(.) by extensions ['ignore', 'ignore_ament_install']
[1.821s] Level 1:colcon.colcon_core.package_identification:_identify(.) by extension 'ignore'
[1.822s] Level 1:colcon.colcon_core.package_identification:_identify(.) by extension 'ignore_ament_install'
[1.822s] Level 1:colcon.colcon_core.package_identification:_identify(.) by extensions ['colcon_pkg']
[1.822s] Level 1:colcon.colcon_core.package_identification:_identify(.) by extension 'colcon_pkg'
[1.822s] Level 1:colcon.colcon_core.package_identification:_identify(.) by extensions ['colcon_meta']
[1.822s] Level 1:colcon.colcon_core.package_identification:_identify(.) by extension 'colcon_meta'
[1.823s] Level 1:colcon.colcon_core.package_identification:_identify(.) by extensions ['ros']
[1.823s] Level 1:colcon.colcon_core.package_identification:_identify(.) by extension 'ros'
[1.893s] DEBUG:colcon.colcon_core.package_identification:Package '.' with type 'ros.ament_cmake' and name 'lab_quaternion'
[1.894s] Level 1:colcon.colcon_core.package_discovery:discover_packages(recursive) using defaults
[1.894s] Level 1:colcon.colcon_core.package_discovery:discover_packages(ignore) discover
[1.894s] Level 1:colcon.colcon_core.package_discovery:discover_packages(ignore) using defaults
[1.894s] Level 1:colcon.colcon_core.package_discovery:discover_packages(path) discover
[1.894s] Level 1:colcon.colcon_core.package_discovery:discover_packages(path) using defaults
[2.039s] Level 1:colcon.colcon_core.package_discovery:discover_packages(prefix_path) check parameters
[2.040s] Level 1:colcon.colcon_core.package_discovery:discover_packages(prefix_path) discover
[2.044s] WARNING:colcon.colcon_core.prefix_path.colcon:The path '/home/mtaruno@netid.washington.edu/TECHIN516/lab7/install' in the environment variable COLCON_PREFIX_PATH doesn't exist
[2.071s] DEBUG:colcon.colcon_installed_package_information.package_discovery:Found 1 installed packages in /home/mtaruno@netid.washington.edu/TECHIN516/lab7/src/lab_quaternion/install
[2.089s] DEBUG:colcon.colcon_installed_package_information.package_discovery:Found 90 installed packages in /home/mtaruno@netid.washington.edu/TECHIN516/kinova_ws/install
[2.096s] DEBUG:colcon.colcon_installed_package_information.package_discovery:Found 12 installed packages in /home/mtaruno@netid.washington.edu/TECHIN516/turtlebot_ws/install
[2.107s] DEBUG:colcon.colcon_installed_package_information.package_discovery:Found 435 installed packages in /opt/ros/humble
[2.133s] Level 1:colcon.colcon_core.package_discovery:discover_packages(prefix_path) using defaults
[2.535s] Level 5:colcon.colcon_core.verb:set package 'lab_quaternion' build argument 'cmake_args' from command line to 'None'
[2.535s] Level 5:colcon.colcon_core.verb:set package 'lab_quaternion' build argument 'cmake_target' from command line to 'None'
[2.535s] Level 5:colcon.colcon_core.verb:set package 'lab_quaternion' build argument 'cmake_target_skip_unavailable' from command line to 'False'
[2.535s] Level 5:colcon.colcon_core.verb:set package 'lab_quaternion' build argument 'cmake_clean_cache' from command line to 'False'
[2.536s] Level 5:colcon.colcon_core.verb:set package 'lab_quaternion' build argument 'cmake_clean_first' from command line to 'False'
[2.536s] Level 5:colcon.colcon_core.verb:set package 'lab_quaternion' build argument 'cmake_force_configure' from command line to 'False'
[2.536s] Level 5:colcon.colcon_core.verb:set package 'lab_quaternion' build argument 'ament_cmake_args' from command line to 'None'
[2.536s] Level 5:colcon.colcon_core.verb:set package 'lab_quaternion' build argument 'catkin_cmake_args' from command line to 'None'
[2.536s] Level 5:colcon.colcon_core.verb:set package 'lab_quaternion' build argument 'catkin_skip_building_tests' from command line to 'False'
[2.536s] DEBUG:colcon.colcon_core.verb:Building package 'lab_quaternion' with the following arguments: {'ament_cmake_args': None, 'build_base': '/home/mtaruno@netid.washington.edu/TECHIN516/lab7/src/lab_quaternion/build/lab_quaternion', 'catkin_cmake_args': None, 'catkin_skip_building_tests': False, 'cmake_args': None, 'cmake_clean_cache': False, 'cmake_clean_first': False, 'cmake_force_configure': False, 'cmake_target': None, 'cmake_target_skip_unavailable': False, 'install_base': '/home/mtaruno@netid.washington.edu/TECHIN516/lab7/src/lab_quaternion/install/lab_quaternion', 'merge_install': False, 'path': '/home/mtaruno@netid.washington.edu/TECHIN516/lab7/src/lab_quaternion', 'symlink_install': False, 'test_result_base': None}
[2.537s] INFO:colcon.colcon_core.executor:Executing jobs using 'parallel' executor
[2.542s] DEBUG:colcon.colcon_parallel_executor.executor.parallel:run_until_complete
[2.544s] INFO:colcon.colcon_ros.task.ament_cmake.build:Building ROS package in '/home/mtaruno@netid.washington.edu/TECHIN516/lab7/src/lab_quaternion' with build type 'ament_cmake'
[2.545s] INFO:colcon.colcon_cmake.task.cmake.build:Building CMake package in '/home/mtaruno@netid.washington.edu/TECHIN516/lab7/src/lab_quaternion'
[2.557s] INFO:colcon.colcon_core.plugin_system:Skipping extension 'colcon_core.shell.bat': Not used on non-Windows systems
[2.558s] INFO:colcon.colcon_core.shell:Skip shell extension 'powershell' for command environment: Not usable outside of PowerShell
[2.558s] DEBUG:colcon.colcon_core.shell:Skip shell extension 'dsv' for command environment
[2.664s] DEBUG:colcon.colcon_core.event_handler.log_command:Invoking command in '/home/mtaruno@netid.washington.edu/TECHIN516/lab7/src/lab_quaternion/build/lab_quaternion': CMAKE_PREFIX_PATH=${CMAKE_PREFIX_PATH}:/home/mtaruno@netid.washington.edu/TECHIN516/kinova_ws/install/rqt_joint_trajectory_controller:/home/mtaruno@netid.washington.edu/TECHIN516/kinova_ws/install/rqt_controller_manager:/home/mtaruno@netid.washington.edu/TECHIN516/kinova_ws/install/ros2controlcli:/home/mtaruno@netid.washington.edu/TECHIN516/kinova_ws/install/ros2_controllers_test_nodes:/home/mtaruno@netid.washington.edu/TECHIN516/kinova_ws/install/ros2_control_demo_testing:/home/mtaruno@netid.washington.edu/TECHIN516/turtlebot_ws/install/turtlebot3_teleop:/home/mtaruno@netid.washington.edu/TECHIN516/turtlebot_ws/install/turtlebot3_example:/opt/ros/humble /usr/bin/cmake --build /home/mtaruno@netid.washington.edu/TECHIN516/lab7/src/lab_quaternion/build/lab_quaternion -- -j8 -l8
[4.351s] DEBUG:colcon.colcon_core.event_handler.log_command:Invoked command in '/home/mtaruno@netid.washington.edu/TECHIN516/lab7/src/lab_quaternion/build/lab_quaternion' returned '0': CMAKE_PREFIX_PATH=${CMAKE_PREFIX_PATH}:/home/mtaruno@netid.washington.edu/TECHIN516/kinova_ws/install/rqt_joint_trajectory_controller:/home/mtaruno@netid.washington.edu/TECHIN516/kinova_ws/install/rqt_controller_manager:/home/mtaruno@netid.washington.edu/TECHIN516/kinova_ws/install/ros2controlcli:/home/mtaruno@netid.washington.edu/TECHIN516/kinova_ws/install/ros2_controllers_test_nodes:/home/mtaruno@netid.washington.edu/TECHIN516/kinova_ws/install/ros2_control_demo_testing:/home/mtaruno@netid.washington.edu/TECHIN516/turtlebot_ws/install/turtlebot3_teleop:/home/mtaruno@netid.washington.edu/TECHIN516/turtlebot_ws/install/turtlebot3_example:/opt/ros/humble /usr/bin/cmake --build /home/mtaruno@netid.washington.edu/TECHIN516/lab7/src/lab_quaternion/build/lab_quaternion -- -j8 -l8
[4.668s] DEBUG:colcon.colcon_core.event_handler.log_command:Invoking command in '/home/mtaruno@netid.washington.edu/TECHIN516/lab7/src/lab_quaternion/build/lab_quaternion': CMAKE_PREFIX_PATH=${CMAKE_PREFIX_PATH}:/home/mtaruno@netid.washington.edu/TECHIN516/kinova_ws/install/rqt_joint_trajectory_controller:/home/mtaruno@netid.washington.edu/TECHIN516/kinova_ws/install/rqt_controller_manager:/home/mtaruno@netid.washington.edu/TECHIN516/kinova_ws/install/ros2controlcli:/home/mtaruno@netid.washington.edu/TECHIN516/kinova_ws/install/ros2_controllers_test_nodes:/home/mtaruno@netid.washington.edu/TECHIN516/kinova_ws/install/ros2_control_demo_testing:/home/mtaruno@netid.washington.edu/TECHIN516/turtlebot_ws/install/turtlebot3_teleop:/home/mtaruno@netid.washington.edu/TECHIN516/turtlebot_ws/install/turtlebot3_example:/opt/ros/humble /usr/bin/cmake --install /home/mtaruno@netid.washington.edu/TECHIN516/lab7/src/lab_quaternion/build/lab_quaternion
[4.734s] Level 1:colcon.colcon_core.environment:create_environment_scripts_only(lab_quaternion)
[4.737s] DEBUG:colcon.colcon_core.event_handler.log_command:Invoked command in '/home/mtaruno@netid.washington.edu/TECHIN516/lab7/src/lab_quaternion/build/lab_quaternion' returned '0': CMAKE_PREFIX_PATH=${CMAKE_PREFIX_PATH}:/home/mtaruno@netid.washington.edu/TECHIN516/kinova_ws/install/rqt_joint_trajectory_controller:/home/mtaruno@netid.washington.edu/TECHIN516/kinova_ws/install/rqt_controller_manager:/home/mtaruno@netid.washington.edu/TECHIN516/kinova_ws/install/ros2controlcli:/home/mtaruno@netid.washington.edu/TECHIN516/kinova_ws/install/ros2_controllers_test_nodes:/home/mtaruno@netid.washington.edu/TECHIN516/kinova_ws/install/ros2_control_demo_testing:/home/mtaruno@netid.washington.edu/TECHIN516/turtlebot_ws/install/turtlebot3_teleop:/home/mtaruno@netid.washington.edu/TECHIN516/turtlebot_ws/install/turtlebot3_example:/opt/ros/humble /usr/bin/cmake --install /home/mtaruno@netid.washington.edu/TECHIN516/lab7/src/lab_quaternion/build/lab_quaternion
[4.749s] Level 1:colcon.colcon_core.environment:checking '/home/mtaruno@netid.washington.edu/TECHIN516/lab7/src/lab_quaternion/install/lab_quaternion' for CMake module files
[4.751s] Level 1:colcon.colcon_core.environment:checking '/home/mtaruno@netid.washington.edu/TECHIN516/lab7/src/lab_quaternion/install/lab_quaternion' for CMake config files
[4.752s] Level 1:colcon.colcon_core.shell:create_environment_hook('lab_quaternion', 'cmake_prefix_path')
[4.754s] INFO:colcon.colcon_core.shell:Creating environment hook '/home/mtaruno@netid.washington.edu/TECHIN516/lab7/src/lab_quaternion/install/lab_quaternion/share/lab_quaternion/hook/cmake_prefix_path.ps1'
[4.757s] INFO:colcon.colcon_core.shell:Creating environment descriptor '/home/mtaruno@netid.washington.edu/TECHIN516/lab7/src/lab_quaternion/install/lab_quaternion/share/lab_quaternion/hook/cmake_prefix_path.dsv'
[4.758s] INFO:colcon.colcon_core.shell:Creating environment hook '/home/mtaruno@netid.washington.edu/TECHIN516/lab7/src/lab_quaternion/install/lab_quaternion/share/lab_quaternion/hook/cmake_prefix_path.sh'
[4.762s] Level 1:colcon.colcon_core.environment:checking '/home/mtaruno@netid.washington.edu/TECHIN516/lab7/src/lab_quaternion/install/lab_quaternion/bin'
[4.763s] Level 1:colcon.colcon_core.environment:checking '/home/mtaruno@netid.washington.edu/TECHIN516/lab7/src/lab_quaternion/install/lab_quaternion/lib/pkgconfig/lab_quaternion.pc'
[4.764s] Level 1:colcon.colcon_core.environment:checking '/home/mtaruno@netid.washington.edu/TECHIN516/lab7/src/lab_quaternion/install/lab_quaternion/lib/python3.10/site-packages'
[4.765s] Level 1:colcon.colcon_core.environment:checking '/home/mtaruno@netid.washington.edu/TECHIN516/lab7/src/lab_quaternion/install/lab_quaternion/bin'
[4.767s] INFO:colcon.colcon_core.shell:Creating package script '/home/mtaruno@netid.washington.edu/TECHIN516/lab7/src/lab_quaternion/install/lab_quaternion/share/lab_quaternion/package.ps1'
[4.771s] INFO:colcon.colcon_core.shell:Creating package descriptor '/home/mtaruno@netid.washington.edu/TECHIN516/lab7/src/lab_quaternion/install/lab_quaternion/share/lab_quaternion/package.dsv'
[4.773s] INFO:colcon.colcon_core.shell:Creating package script '/home/mtaruno@netid.washington.edu/TECHIN516/lab7/src/lab_quaternion/install/lab_quaternion/share/lab_quaternion/package.sh'
[4.777s] INFO:colcon.colcon_core.shell:Creating package script '/home/mtaruno@netid.washington.edu/TECHIN516/lab7/src/lab_quaternion/install/lab_quaternion/share/lab_quaternion/package.bash'
[4.781s] INFO:colcon.colcon_core.shell:Creating package script '/home/mtaruno@netid.washington.edu/TECHIN516/lab7/src/lab_quaternion/install/lab_quaternion/share/lab_quaternion/package.zsh'
[4.784s] Level 1:colcon.colcon_core.environment:create_file_with_runtime_dependencies(/home/mtaruno@netid.washington.edu/TECHIN516/lab7/src/lab_quaternion/install/lab_quaternion/share/colcon-core/packages/lab_quaternion)
[5.024s] Level 1:colcon.colcon_core.environment:create_environment_scripts_only(lab_quaternion)
[5.026s] Level 1:colcon.colcon_core.environment:checking '/home/mtaruno@netid.washington.edu/TECHIN516/lab7/src/lab_quaternion/install/lab_quaternion' for CMake module files
[5.029s] Level 1:colcon.colcon_core.environment:checking '/home/mtaruno@netid.washington.edu/TECHIN516/lab7/src/lab_quaternion/install/lab_quaternion' for CMake config files
[5.030s] Level 1:colcon.colcon_core.shell:create_environment_hook('lab_quaternion', 'cmake_prefix_path')
[5.032s] INFO:colcon.colcon_core.shell:Creating environment hook '/home/mtaruno@netid.washington.edu/TECHIN516/lab7/src/lab_quaternion/install/lab_quaternion/share/lab_quaternion/hook/cmake_prefix_path.ps1'
[5.033s] INFO:colcon.colcon_core.shell:Creating environment descriptor '/home/mtaruno@netid.washington.edu/TECHIN516/lab7/src/lab_quaternion/install/lab_quaternion/share/lab_quaternion/hook/cmake_prefix_path.dsv'
[5.035s] INFO:colcon.colcon_core.shell:Creating environment hook '/home/mtaruno@netid.washington.edu/TECHIN516/lab7/src/lab_quaternion/install/lab_quaternion/share/lab_quaternion/hook/cmake_prefix_path.sh'
[5.037s] Level 1:colcon.colcon_core.environment:checking '/home/mtaruno@netid.washington.edu/TECHIN516/lab7/src/lab_quaternion/install/lab_quaternion/bin'
[5.037s] Level 1:colcon.colcon_core.environment:checking '/home/mtaruno@netid.washington.edu/TECHIN516/lab7/src/lab_quaternion/install/lab_quaternion/lib/pkgconfig/lab_quaternion.pc'
[5.038s] Level 1:colcon.colcon_core.environment:checking '/home/mtaruno@netid.washington.edu/TECHIN516/lab7/src/lab_quaternion/install/lab_quaternion/lib/python3.10/site-packages'
[5.039s] Level 1:colcon.colcon_core.environment:checking '/home/mtaruno@netid.washington.edu/TECHIN516/lab7/src/lab_quaternion/install/lab_quaternion/bin'
[5.041s] INFO:colcon.colcon_core.shell:Creating package script '/home/mtaruno@netid.washington.edu/TECHIN516/lab7/src/lab_quaternion/install/lab_quaternion/share/lab_quaternion/package.ps1'
[5.044s] INFO:colcon.colcon_core.shell:Creating package descriptor '/home/mtaruno@netid.washington.edu/TECHIN516/lab7/src/lab_quaternion/install/lab_quaternion/share/lab_quaternion/package.dsv'
[5.046s] INFO:colcon.colcon_core.shell:Creating package script '/home/mtaruno@netid.washington.edu/TECHIN516/lab7/src/lab_quaternion/install/lab_quaternion/share/lab_quaternion/package.sh'
[5.048s] INFO:colcon.colcon_core.shell:Creating package script '/home/mtaruno@netid.washington.edu/TECHIN516/lab7/src/lab_quaternion/install/lab_quaternion/share/lab_quaternion/package.bash'
[5.050s] INFO:colcon.colcon_core.shell:Creating package script '/home/mtaruno@netid.washington.edu/TECHIN516/lab7/src/lab_quaternion/install/lab_quaternion/share/lab_quaternion/package.zsh'
[5.051s] Level 1:colcon.colcon_core.environment:create_file_with_runtime_dependencies(/home/mtaruno@netid.washington.edu/TECHIN516/lab7/src/lab_quaternion/install/lab_quaternion/share/colcon-core/packages/lab_quaternion)
[5.053s] DEBUG:colcon.colcon_parallel_executor.executor.parallel:closing loop
[5.055s] DEBUG:colcon.colcon_parallel_executor.executor.parallel:loop closed
[5.055s] DEBUG:colcon.colcon_parallel_executor.executor.parallel:run_until_complete finished with '0'
[5.055s] DEBUG:colcon.colcon_core.event_reactor:joining thread
[5.086s] INFO:colcon.colcon_core.plugin_system:Skipping extension 'colcon_notification.desktop_notification.terminal_notifier': Not used on non-Darwin systems
[5.087s] INFO:colcon.colcon_core.plugin_system:Skipping extension 'colcon_notification.desktop_notification.win32': Not used on non-Windows systems
[5.087s] INFO:colcon.colcon_notification.desktop_notification:Sending desktop notification using 'notify2'
[5.142s] DEBUG:colcon.colcon_core.event_reactor:joined thread
[5.144s] INFO:colcon.colcon_core.shell:Creating prefix script '/home/mtaruno@netid.washington.edu/TECHIN516/lab7/src/lab_quaternion/install/local_setup.ps1'
[5.150s] INFO:colcon.colcon_core.shell:Creating prefix util module '/home/mtaruno@netid.washington.edu/TECHIN516/lab7/src/lab_quaternion/install/_local_setup_util_ps1.py'
[5.157s] INFO:colcon.colcon_core.shell:Creating prefix chain script '/home/mtaruno@netid.washington.edu/TECHIN516/lab7/src/lab_quaternion/install/setup.ps1'
[5.186s] INFO:colcon.colcon_core.shell:Creating prefix script '/home/mtaruno@netid.washington.edu/TECHIN516/lab7/src/lab_quaternion/install/local_setup.sh'
[5.189s] INFO:colcon.colcon_core.shell:Creating prefix util module '/home/mtaruno@netid.washington.edu/TECHIN516/lab7/src/lab_quaternion/install/_local_setup_util_sh.py'
[5.191s] INFO:colcon.colcon_core.shell:Creating prefix chain script '/home/mtaruno@netid.washington.edu/TECHIN516/lab7/src/lab_quaternion/install/setup.sh'
[5.220s] INFO:colcon.colcon_core.shell:Creating prefix script '/home/mtaruno@netid.washington.edu/TECHIN516/lab7/src/lab_quaternion/install/local_setup.bash'
[5.222s] INFO:colcon.colcon_core.shell:Creating prefix chain script '/home/mtaruno@netid.washington.edu/TECHIN516/lab7/src/lab_quaternion/install/setup.bash'
[5.252s] INFO:colcon.colcon_core.shell:Creating prefix script '/home/mtaruno@netid.washington.edu/TECHIN516/lab7/src/lab_quaternion/install/local_setup.zsh'
[5.254s] INFO:colcon.colcon_core.shell:Creating prefix chain script '/home/mtaruno@netid.washington.edu/TECHIN516/lab7/src/lab_quaternion/install/setup.zsh'
