[0.152s] DEBUG:colcon:Command line arguments: ['/usr/bin/colcon', 'build']
[0.152s] DEBUG:colcon:Parsed command line arguments: Namespace(log_base=None, log_level=None, verb_name='build', build_base='build', install_base='install', merge_install=False, symlink_install=False, test_result_base=None, continue_on_error=False, executor='parallel', parallel_workers=8, event_handlers=None, ignore_user_meta=False, metas=['./colcon.meta'], base_paths=['.'], packages_ignore=None, packages_ignore_regex=None, paths=None, packages_up_to=None, packages_up_to_regex=None, packages_above=None, packages_above_and_dependencies=None, packages_above_depth=None, packages_select_by_dep=None, packages_skip_by_dep=None, packages_skip_up_to=None, packages_select_build_failed=False, packages_skip_build_finished=False, packages_select_test_failures=False, packages_skip_test_passed=False, packages_select=None, packages_skip=None, packages_select_regex=None, packages_skip_regex=None, packages_start=None, packages_end=None, allow_overriding=[], cmake_args=None, cmake_target=None, cmake_target_skip_unavailable=False, cmake_clean_cache=False, cmake_clean_first=False, cmake_force_configure=False, ament_cmake_args=None, catkin_cmake_args=None, catkin_skip_building_tests=False, mixin_files=None, mixin=None, verb_parser=<colcon_mixin.mixin.mixin_argument.MixinArgumentDecorator object at 0x7ff8b59014b0>, verb_extension=<colcon_core.verb.build.BuildVerb object at 0x7ff8b5a9a440>, main=<bound method BuildVerb.main of <colcon_core.verb.build.BuildVerb object at 0x7ff8b5a9a440>>, mixin_verb=('build',))
[0.348s] Level 1:colcon.colcon_core.package_discovery:discover_packages(colcon_meta) check parameters
[0.349s] Level 1:colcon.colcon_core.package_discovery:discover_packages(recursive) check parameters
[0.349s] Level 1:colcon.colcon_core.package_discovery:discover_packages(ignore) check parameters
[0.349s] Level 1:colcon.colcon_core.package_discovery:discover_packages(path) check parameters
[0.349s] Level 1:colcon.colcon_core.package_discovery:discover_packages(colcon_meta) discover
[0.349s] Level 1:colcon.colcon_core.package_discovery:discover_packages(recursive) discover
[0.349s] INFO:colcon.colcon_core.package_discovery:Crawling recursively for packages in '/home/mtaruno@netid.washington.edu/516-robotics/final'
[0.349s] Level 1:colcon.colcon_core.package_identification:_identify(.) by extensions ['ignore', 'ignore_ament_install']
[0.349s] Level 1:colcon.colcon_core.package_identification:_identify(.) by extension 'ignore'
[0.349s] Level 1:colcon.colcon_core.package_identification:_identify(.) by extension 'ignore_ament_install'
[0.349s] Level 1:colcon.colcon_core.package_identification:_identify(.) by extensions ['colcon_pkg']
[0.349s] Level 1:colcon.colcon_core.package_identification:_identify(.) by extension 'colcon_pkg'
[0.349s] Level 1:colcon.colcon_core.package_identification:_identify(.) by extensions ['colcon_meta']
[0.349s] Level 1:colcon.colcon_core.package_identification:_identify(.) by extension 'colcon_meta'
[0.349s] Level 1:colcon.colcon_core.package_identification:_identify(.) by extensions ['ros']
[0.349s] Level 1:colcon.colcon_core.package_identification:_identify(.) by extension 'ros'
[0.362s] Level 1:colcon.colcon_core.package_identification:_identify(.) by extensions ['cmake', 'python']
[0.362s] Level 1:colcon.colcon_core.package_identification:_identify(.) by extension 'cmake'
[0.362s] Level 1:colcon.colcon_core.package_identification:_identify(.) by extension 'python'
[0.362s] Level 1:colcon.colcon_core.package_identification:_identify(.) by extensions ['python_setup_py']
[0.362s] Level 1:colcon.colcon_core.package_identification:_identify(.) by extension 'python_setup_py'
[0.362s] Level 1:colcon.colcon_core.package_identification:_identify(build) by extensions ['ignore', 'ignore_ament_install']
[0.362s] Level 1:colcon.colcon_core.package_identification:_identify(build) by extension 'ignore'
[0.362s] Level 1:colcon.colcon_core.package_identification:_identify(build) ignored
[0.362s] Level 1:colcon.colcon_core.package_identification:_identify(install) by extensions ['ignore', 'ignore_ament_install']
[0.362s] Level 1:colcon.colcon_core.package_identification:_identify(install) by extension 'ignore'
[0.362s] Level 1:colcon.colcon_core.package_identification:_identify(install) ignored
[0.362s] Level 1:colcon.colcon_core.package_identification:_identify(log) by extensions ['ignore', 'ignore_ament_install']
[0.363s] Level 1:colcon.colcon_core.package_identification:_identify(log) by extension 'ignore'
[0.363s] Level 1:colcon.colcon_core.package_identification:_identify(log) ignored
[0.363s] Level 1:colcon.colcon_core.package_identification:_identify(src) by extensions ['ignore', 'ignore_ament_install']
[0.363s] Level 1:colcon.colcon_core.package_identification:_identify(src) by extension 'ignore'
[0.363s] Level 1:colcon.colcon_core.package_identification:_identify(src) by extension 'ignore_ament_install'
[0.363s] Level 1:colcon.colcon_core.package_identification:_identify(src) by extensions ['colcon_pkg']
[0.363s] Level 1:colcon.colcon_core.package_identification:_identify(src) by extension 'colcon_pkg'
[0.363s] Level 1:colcon.colcon_core.package_identification:_identify(src) by extensions ['colcon_meta']
[0.363s] Level 1:colcon.colcon_core.package_identification:_identify(src) by extension 'colcon_meta'
[0.363s] Level 1:colcon.colcon_core.package_identification:_identify(src) by extensions ['ros']
[0.363s] Level 1:colcon.colcon_core.package_identification:_identify(src) by extension 'ros'
[0.363s] Level 1:colcon.colcon_core.package_identification:_identify(src) by extensions ['cmake', 'python']
[0.363s] Level 1:colcon.colcon_core.package_identification:_identify(src) by extension 'cmake'
[0.363s] Level 1:colcon.colcon_core.package_identification:_identify(src) by extension 'python'
[0.363s] Level 1:colcon.colcon_core.package_identification:_identify(src) by extensions ['python_setup_py']
[0.363s] Level 1:colcon.colcon_core.package_identification:_identify(src) by extension 'python_setup_py'
[0.363s] Level 1:colcon.colcon_core.package_identification:_identify(src/kinova) by extensions ['ignore', 'ignore_ament_install']
[0.363s] Level 1:colcon.colcon_core.package_identification:_identify(src/kinova) by extension 'ignore'
[0.363s] Level 1:colcon.colcon_core.package_identification:_identify(src/kinova) by extension 'ignore_ament_install'
[0.363s] Level 1:colcon.colcon_core.package_identification:_identify(src/kinova) by extensions ['colcon_pkg']
[0.363s] Level 1:colcon.colcon_core.package_identification:_identify(src/kinova) by extension 'colcon_pkg'
[0.363s] Level 1:colcon.colcon_core.package_identification:_identify(src/kinova) by extensions ['colcon_meta']
[0.364s] Level 1:colcon.colcon_core.package_identification:_identify(src/kinova) by extension 'colcon_meta'
[0.364s] Level 1:colcon.colcon_core.package_identification:_identify(src/kinova) by extensions ['ros']
[0.364s] Level 1:colcon.colcon_core.package_identification:_identify(src/kinova) by extension 'ros'
[0.366s] DEBUG:colcon.colcon_core.package_identification:Package 'src/kinova' with type 'ros.ament_python' and name 'kinova'
[0.366s] Level 1:colcon.colcon_core.package_identification:_identify(src/turtle) by extensions ['ignore', 'ignore_ament_install']
[0.366s] Level 1:colcon.colcon_core.package_identification:_identify(src/turtle) by extension 'ignore'
[0.366s] Level 1:colcon.colcon_core.package_identification:_identify(src/turtle) by extension 'ignore_ament_install'
[0.366s] Level 1:colcon.colcon_core.package_identification:_identify(src/turtle) by extensions ['colcon_pkg']
[0.366s] Level 1:colcon.colcon_core.package_identification:_identify(src/turtle) by extension 'colcon_pkg'
[0.366s] Level 1:colcon.colcon_core.package_identification:_identify(src/turtle) by extensions ['colcon_meta']
[0.366s] Level 1:colcon.colcon_core.package_identification:_identify(src/turtle) by extension 'colcon_meta'
[0.366s] Level 1:colcon.colcon_core.package_identification:_identify(src/turtle) by extensions ['ros']
[0.366s] Level 1:colcon.colcon_core.package_identification:_identify(src/turtle) by extension 'ros'
[0.375s] DEBUG:colcon.colcon_core.package_identification:Package 'src/turtle' with type 'ros.ament_python' and name 'turtle'
[0.375s] Level 1:colcon.colcon_core.package_discovery:discover_packages(recursive) using defaults
[0.375s] Level 1:colcon.colcon_core.package_discovery:discover_packages(ignore) discover
[0.375s] Level 1:colcon.colcon_core.package_discovery:discover_packages(ignore) using defaults
[0.375s] Level 1:colcon.colcon_core.package_discovery:discover_packages(path) discover
[0.375s] Level 1:colcon.colcon_core.package_discovery:discover_packages(path) using defaults
[0.396s] Level 1:colcon.colcon_core.package_discovery:discover_packages(prefix_path) check parameters
[0.396s] Level 1:colcon.colcon_core.package_discovery:discover_packages(prefix_path) discover
[0.401s] DEBUG:colcon.colcon_installed_package_information.package_discovery:Found 2 installed packages in /home/mtaruno@netid.washington.edu/516-robotics/final/install
[0.402s] DEBUG:colcon.colcon_installed_package_information.package_discovery:Found 12 installed packages in /home/mtaruno@netid.washington.edu/516-robotics/turtlebot_ws/install
[0.404s] DEBUG:colcon.colcon_installed_package_information.package_discovery:Found 90 installed packages in /home/mtaruno@netid.washington.edu/TECHIN516/kinova_ws/install
[0.406s] DEBUG:colcon.colcon_installed_package_information.package_discovery:Found 429 installed packages in /opt/ros/humble
[0.410s] Level 1:colcon.colcon_core.package_discovery:discover_packages(prefix_path) using defaults
[0.489s] Level 5:colcon.colcon_core.verb:set package 'kinova' build argument 'cmake_args' from command line to 'None'
[0.489s] Level 5:colcon.colcon_core.verb:set package 'kinova' build argument 'cmake_target' from command line to 'None'
[0.489s] Level 5:colcon.colcon_core.verb:set package 'kinova' build argument 'cmake_target_skip_unavailable' from command line to 'False'
[0.489s] Level 5:colcon.colcon_core.verb:set package 'kinova' build argument 'cmake_clean_cache' from command line to 'False'
[0.489s] Level 5:colcon.colcon_core.verb:set package 'kinova' build argument 'cmake_clean_first' from command line to 'False'
[0.489s] Level 5:colcon.colcon_core.verb:set package 'kinova' build argument 'cmake_force_configure' from command line to 'False'
[0.489s] Level 5:colcon.colcon_core.verb:set package 'kinova' build argument 'ament_cmake_args' from command line to 'None'
[0.489s] Level 5:colcon.colcon_core.verb:set package 'kinova' build argument 'catkin_cmake_args' from command line to 'None'
[0.489s] Level 5:colcon.colcon_core.verb:set package 'kinova' build argument 'catkin_skip_building_tests' from command line to 'False'
[0.489s] DEBUG:colcon.colcon_core.verb:Building package 'kinova' with the following arguments: {'ament_cmake_args': None, 'build_base': '/home/mtaruno@netid.washington.edu/516-robotics/final/build/kinova', 'catkin_cmake_args': None, 'catkin_skip_building_tests': False, 'cmake_args': None, 'cmake_clean_cache': False, 'cmake_clean_first': False, 'cmake_force_configure': False, 'cmake_target': None, 'cmake_target_skip_unavailable': False, 'install_base': '/home/mtaruno@netid.washington.edu/516-robotics/final/install/kinova', 'merge_install': False, 'path': '/home/mtaruno@netid.washington.edu/516-robotics/final/src/kinova', 'symlink_install': False, 'test_result_base': None}
[0.490s] Level 5:colcon.colcon_core.verb:set package 'turtle' build argument 'cmake_args' from command line to 'None'
[0.490s] Level 5:colcon.colcon_core.verb:set package 'turtle' build argument 'cmake_target' from command line to 'None'
[0.490s] Level 5:colcon.colcon_core.verb:set package 'turtle' build argument 'cmake_target_skip_unavailable' from command line to 'False'
[0.490s] Level 5:colcon.colcon_core.verb:set package 'turtle' build argument 'cmake_clean_cache' from command line to 'False'
[0.490s] Level 5:colcon.colcon_core.verb:set package 'turtle' build argument 'cmake_clean_first' from command line to 'False'
[0.490s] Level 5:colcon.colcon_core.verb:set package 'turtle' build argument 'cmake_force_configure' from command line to 'False'
[0.490s] Level 5:colcon.colcon_core.verb:set package 'turtle' build argument 'ament_cmake_args' from command line to 'None'
[0.490s] Level 5:colcon.colcon_core.verb:set package 'turtle' build argument 'catkin_cmake_args' from command line to 'None'
[0.490s] Level 5:colcon.colcon_core.verb:set package 'turtle' build argument 'catkin_skip_building_tests' from command line to 'False'
[0.490s] DEBUG:colcon.colcon_core.verb:Building package 'turtle' with the following arguments: {'ament_cmake_args': None, 'build_base': '/home/mtaruno@netid.washington.edu/516-robotics/final/build/turtle', 'catkin_cmake_args': None, 'catkin_skip_building_tests': False, 'cmake_args': None, 'cmake_clean_cache': False, 'cmake_clean_first': False, 'cmake_force_configure': False, 'cmake_target': None, 'cmake_target_skip_unavailable': False, 'install_base': '/home/mtaruno@netid.washington.edu/516-robotics/final/install/turtle', 'merge_install': False, 'path': '/home/mtaruno@netid.washington.edu/516-robotics/final/src/turtle', 'symlink_install': False, 'test_result_base': None}
[0.490s] INFO:colcon.colcon_core.executor:Executing jobs using 'parallel' executor
[0.491s] DEBUG:colcon.colcon_parallel_executor.executor.parallel:run_until_complete
[0.491s] INFO:colcon.colcon_ros.task.ament_python.build:Building ROS package in '/home/mtaruno@netid.washington.edu/516-robotics/final/src/kinova' with build type 'ament_python'
[0.492s] Level 1:colcon.colcon_core.shell:create_environment_hook('kinova', 'ament_prefix_path')
[0.495s] INFO:colcon.colcon_core.plugin_system:Skipping extension 'colcon_core.shell.bat': Not used on non-Windows systems
[0.495s] INFO:colcon.colcon_core.shell:Creating environment hook '/home/mtaruno@netid.washington.edu/516-robotics/final/install/kinova/share/kinova/hook/ament_prefix_path.ps1'
[0.496s] INFO:colcon.colcon_core.shell:Creating environment descriptor '/home/mtaruno@netid.washington.edu/516-robotics/final/install/kinova/share/kinova/hook/ament_prefix_path.dsv'
[0.496s] INFO:colcon.colcon_core.shell:Creating environment hook '/home/mtaruno@netid.washington.edu/516-robotics/final/install/kinova/share/kinova/hook/ament_prefix_path.sh'
[0.497s] INFO:colcon.colcon_core.shell:Skip shell extension 'powershell' for command environment: Not usable outside of PowerShell
[0.497s] DEBUG:colcon.colcon_core.shell:Skip shell extension 'dsv' for command environment
[0.527s] INFO:colcon.colcon_ros.task.ament_python.build:Building ROS package in '/home/mtaruno@netid.washington.edu/516-robotics/final/src/turtle' with build type 'ament_python'
[0.527s] Level 1:colcon.colcon_core.shell:create_environment_hook('turtle', 'ament_prefix_path')
[0.528s] INFO:colcon.colcon_core.shell:Creating environment hook '/home/mtaruno@netid.washington.edu/516-robotics/final/install/turtle/share/turtle/hook/ament_prefix_path.ps1'
[0.529s] INFO:colcon.colcon_core.shell:Creating environment descriptor '/home/mtaruno@netid.washington.edu/516-robotics/final/install/turtle/share/turtle/hook/ament_prefix_path.dsv'
[0.529s] INFO:colcon.colcon_core.shell:Creating environment hook '/home/mtaruno@netid.washington.edu/516-robotics/final/install/turtle/share/turtle/hook/ament_prefix_path.sh'
[0.530s] INFO:colcon.colcon_core.shell:Skip shell extension 'powershell' for command environment: Not usable outside of PowerShell
[0.531s] DEBUG:colcon.colcon_core.shell:Skip shell extension 'dsv' for command environment
[0.857s] INFO:colcon.colcon_core.task.python.build:Building Python package in '/home/mtaruno@netid.washington.edu/516-robotics/final/src/kinova'
[0.857s] INFO:colcon.colcon_core.shell:Skip shell extension 'powershell' for command environment: Not usable outside of PowerShell
[0.857s] DEBUG:colcon.colcon_core.shell:Skip shell extension 'dsv' for command environment
[1.157s] INFO:colcon.colcon_core.task.python.build:Building Python package in '/home/mtaruno@netid.washington.edu/516-robotics/final/src/turtle'
[1.157s] INFO:colcon.colcon_core.shell:Skip shell extension 'powershell' for command environment: Not usable outside of PowerShell
[1.157s] DEBUG:colcon.colcon_core.shell:Skip shell extension 'dsv' for command environment
[1.588s] DEBUG:colcon.colcon_core.event_handler.log_command:Invoking command in '/home/mtaruno@netid.washington.edu/516-robotics/final/src/kinova': PYTHONPATH=/home/mtaruno@netid.washington.edu/516-robotics/final/build/kinova/prefix_override:/usr/lib/python3/dist-packages/colcon_core/task/python/colcon_distutils_commands:/home/mtaruno@netid.washington.edu/516-robotics/final/install/kinova/lib/python3.10/site-packages:${PYTHONPATH} /usr/bin/python3 -W ignore:setup.py install is deprecated -W ignore:easy_install command is deprecated setup.py egg_info --egg-base ../../build/kinova build --build-base /home/mtaruno@netid.washington.edu/516-robotics/final/build/kinova/build install --record /home/mtaruno@netid.washington.edu/516-robotics/final/build/kinova/install.log --single-version-externally-managed install_data
[1.646s] DEBUG:colcon.colcon_core.event_handler.log_command:Invoking command in '/home/mtaruno@netid.washington.edu/516-robotics/final/src/turtle': PYTHONPATH=/home/mtaruno@netid.washington.edu/516-robotics/final/build/turtle/prefix_override:/usr/lib/python3/dist-packages/colcon_core/task/python/colcon_distutils_commands:/home/mtaruno@netid.washington.edu/516-robotics/final/install/turtle/lib/python3.10/site-packages:${PYTHONPATH} /usr/bin/python3 -W ignore:setup.py install is deprecated -W ignore:easy_install command is deprecated setup.py egg_info --egg-base ../../build/turtle build --build-base /home/mtaruno@netid.washington.edu/516-robotics/final/build/turtle/build install --record /home/mtaruno@netid.washington.edu/516-robotics/final/build/turtle/install.log --single-version-externally-managed install_data
[1.970s] DEBUG:colcon.colcon_core.event_handler.log_command:Invoked command in '/home/mtaruno@netid.washington.edu/516-robotics/final/src/kinova' returned '0': PYTHONPATH=/home/mtaruno@netid.washington.edu/516-robotics/final/build/kinova/prefix_override:/usr/lib/python3/dist-packages/colcon_core/task/python/colcon_distutils_commands:/home/mtaruno@netid.washington.edu/516-robotics/final/install/kinova/lib/python3.10/site-packages:${PYTHONPATH} /usr/bin/python3 -W ignore:setup.py install is deprecated -W ignore:easy_install command is deprecated setup.py egg_info --egg-base ../../build/kinova build --build-base /home/mtaruno@netid.washington.edu/516-robotics/final/build/kinova/build install --record /home/mtaruno@netid.washington.edu/516-robotics/final/build/kinova/install.log --single-version-externally-managed install_data
[1.974s] Level 1:colcon.colcon_core.environment:checking '/home/mtaruno@netid.washington.edu/516-robotics/final/install/kinova' for CMake module files
[1.975s] Level 1:colcon.colcon_core.environment:checking '/home/mtaruno@netid.washington.edu/516-robotics/final/install/kinova' for CMake config files
[1.976s] Level 1:colcon.colcon_core.environment:checking '/home/mtaruno@netid.washington.edu/516-robotics/final/install/kinova/lib'
[1.976s] Level 1:colcon.colcon_core.environment:checking '/home/mtaruno@netid.washington.edu/516-robotics/final/install/kinova/bin'
[1.976s] Level 1:colcon.colcon_core.environment:checking '/home/mtaruno@netid.washington.edu/516-robotics/final/install/kinova/lib/pkgconfig/kinova.pc'
[1.977s] Level 1:colcon.colcon_core.environment:checking '/home/mtaruno@netid.washington.edu/516-robotics/final/install/kinova/lib/python3.10/site-packages'
[1.977s] Level 1:colcon.colcon_core.shell:create_environment_hook('kinova', 'pythonpath')
[1.977s] INFO:colcon.colcon_core.shell:Creating environment hook '/home/mtaruno@netid.washington.edu/516-robotics/final/install/kinova/share/kinova/hook/pythonpath.ps1'
[1.977s] INFO:colcon.colcon_core.shell:Creating environment descriptor '/home/mtaruno@netid.washington.edu/516-robotics/final/install/kinova/share/kinova/hook/pythonpath.dsv'
[1.978s] INFO:colcon.colcon_core.shell:Creating environment hook '/home/mtaruno@netid.washington.edu/516-robotics/final/install/kinova/share/kinova/hook/pythonpath.sh'
[1.978s] Level 1:colcon.colcon_core.environment:checking '/home/mtaruno@netid.washington.edu/516-robotics/final/install/kinova/bin'
[1.978s] Level 1:colcon.colcon_core.environment:create_environment_scripts_only(kinova)
[1.979s] INFO:colcon.colcon_core.shell:Creating package script '/home/mtaruno@netid.washington.edu/516-robotics/final/install/kinova/share/kinova/package.ps1'
[1.979s] INFO:colcon.colcon_core.shell:Creating package descriptor '/home/mtaruno@netid.washington.edu/516-robotics/final/install/kinova/share/kinova/package.dsv'
[1.980s] INFO:colcon.colcon_core.shell:Creating package script '/home/mtaruno@netid.washington.edu/516-robotics/final/install/kinova/share/kinova/package.sh'
[1.981s] INFO:colcon.colcon_core.shell:Creating package script '/home/mtaruno@netid.washington.edu/516-robotics/final/install/kinova/share/kinova/package.bash'
[1.981s] INFO:colcon.colcon_core.shell:Creating package script '/home/mtaruno@netid.washington.edu/516-robotics/final/install/kinova/share/kinova/package.zsh'
[1.982s] Level 1:colcon.colcon_core.environment:create_file_with_runtime_dependencies(/home/mtaruno@netid.washington.edu/516-robotics/final/install/kinova/share/colcon-core/packages/kinova)
[2.033s] Level 1:colcon.colcon_core.environment:checking '/home/mtaruno@netid.washington.edu/516-robotics/final/install/turtle' for CMake module files
[2.034s] DEBUG:colcon.colcon_core.event_handler.log_command:Invoked command in '/home/mtaruno@netid.washington.edu/516-robotics/final/src/turtle' returned '0': PYTHONPATH=/home/mtaruno@netid.washington.edu/516-robotics/final/build/turtle/prefix_override:/usr/lib/python3/dist-packages/colcon_core/task/python/colcon_distutils_commands:/home/mtaruno@netid.washington.edu/516-robotics/final/install/turtle/lib/python3.10/site-packages:${PYTHONPATH} /usr/bin/python3 -W ignore:setup.py install is deprecated -W ignore:easy_install command is deprecated setup.py egg_info --egg-base ../../build/turtle build --build-base /home/mtaruno@netid.washington.edu/516-robotics/final/build/turtle/build install --record /home/mtaruno@netid.washington.edu/516-robotics/final/build/turtle/install.log --single-version-externally-managed install_data
[2.035s] Level 1:colcon.colcon_core.environment:checking '/home/mtaruno@netid.washington.edu/516-robotics/final/install/turtle' for CMake config files
[2.035s] Level 1:colcon.colcon_core.environment:checking '/home/mtaruno@netid.washington.edu/516-robotics/final/install/turtle/lib'
[2.035s] Level 1:colcon.colcon_core.environment:checking '/home/mtaruno@netid.washington.edu/516-robotics/final/install/turtle/bin'
[2.036s] Level 1:colcon.colcon_core.environment:checking '/home/mtaruno@netid.washington.edu/516-robotics/final/install/turtle/lib/pkgconfig/turtle.pc'
[2.036s] Level 1:colcon.colcon_core.environment:checking '/home/mtaruno@netid.washington.edu/516-robotics/final/install/turtle/lib/python3.10/site-packages'
[2.036s] Level 1:colcon.colcon_core.shell:create_environment_hook('turtle', 'pythonpath')
[2.036s] INFO:colcon.colcon_core.shell:Creating environment hook '/home/mtaruno@netid.washington.edu/516-robotics/final/install/turtle/share/turtle/hook/pythonpath.ps1'
[2.037s] INFO:colcon.colcon_core.shell:Creating environment descriptor '/home/mtaruno@netid.washington.edu/516-robotics/final/install/turtle/share/turtle/hook/pythonpath.dsv'
[2.037s] INFO:colcon.colcon_core.shell:Creating environment hook '/home/mtaruno@netid.washington.edu/516-robotics/final/install/turtle/share/turtle/hook/pythonpath.sh'
[2.037s] Level 1:colcon.colcon_core.environment:checking '/home/mtaruno@netid.washington.edu/516-robotics/final/install/turtle/bin'
[2.038s] Level 1:colcon.colcon_core.environment:create_environment_scripts_only(turtle)
[2.038s] INFO:colcon.colcon_core.shell:Creating package script '/home/mtaruno@netid.washington.edu/516-robotics/final/install/turtle/share/turtle/package.ps1'
[2.038s] INFO:colcon.colcon_core.shell:Creating package descriptor '/home/mtaruno@netid.washington.edu/516-robotics/final/install/turtle/share/turtle/package.dsv'
[2.039s] INFO:colcon.colcon_core.shell:Creating package script '/home/mtaruno@netid.washington.edu/516-robotics/final/install/turtle/share/turtle/package.sh'
[2.039s] INFO:colcon.colcon_core.shell:Creating package script '/home/mtaruno@netid.washington.edu/516-robotics/final/install/turtle/share/turtle/package.bash'
[2.039s] INFO:colcon.colcon_core.shell:Creating package script '/home/mtaruno@netid.washington.edu/516-robotics/final/install/turtle/share/turtle/package.zsh'
[2.040s] Level 1:colcon.colcon_core.environment:create_file_with_runtime_dependencies(/home/mtaruno@netid.washington.edu/516-robotics/final/install/turtle/share/colcon-core/packages/turtle)
[2.040s] DEBUG:colcon.colcon_parallel_executor.executor.parallel:closing loop
[2.040s] DEBUG:colcon.colcon_parallel_executor.executor.parallel:loop closed
[2.040s] DEBUG:colcon.colcon_parallel_executor.executor.parallel:run_until_complete finished with '0'
[2.040s] DEBUG:colcon.colcon_core.event_reactor:joining thread
[2.048s] INFO:colcon.colcon_core.plugin_system:Skipping extension 'colcon_notification.desktop_notification.terminal_notifier': Not used on non-Darwin systems
[2.048s] INFO:colcon.colcon_core.plugin_system:Skipping extension 'colcon_notification.desktop_notification.win32': Not used on non-Windows systems
[2.048s] INFO:colcon.colcon_notification.desktop_notification:Sending desktop notification using 'notify2'
[2.059s] DEBUG:colcon.colcon_core.event_reactor:joined thread
[2.060s] INFO:colcon.colcon_core.shell:Creating prefix script '/home/mtaruno@netid.washington.edu/516-robotics/final/install/local_setup.ps1'
[2.061s] INFO:colcon.colcon_core.shell:Creating prefix util module '/home/mtaruno@netid.washington.edu/516-robotics/final/install/_local_setup_util_ps1.py'
[2.062s] INFO:colcon.colcon_core.shell:Creating prefix chain script '/home/mtaruno@netid.washington.edu/516-robotics/final/install/setup.ps1'
[2.068s] INFO:colcon.colcon_core.shell:Creating prefix script '/home/mtaruno@netid.washington.edu/516-robotics/final/install/local_setup.sh'
[2.068s] INFO:colcon.colcon_core.shell:Creating prefix util module '/home/mtaruno@netid.washington.edu/516-robotics/final/install/_local_setup_util_sh.py'
[2.069s] INFO:colcon.colcon_core.shell:Creating prefix chain script '/home/mtaruno@netid.washington.edu/516-robotics/final/install/setup.sh'
[2.075s] INFO:colcon.colcon_core.shell:Creating prefix script '/home/mtaruno@netid.washington.edu/516-robotics/final/install/local_setup.bash'
[2.075s] INFO:colcon.colcon_core.shell:Creating prefix chain script '/home/mtaruno@netid.washington.edu/516-robotics/final/install/setup.bash'
[2.080s] INFO:colcon.colcon_core.shell:Creating prefix script '/home/mtaruno@netid.washington.edu/516-robotics/final/install/local_setup.zsh'
[2.081s] INFO:colcon.colcon_core.shell:Creating prefix chain script '/home/mtaruno@netid.washington.edu/516-robotics/final/install/setup.zsh'
