[1.809s] Invoking command in '/home/mtaruno@netid.washington.edu/516-robotics/final/src/turtle': PYTHONPATH=/home/mtaruno@netid.washington.edu/516-robotics/final/build/turtle/prefix_override:/usr/lib/python3/dist-packages/colcon_core/task/python/colcon_distutils_commands:/home/mtaruno@netid.washington.edu/516-robotics/final/install/turtle/lib/python3.10/site-packages:${PYTHONPATH} /usr/bin/python3 -W ignore:setup.py install is deprecated -W ignore:easy_install command is deprecated setup.py egg_info --egg-base ../../build/turtle build --build-base /home/mtaruno@netid.washington.edu/516-robotics/final/build/turtle/build install --record /home/mtaruno@netid.washington.edu/516-robotics/final/build/turtle/install.log --single-version-externally-managed install_data
[2.288s] running egg_info
[2.290s] writing ../../build/turtle/turtle.egg-info/PKG-INFO
[2.290s] writing dependency_links to ../../build/turtle/turtle.egg-info/dependency_links.txt
[2.290s] writing entry points to ../../build/turtle/turtle.egg-info/entry_points.txt
[2.291s] writing requirements to ../../build/turtle/turtle.egg-info/requires.txt
[2.291s] writing top-level names to ../../build/turtle/turtle.egg-info/top_level.txt
[2.295s] reading manifest file '../../build/turtle/turtle.egg-info/SOURCES.txt'
[2.297s] writing manifest file '../../build/turtle/turtle.egg-info/SOURCES.txt'
[2.297s] running build
[2.297s] running build_py
[2.298s] running install
[2.299s] running install_lib
[2.302s] running install_data
[2.303s] running install_egg_info
[2.307s] removing '/home/mtaruno@netid.washington.edu/516-robotics/final/install/turtle/lib/python3.10/site-packages/turtle-0.0.0-py3.10.egg-info' (and everything under it)
[2.308s] Copying ../../build/turtle/turtle.egg-info to /home/mtaruno@netid.washington.edu/516-robotics/final/install/turtle/lib/python3.10/site-packages/turtle-0.0.0-py3.10.egg-info
[2.310s] running install_scripts
[2.346s] Installing basket script to /home/mtaruno@netid.washington.edu/516-robotics/final/install/turtle/lib/turtle
[2.346s] writing list of installed files to '/home/mtaruno@netid.washington.edu/516-robotics/final/build/turtle/install.log'
[2.395s] Invoked command in '/home/mtaruno@netid.washington.edu/516-robotics/final/src/turtle' returned '0': PYTHONPATH=/home/mtaruno@netid.washington.edu/516-robotics/final/build/turtle/prefix_override:/usr/lib/python3/dist-packages/colcon_core/task/python/colcon_distutils_commands:/home/mtaruno@netid.washington.edu/516-robotics/final/install/turtle/lib/python3.10/site-packages:${PYTHONPATH} /usr/bin/python3 -W ignore:setup.py install is deprecated -W ignore:easy_install command is deprecated setup.py egg_info --egg-base ../../build/turtle build --build-base /home/mtaruno@netid.washington.edu/516-robotics/final/build/turtle/build install --record /home/mtaruno@netid.washington.edu/516-robotics/final/build/turtle/install.log --single-version-externally-managed install_data
